#
# A fatal error has been detected by the Java Runtime Environment:
#
#  EXCEPTION_ACCESS_VIOLATION (0xc0000005) at pc=0x00007ffb083e3c00, pid=28332, tid=6416
#
# JRE version: OpenJDK Runtime Environment Temurin-17.0.5+8 (17.0.5+8) (build 17.0.5+8)
# Java VM: OpenJDK 64-Bit Server VM Temurin-17.0.5+8 (17.0.5+8, mixed mode, tiered, compressed oops, compressed class ptrs, g1 gc, windows-amd64)
# Problematic frame:
# C  [igxelpicd64.dll+0x13c00]
#
# No core dump will be written. Minidumps are not enabled by default on client versions of Windows
#
# If you would like to submit a bug report, please visit:
#   https://github.com/adoptium/adoptium-support/issues
# The crash happened outside the Java Virtual Machine in native code.
# See problematic frame for where to report the bug.
#

---------------  S U M M A R Y ------------

Command Line: -Dfile.encoding=UTF-8 -XX:+ShowCodeDetailsInExceptionMessages engine.GameLoop

Host: 12th Gen Intel(R) Core(TM) i7-12650H, 16 cores, 15G,  Windows 10 , 64 bit Build 19041 (10.0.19041.2546)
Time: Sun Mar 26 18:40:00 2023 Central Daylight Time elapsed time: 65.873646 seconds (0d 0h 1m 5s)

---------------  T H R E A D  ---------------

Current thread (0x00000172868f5b50):  JavaThread "main" [_thread_in_native, id=6416, stack(0x000000574ac00000,0x000000574ad00000)]

Stack: [0x000000574ac00000,0x000000574ad00000],  sp=0x000000574acfe550,  free space=1017k
Native frames: (J=compiled Java code, j=interpreted, Vv=VM code, C=native code)
C  [igxelpicd64.dll+0x13c00]

Java frames: (J=compiled Java code, j=interpreted, Vv=VM code)
J 1939  org.lwjgl.opengl.GL11C.nglTexImage2D(IIIIIIIIJ)V (0 bytes) @ 0x0000017293468ea4 [0x0000017293468e20+0x0000000000000084]
J 1938 c1 org.lwjgl.opengl.GL11C.glTexImage2D(IIIIIIIILjava/nio/ByteBuffer;)V (21 bytes) @ 0x000001728c243ec4 [0x000001728c243ce0+0x00000000000001e4]
J 1941 c1 org.lwjgl.opengl.GL11.glTexImage2D(IIIIIIIILjava/nio/ByteBuffer;)V (18 bytes) @ 0x000001728c24438c [0x000001728c244320+0x000000000000006c]
J 1012 c2 gl.GLTexture.setData(Ljava/awt/image/BufferedImage;III)V (303 bytes) @ 0x0000017293392edc [0x0000017293392640+0x000000000000089c]
J 1933 c1 gl.GLTexture.<init>(ILjava/awt/image/BufferedImage;)V (84 bytes) @ 0x000001728c241f0c [0x000001728c241bc0+0x000000000000034c]
j  engine.Sprite.genGLTextures()V+35
j  engine.Sprite.<init>(Lengine/Sprite;)V+130
J 1871 c1 gameObjects.ConnectFourGame$YouWin.frameEvent()V (298 bytes) @ 0x000001728c2262dc [0x000001728c225660+0x0000000000000c7c]
J 1841 c2 engine.ObjectHandler.callAll()V (141 bytes) @ 0x000001729345e0c0 [0x000001729345d9c0+0x0000000000000700]
J 1076% c2 engine.GameLoop.main([Ljava/lang/String;)V (136 bytes) @ 0x00000172933a8040 [0x00000172933a7fe0+0x0000000000000060]
v  ~StubRoutines::call_stub

siginfo: EXCEPTION_ACCESS_VIOLATION (0xc0000005), reading address 0x00000172b55e40c0


Register to memory mapping:

RIP=0x00007ffb083e3c00 igxelpicd64.dll
RAX=0x0000000000003661 is an unknown value
RBX=0x00000172da380000 points into unknown readable memory: 0x0000000000000000 | 00 00 00 00 00 00 00 00
RCX=0x0000000000003661 is an unknown value
RDX=0x00000172b55e40c0 is an unknown value
RSP=0x000000574acfe550 is pointing into the stack for thread: 0x00000172868f5b50
RBP=0x000000574acfe680 is pointing into the stack for thread: 0x00000172868f5b50
RSI=0x0 is NULL
RDI=0x00000172da533080 points into unknown readable memory: 0x0000000000000000 | 00 00 00 00 00 00 00 00
R8 =0x00000000001fa400 is an unknown value
R9 =0x0000000000003f48 is an unknown value
R10=0x0 is NULL
R11=0x000000574acfe5d0 is pointing into the stack for thread: 0x00000172868f5b50
R12=0x0 is NULL
R13=0x0000000000000001 is an unknown value
R14=0x000000574acfe760 is pointing into the stack for thread: 0x00000172868f5b50
R15=0x00007ffb09301b00 igxelpicd64.dll


Registers:
RAX=0x0000000000003661, RBX=0x00000172da380000, RCX=0x0000000000003661, RDX=0x00000172b55e40c0
RSP=0x000000574acfe550, RBP=0x000000574acfe680, RSI=0x0000000000000000, RDI=0x00000172da533080
R8 =0x00000000001fa400, R9 =0x0000000000003f48, R10=0x0000000000000000, R11=0x000000574acfe5d0
R12=0x0000000000000000, R13=0x0000000000000001, R14=0x000000574acfe760, R15=0x00007ffb09301b00
RIP=0x00007ffb083e3c00, EFLAGS=0x0000000000010293

Top of Stack: (sp=0x000000574acfe550)
0x000000574acfe550:   0000000000000000 0000000000000000
0x000000574acfe560:   0000000000000010 0000000000000000
0x000000574acfe570:   00000172b5431040 00007ffb08536af4
0x000000574acfe580:   00000172b5431040 000000574acfe680
0x000000574acfe590:   0000000000000000 0000000000000000
0x000000574acfe5a0:   00000172da380049 0000000000000001
0x000000574acfe5b0:   00000172b5431040 00000172b4901500
0x000000574acfe5c0:   00000172b49014e0 0000000000000002
0x000000574acfe5d0:   00007ffb08ec6910 00000172a91fd080
0x000000574acfe5e0:   0000021c000003c0 0000004900000000
0x000000574acfe5f0:   00000f0000000004 00000172b5431040
0x000000574acfe600:   00000004a9230049 0000017200000f00
0x000000574acfe610:   00000172da380000 00000172a9340930
0x000000574acfe620:   0000000000000000 00000172da380000
0x000000574acfe630:   0000000000000000 00000172a9231be0
0x000000574acfe640:   00000172a90622d0 00000000000003c0 

Instructions: (pc=0x00007ffb083e3c00)
0x00007ffb083e3b00:   c1 41 8b ca 4c 2b c0 0f 29 74 24 10 4d 8b c8 0f
0x00007ffb083e3b10:   29 3c 24 49 c1 e9 07 f6 c2 0f 0f 84 d4 00 00 00
0x00007ffb083e3b20:   4d 85 c9 74 6a 66 66 66 0f 1f 84 00 00 00 00 00
0x00007ffb083e3b30:   f3 0f 6f 02 ff c1 f3 0f 6f 4a 10 8b c1 f3 0f 6f
0x00007ffb083e3b40:   52 20 f3 0f 6f 5a 30 f3 0f 6f 62 40 f3 0f 6f 6a
0x00007ffb083e3b50:   50 f3 0f 6f 72 60 f3 0f 6f 7a 70 66 0f e7 07 66
0x00007ffb083e3b60:   0f e7 4f 10 66 0f e7 57 20 66 0f e7 5f 30 66 0f
0x00007ffb083e3b70:   e7 67 40 66 0f e7 6f 50 66 0f e7 77 60 66 0f e7
0x00007ffb083e3b80:   7f 70 48 83 ef 80 48 83 ea 80 49 3b c1 72 a1 41
0x00007ffb083e3b90:   83 e0 7f 0f 85 05 01 00 00 0f 28 74 24 10 0f 28
0x00007ffb083e3ba0:   3c 24 41 83 e0 0f 75 06 48 83 c4 20 5f c3 49 8b
0x00007ffb083e3bb0:   c8 45 8b ca 48 c1 e9 02 48 85 c9 74 17 8b 02 41
0x00007ffb083e3bc0:   ff c1 89 07 48 83 c2 04 48 83 c7 04 41 8b c1 48
0x00007ffb083e3bd0:   3b c1 72 e9 41 83 e0 03 76 ce 48 2b d7 0f b6 04
0x00007ffb083e3be0:   3a 41 ff c2 88 07 48 8d 7f 01 41 8b c2 49 3b c0
0x00007ffb083e3bf0:   72 eb eb b4 4d 85 c9 74 66 0f 1f 80 00 00 00 00
0x00007ffb083e3c00:   f3 0f 6f 02 ff c1 f3 0f 6f 4a 10 f3 0f 6f 52 20
0x00007ffb083e3c10:   f3 0f 6f 5a 30 f3 0f 6f 62 40 f3 0f 6f 6a 50 f3
0x00007ffb083e3c20:   0f 6f 72 60 f3 0f 6f 7a 70 48 83 ea 80 66 0f e7
0x00007ffb083e3c30:   07 66 0f e7 4f 10 66 0f e7 57 20 66 0f e7 5f 30
0x00007ffb083e3c40:   66 0f e7 67 40 66 0f e7 6f 50 66 0f e7 77 60 66
0x00007ffb083e3c50:   0f e7 7f 70 48 83 ef 80 8b c1 49 3b c1 72 a1 41
0x00007ffb083e3c60:   83 e0 7f 0f 84 30 ff ff ff 45 8b c8 41 8b ca 49
0x00007ffb083e3c70:   c1 e9 04 4d 85 c9 0f 84 1d ff ff ff 0f 1f 40 00
0x00007ffb083e3c80:   f3 0f 6f 02 ff c1 66 0f e7 07 48 83 c7 10 8b c1
0x00007ffb083e3c90:   48 83 c2 10 49 3b c1 72 e7 e9 fb fe ff ff 49 8b
0x00007ffb083e3ca0:   c8 45 8b ca 48 c1 e9 04 48 85 c9 0f 84 e8 fe ff
0x00007ffb083e3cb0:   ff f3 0f 6f 02 41 ff c1 48 83 c2 10 41 8b c1 66
0x00007ffb083e3cc0:   0f e7 07 48 83 c7 10 48 3b c1 72 e5 e9 c8 fe ff
0x00007ffb083e3cd0:   ff 66 0f 6f 0d 07 2d c2 00 b8 10 00 00 00 2b c1
0x00007ffb083e3ce0:   8b c8 b8 0f 00 00 00 2a c1 0f be c0 66 0f 6e c0
0x00007ffb083e3cf0:   66 0f 60 c0 66 0f 61 c0 66 0f 70 c0 00 66 0f 64 


Stack slot to memory mapping:
stack at sp + 0 slots: 0x0 is NULL
stack at sp + 1 slots: 0x0 is NULL
stack at sp + 2 slots: 0x0000000000000010 is an unknown value
stack at sp + 3 slots: 0x0 is NULL
stack at sp + 4 slots: 0x00000172b5431040 is an unknown value
stack at sp + 5 slots: 0x00007ffb08536af4 igxelpicd64.dll
stack at sp + 6 slots: 0x00000172b5431040 is an unknown value
stack at sp + 7 slots: 0x000000574acfe680 is pointing into the stack for thread: 0x00000172868f5b50


---------------  P R O C E S S  ---------------

Threads class SMR info:
_java_thread_list=0x00000172b4469950, length=16, elements={
0x00000172868f5b50, 0x00000172a88676a0, 0x00000172a886a660, 0x00000172a88b0290,
0x00000172a88b3c60, 0x00000172a88b4610, 0x00000172a88b4fc0, 0x00000172a88b69e0,
0x00000172a88b7480, 0x00000172a88e4ec0, 0x00000172a8a76540, 0x00000172a8a803f0,
0x00000172af8f3a40, 0x00000172b42fd070, 0x00000172b04afe10, 0x00000172af9b62f0
}

Java Threads: ( => current thread )
=>0x00000172868f5b50 JavaThread "main" [_thread_in_native, id=6416, stack(0x000000574ac00000,0x000000574ad00000)]
  0x00000172a88676a0 JavaThread "Reference Handler" daemon [_thread_blocked, id=12504, stack(0x000000574b300000,0x000000574b400000)]
  0x00000172a886a660 JavaThread "Finalizer" daemon [_thread_blocked, id=19740, stack(0x000000574b400000,0x000000574b500000)]
  0x00000172a88b0290 JavaThread "Signal Dispatcher" daemon [_thread_blocked, id=6928, stack(0x000000574b500000,0x000000574b600000)]
  0x00000172a88b3c60 JavaThread "Attach Listener" daemon [_thread_blocked, id=18332, stack(0x000000574b600000,0x000000574b700000)]
  0x00000172a88b4610 JavaThread "Service Thread" daemon [_thread_blocked, id=16520, stack(0x000000574b700000,0x000000574b800000)]
  0x00000172a88b4fc0 JavaThread "Monitor Deflation Thread" daemon [_thread_blocked, id=16828, stack(0x000000574b800000,0x000000574b900000)]
  0x00000172a88b69e0 JavaThread "C2 CompilerThread0" daemon [_thread_blocked, id=20800, stack(0x000000574b900000,0x000000574ba00000)]
  0x00000172a88b7480 JavaThread "C1 CompilerThread0" daemon [_thread_blocked, id=27276, stack(0x000000574ba00000,0x000000574bb00000)]
  0x00000172a88e4ec0 JavaThread "Sweeper thread" daemon [_thread_blocked, id=8220, stack(0x000000574bb00000,0x000000574bc00000)]
  0x00000172a8a76540 JavaThread "Notification Thread" daemon [_thread_blocked, id=7300, stack(0x000000574be00000,0x000000574bf00000)]
  0x00000172a8a803f0 JavaThread "Common-Cleaner" daemon [_thread_blocked, id=28492, stack(0x000000574c000000,0x000000574c100000)]
  0x00000172af8f3a40 JavaThread "Java2D Disposer" daemon [_thread_blocked, id=20984, stack(0x000000574c700000,0x000000574c800000)]
  0x00000172b42fd070 JavaThread "Media Resource Disposer" daemon [_thread_blocked, id=12180, stack(0x000000574d200000,0x000000574d300000)]
  0x00000172b04afe10 JavaThread "Thread-0" daemon [_thread_blocked, id=9704, stack(0x000000574d300000,0x000000574d400000)]
  0x00000172af9b62f0 JavaThread "JFXMedia Player EventQueueThread" daemon [_thread_blocked, id=21744, stack(0x000000574a900000,0x000000574aa00000)]

Other Threads:
  0x00000172a8860410 VMThread "VM Thread" [stack: 0x000000574b200000,0x000000574b300000] [id=28448]
  0x00000172a8a7a550 WatcherThread [stack: 0x000000574bf00000,0x000000574c000000] [id=18708]
  0x0000017286960cd0 GCTaskThread "GC Thread#0" [stack: 0x000000574ad00000,0x000000574ae00000] [id=17328]
  0x00000172afdc1080 GCTaskThread "GC Thread#1" [stack: 0x000000574ca00000,0x000000574cb00000] [id=20124]
  0x00000172afdc20a0 GCTaskThread "GC Thread#2" [stack: 0x000000574cb00000,0x000000574cc00000] [id=11496]
  0x00000172afdc1330 GCTaskThread "GC Thread#3" [stack: 0x000000574cc00000,0x000000574cd00000] [id=24804]
  0x00000172afdc2600 GCTaskThread "GC Thread#4" [stack: 0x000000574cd00000,0x000000574ce00000] [id=20324]
  0x00000172afdc2350 GCTaskThread "GC Thread#5" [stack: 0x000000574ce00000,0x000000574cf00000] [id=12420]
  0x00000172afdc28b0 GCTaskThread "GC Thread#6" [stack: 0x000000574cf00000,0x000000574d000000] [id=27840]
  0x00000172afdc15e0 GCTaskThread "GC Thread#7" [stack: 0x000000574d000000,0x000000574d100000] [id=24680]
  0x00000172afdc2b60 GCTaskThread "GC Thread#8" [stack: 0x000000574c100000,0x000000574c200000] [id=25416]
  0x00000172b00d4f70 GCTaskThread "GC Thread#9" [stack: 0x000000574bc00000,0x000000574bd00000] [id=21892]
  0x0000017286971620 ConcurrentGCThread "G1 Main Marker" [stack: 0x000000574ae00000,0x000000574af00000] [id=836]
  0x0000017286972030 ConcurrentGCThread "G1 Conc#0" [stack: 0x000000574af00000,0x000000574b000000] [id=25236]
  0x00000172869ad070 ConcurrentGCThread "G1 Refine#0" [stack: 0x000000574b000000,0x000000574b100000] [id=26972]
  0x00000172869ada90 ConcurrentGCThread "G1 Service" [stack: 0x000000574b100000,0x000000574b200000] [id=4068]

Threads with active compile tasks:

VM state: not at safepoint (normal execution)

VM Mutex/Monitor currently owned by a thread: None

Heap address: 0x0000000705e00000, size: 4002 MB, Compressed Oops mode: Zero based, Oop shift amount: 3

CDS archive(s) not mapped
Compressed class space mapped at: 0x0000000800000000-0x0000000840000000, reserved size: 1073741824
Narrow klass base: 0x0000000800000000, Narrow klass shift: 0, Narrow klass range: 0x40000000

GC Precious Log:
 CPUs: 16 total, 16 available
 Memory: 16005M
 Large Page Support: Disabled
 NUMA Support: Disabled
 Compressed Oops: Enabled (Zero based)
 Heap Region Size: 2M
 Heap Min Capacity: 8M
 Heap Initial Capacity: 252M
 Heap Max Capacity: 4002M
 Pre-touch: Disabled
 Parallel Workers: 13
 Concurrent Workers: 3
 Concurrent Refinement Workers: 13
 Periodic GC: Disabled

Heap:
 garbage-first heap   total 395264K, used 106059K [0x0000000705e00000, 0x0000000800000000)
  region size 2048K, 13 young (26624K), 1 survivors (2048K)
 Metaspace       used 16260K, committed 16448K, reserved 1064960K
  class space    used 1378K, committed 1472K, reserved 1048576K

Heap Regions: E=young(eden), S=young(survivor), O=old, HS=humongous(starts), HC=humongous(continues), CS=collection set, F=free, OA=open archive, CA=closed archive, TAMS=top-at-mark-start (previous, next)
|   0|0x0000000705e00000, 0x0000000706000000, 0x0000000706000000|100%| O|  |TAMS 0x0000000705e00000, 0x0000000706000000| Untracked 
|   1|0x0000000706000000, 0x0000000706200000, 0x0000000706200000|100%|HS|  |TAMS 0x0000000706000000, 0x0000000706000000| Complete 
|   2|0x0000000706200000, 0x0000000706200000, 0x0000000706400000|  0%| F|  |TAMS 0x0000000706200000, 0x0000000706200000| Untracked 
|   3|0x0000000706400000, 0x0000000706600000, 0x0000000706600000|100%|HS|  |TAMS 0x0000000706400000, 0x0000000706400000| Complete 
|   4|0x0000000706600000, 0x0000000706800000, 0x0000000706800000|100%|HS|  |TAMS 0x0000000706600000, 0x0000000706800000| Complete 
|   5|0x0000000706800000, 0x0000000706a00000, 0x0000000706a00000|100%|HS|  |TAMS 0x0000000706800000, 0x0000000706800000| Complete 
|   6|0x0000000706a00000, 0x0000000706a00000, 0x0000000706c00000|  0%| F|  |TAMS 0x0000000706a00000, 0x0000000706a00000| Untracked 
|   7|0x0000000706c00000, 0x0000000706c00000, 0x0000000706e00000|  0%| F|  |TAMS 0x0000000706c00000, 0x0000000706c00000| Untracked 
|   8|0x0000000706e00000, 0x0000000707000000, 0x0000000707000000|100%|HS|  |TAMS 0x0000000706e00000, 0x0000000706e00000| Complete 
|   9|0x0000000707000000, 0x0000000707000000, 0x0000000707200000|  0%| F|  |TAMS 0x0000000707000000, 0x0000000707000000| Untracked 
|  10|0x0000000707200000, 0x0000000707400000, 0x0000000707400000|100%|HS|  |TAMS 0x0000000707200000, 0x0000000707200000| Complete 
|  11|0x0000000707400000, 0x0000000707400000, 0x0000000707600000|  0%| F|  |TAMS 0x0000000707400000, 0x0000000707400000| Untracked 
|  12|0x0000000707600000, 0x0000000707600000, 0x0000000707800000|  0%| F|  |TAMS 0x0000000707600000, 0x0000000707600000| Untracked 
|  13|0x0000000707800000, 0x0000000707800000, 0x0000000707a00000|  0%| F|  |TAMS 0x0000000707800000, 0x0000000707800000| Untracked 
|  14|0x0000000707a00000, 0x0000000707a00000, 0x0000000707c00000|  0%| F|  |TAMS 0x0000000707a00000, 0x0000000707a00000| Untracked 
|  15|0x0000000707c00000, 0x0000000707c00000, 0x0000000707e00000|  0%| F|  |TAMS 0x0000000707c00000, 0x0000000707c00000| Untracked 
|  16|0x0000000707e00000, 0x0000000708000000, 0x0000000708000000|100%|HS|  |TAMS 0x0000000707e00000, 0x0000000708000000| Complete 
|  17|0x0000000708000000, 0x0000000708200000, 0x0000000708200000|100%|HC|  |TAMS 0x0000000708000000, 0x0000000708200000| Complete 
|  18|0x0000000708200000, 0x0000000708200000, 0x0000000708400000|  0%| F|  |TAMS 0x0000000708200000, 0x0000000708200000| Untracked 
|  19|0x0000000708400000, 0x0000000708400000, 0x0000000708600000|  0%| F|  |TAMS 0x0000000708400000, 0x0000000708400000| Untracked 
|  20|0x0000000708600000, 0x0000000708600000, 0x0000000708800000|  0%| F|  |TAMS 0x0000000708600000, 0x0000000708600000| Untracked 
|  21|0x0000000708800000, 0x0000000708800000, 0x0000000708a00000|  0%| F|  |TAMS 0x0000000708800000, 0x0000000708800000| Untracked 
|  22|0x0000000708a00000, 0x0000000708a00000, 0x0000000708c00000|  0%| F|  |TAMS 0x0000000708a00000, 0x0000000708a00000| Untracked 
|  23|0x0000000708c00000, 0x0000000708c00000, 0x0000000708e00000|  0%| F|  |TAMS 0x0000000708c00000, 0x0000000708c00000| Untracked 
|  24|0x0000000708e00000, 0x0000000708e00000, 0x0000000709000000|  0%| F|  |TAMS 0x0000000708e00000, 0x0000000708e00000| Untracked 
|  25|0x0000000709000000, 0x0000000709000000, 0x0000000709200000|  0%| F|  |TAMS 0x0000000709000000, 0x0000000709000000| Untracked 
|  26|0x0000000709200000, 0x0000000709200000, 0x0000000709400000|  0%| F|  |TAMS 0x0000000709200000, 0x0000000709200000| Untracked 
|  27|0x0000000709400000, 0x0000000709600000, 0x0000000709600000|100%| O|  |TAMS 0x0000000709400000, 0x0000000709600000| Untracked 
|  28|0x0000000709600000, 0x0000000709800000, 0x0000000709800000|100%| O|  |TAMS 0x0000000709600000, 0x0000000709800000| Untracked 
|  29|0x0000000709800000, 0x0000000709800000, 0x0000000709a00000|  0%| F|  |TAMS 0x0000000709800000, 0x0000000709800000| Untracked 
|  30|0x0000000709a00000, 0x0000000709a00000, 0x0000000709c00000|  0%| F|  |TAMS 0x0000000709a00000, 0x0000000709a00000| Untracked 
|  31|0x0000000709c00000, 0x0000000709c00000, 0x0000000709e00000|  0%| F|  |TAMS 0x0000000709c00000, 0x0000000709c00000| Untracked 
|  32|0x0000000709e00000, 0x0000000709e00000, 0x000000070a000000|  0%| F|  |TAMS 0x0000000709e00000, 0x0000000709e00000| Untracked 
|  33|0x000000070a000000, 0x000000070a000000, 0x000000070a200000|  0%| F|  |TAMS 0x000000070a000000, 0x000000070a000000| Untracked 
|  34|0x000000070a200000, 0x000000070a200000, 0x000000070a400000|  0%| F|  |TAMS 0x000000070a200000, 0x000000070a200000| Untracked 
|  35|0x000000070a400000, 0x000000070a400000, 0x000000070a600000|  0%| F|  |TAMS 0x000000070a400000, 0x000000070a400000| Untracked 
|  36|0x000000070a600000, 0x000000070a600000, 0x000000070a800000|  0%| F|  |TAMS 0x000000070a600000, 0x000000070a600000| Untracked 
|  37|0x000000070a800000, 0x000000070a800000, 0x000000070aa00000|  0%| F|  |TAMS 0x000000070a800000, 0x000000070a800000| Untracked 
|  38|0x000000070aa00000, 0x000000070aa00000, 0x000000070ac00000|  0%| F|  |TAMS 0x000000070aa00000, 0x000000070aa00000| Untracked 
|  39|0x000000070ac00000, 0x000000070ac00000, 0x000000070ae00000|  0%| F|  |TAMS 0x000000070ac00000, 0x000000070ac00000| Untracked 
|  40|0x000000070ae00000, 0x000000070ae00000, 0x000000070b000000|  0%| F|  |TAMS 0x000000070ae00000, 0x000000070ae00000| Untracked 
|  41|0x000000070b000000, 0x000000070b200000, 0x000000070b200000|100%|HS|  |TAMS 0x000000070b000000, 0x000000070b200000| Complete 
|  42|0x000000070b200000, 0x000000070b200000, 0x000000070b400000|  0%| F|  |TAMS 0x000000070b200000, 0x000000070b200000| Untracked 
|  43|0x000000070b400000, 0x000000070b400000, 0x000000070b600000|  0%| F|  |TAMS 0x000000070b400000, 0x000000070b400000| Untracked 
|  44|0x000000070b600000, 0x000000070b600000, 0x000000070b800000|  0%| F|  |TAMS 0x000000070b600000, 0x000000070b600000| Untracked 
|  45|0x000000070b800000, 0x000000070b800000, 0x000000070ba00000|  0%| F|  |TAMS 0x000000070b800000, 0x000000070b800000| Untracked 
|  46|0x000000070ba00000, 0x000000070ba00000, 0x000000070bc00000|  0%| F|  |TAMS 0x000000070ba00000, 0x000000070ba00000| Untracked 
|  47|0x000000070bc00000, 0x000000070be00000, 0x000000070be00000|100%|HS|  |TAMS 0x000000070bc00000, 0x000000070be00000| Complete 
|  48|0x000000070be00000, 0x000000070be00000, 0x000000070c000000|  0%| F|  |TAMS 0x000000070be00000, 0x000000070be00000| Untracked 
|  49|0x000000070c000000, 0x000000070c000000, 0x000000070c200000|  0%| F|  |TAMS 0x000000070c000000, 0x000000070c000000| Untracked 
|  50|0x000000070c200000, 0x000000070c33ae50, 0x000000070c400000| 61%| S|CS|TAMS 0x000000070c200000, 0x000000070c200000| Complete 
|  51|0x000000070c400000, 0x000000070c400000, 0x000000070c600000|  0%| F|  |TAMS 0x000000070c400000, 0x000000070c400000| Untracked 
|  52|0x000000070c600000, 0x000000070c600000, 0x000000070c800000|  0%| F|  |TAMS 0x000000070c600000, 0x000000070c600000| Untracked 
|  53|0x000000070c800000, 0x000000070c800000, 0x000000070ca00000|  0%| F|  |TAMS 0x000000070c800000, 0x000000070c800000| Untracked 
|  54|0x000000070ca00000, 0x000000070ca00000, 0x000000070cc00000|  0%| F|  |TAMS 0x000000070ca00000, 0x000000070ca00000| Untracked 
|  55|0x000000070cc00000, 0x000000070cc00000, 0x000000070ce00000|  0%| F|  |TAMS 0x000000070cc00000, 0x000000070cc00000| Untracked 
|  56|0x000000070ce00000, 0x000000070ce00000, 0x000000070d000000|  0%| F|  |TAMS 0x000000070ce00000, 0x000000070ce00000| Untracked 
|  57|0x000000070d000000, 0x000000070d000000, 0x000000070d200000|  0%| F|  |TAMS 0x000000070d000000, 0x000000070d000000| Untracked 
|  58|0x000000070d200000, 0x000000070d200000, 0x000000070d400000|  0%| F|  |TAMS 0x000000070d200000, 0x000000070d200000| Untracked 
|  59|0x000000070d400000, 0x000000070d400000, 0x000000070d600000|  0%| F|  |TAMS 0x000000070d400000, 0x000000070d400000| Untracked 
|  60|0x000000070d600000, 0x000000070d658000, 0x000000070d800000| 17%| O|  |TAMS 0x000000070d600000, 0x000000070d62ce00| Untracked 
|  61|0x000000070d800000, 0x000000070da00000, 0x000000070da00000|100%| O|  |TAMS 0x000000070d800000, 0x000000070da00000| Untracked 
|  62|0x000000070da00000, 0x000000070da00000, 0x000000070dc00000|  0%| F|  |TAMS 0x000000070da00000, 0x000000070da00000| Untracked 
|  63|0x000000070dc00000, 0x000000070dc00000, 0x000000070de00000|  0%| F|  |TAMS 0x000000070dc00000, 0x000000070dc00000| Untracked 
|  64|0x000000070de00000, 0x000000070de00000, 0x000000070e000000|  0%| F|  |TAMS 0x000000070de00000, 0x000000070de00000| Untracked 
|  65|0x000000070e000000, 0x000000070e000000, 0x000000070e200000|  0%| F|  |TAMS 0x000000070e000000, 0x000000070e000000| Untracked 
|  66|0x000000070e200000, 0x000000070e200000, 0x000000070e400000|  0%| F|  |TAMS 0x000000070e200000, 0x000000070e200000| Untracked 
|  67|0x000000070e400000, 0x000000070e400000, 0x000000070e600000|  0%| F|  |TAMS 0x000000070e400000, 0x000000070e400000| Untracked 
|  68|0x000000070e600000, 0x000000070e600000, 0x000000070e800000|  0%| F|  |TAMS 0x000000070e600000, 0x000000070e600000| Untracked 
|  69|0x000000070e800000, 0x000000070e800000, 0x000000070ea00000|  0%| F|  |TAMS 0x000000070e800000, 0x000000070e800000| Untracked 
|  70|0x000000070ea00000, 0x000000070ea00000, 0x000000070ec00000|  0%| F|  |TAMS 0x000000070ea00000, 0x000000070ea00000| Untracked 
|  71|0x000000070ec00000, 0x000000070ec00000, 0x000000070ee00000|  0%| F|  |TAMS 0x000000070ec00000, 0x000000070ec00000| Untracked 
|  72|0x000000070ee00000, 0x000000070ee00000, 0x000000070f000000|  0%| F|  |TAMS 0x000000070ee00000, 0x000000070ee00000| Untracked 
|  73|0x000000070f000000, 0x000000070f000000, 0x000000070f200000|  0%| F|  |TAMS 0x000000070f000000, 0x000000070f000000| Untracked 
|  74|0x000000070f200000, 0x000000070f200000, 0x000000070f400000|  0%| F|  |TAMS 0x000000070f200000, 0x000000070f200000| Untracked 
|  75|0x000000070f400000, 0x000000070f400000, 0x000000070f600000|  0%| F|  |TAMS 0x000000070f400000, 0x000000070f400000| Untracked 
|  76|0x000000070f600000, 0x000000070f600000, 0x000000070f800000|  0%| F|  |TAMS 0x000000070f600000, 0x000000070f600000| Untracked 
|  77|0x000000070f800000, 0x000000070f800000, 0x000000070fa00000|  0%| F|  |TAMS 0x000000070f800000, 0x000000070f800000| Untracked 
|  78|0x000000070fa00000, 0x000000070fa00000, 0x000000070fc00000|  0%| F|  |TAMS 0x000000070fa00000, 0x000000070fa00000| Untracked 
|  79|0x000000070fc00000, 0x000000070fc00000, 0x000000070fe00000|  0%| F|  |TAMS 0x000000070fc00000, 0x000000070fc00000| Untracked 
|  80|0x000000070fe00000, 0x000000070fe00000, 0x0000000710000000|  0%| F|  |TAMS 0x000000070fe00000, 0x000000070fe00000| Untracked 
|  81|0x0000000710000000, 0x0000000710000000, 0x0000000710200000|  0%| F|  |TAMS 0x0000000710000000, 0x0000000710000000| Untracked 
|  82|0x0000000710200000, 0x0000000710200000, 0x0000000710400000|  0%| F|  |TAMS 0x0000000710200000, 0x0000000710200000| Untracked 
|  83|0x0000000710400000, 0x0000000710400000, 0x0000000710600000|  0%| F|  |TAMS 0x0000000710400000, 0x0000000710400000| Untracked 
|  84|0x0000000710600000, 0x0000000710600000, 0x0000000710800000|  0%| F|  |TAMS 0x0000000710600000, 0x0000000710600000| Untracked 
|  85|0x0000000710800000, 0x0000000710800000, 0x0000000710a00000|  0%| F|  |TAMS 0x0000000710800000, 0x0000000710800000| Untracked 
|  86|0x0000000710a00000, 0x0000000710a00000, 0x0000000710c00000|  0%| F|  |TAMS 0x0000000710a00000, 0x0000000710a00000| Untracked 
|  87|0x0000000710c00000, 0x0000000710c00000, 0x0000000710e00000|  0%| F|  |TAMS 0x0000000710c00000, 0x0000000710c00000| Untracked 
|  88|0x0000000710e00000, 0x0000000711000000, 0x0000000711000000|100%|HS|  |TAMS 0x0000000710e00000, 0x0000000711000000| Complete 
|  89|0x0000000711000000, 0x0000000711200000, 0x0000000711200000|100%|HC|  |TAMS 0x0000000711000000, 0x0000000711200000| Complete 
|  90|0x0000000711200000, 0x0000000711400000, 0x0000000711400000|100%|HC|  |TAMS 0x0000000711200000, 0x0000000711400000| Complete 
|  91|0x0000000711400000, 0x0000000711600000, 0x0000000711600000|100%|HC|  |TAMS 0x0000000711400000, 0x0000000711600000| Complete 
|  92|0x0000000711600000, 0x0000000711800000, 0x0000000711800000|100%|HC|  |TAMS 0x0000000711600000, 0x0000000711800000| Complete 
|  93|0x0000000711800000, 0x0000000711a00000, 0x0000000711a00000|100%|HC|  |TAMS 0x0000000711800000, 0x0000000711a00000| Complete 
|  94|0x0000000711a00000, 0x0000000711c00000, 0x0000000711c00000|100%|HC|  |TAMS 0x0000000711a00000, 0x0000000711c00000| Complete 
|  95|0x0000000711c00000, 0x0000000711e00000, 0x0000000711e00000|100%|HC|  |TAMS 0x0000000711c00000, 0x0000000711e00000| Complete 
|  96|0x0000000711e00000, 0x0000000712000000, 0x0000000712000000|100%|HC|  |TAMS 0x0000000711e00000, 0x0000000712000000| Complete 
|  97|0x0000000712000000, 0x0000000712200000, 0x0000000712200000|100%|HC|  |TAMS 0x0000000712000000, 0x0000000712200000| Complete 
|  98|0x0000000712200000, 0x0000000712400000, 0x0000000712400000|100%|HC|  |TAMS 0x0000000712200000, 0x0000000712400000| Complete 
|  99|0x0000000712400000, 0x0000000712600000, 0x0000000712600000|100%|HC|  |TAMS 0x0000000712400000, 0x0000000712600000| Complete 
| 100|0x0000000712600000, 0x0000000712800000, 0x0000000712800000|100%|HC|  |TAMS 0x0000000712600000, 0x0000000712800000| Complete 
| 101|0x0000000712800000, 0x0000000712a00000, 0x0000000712a00000|100%|HC|  |TAMS 0x0000000712800000, 0x0000000712a00000| Complete 
| 102|0x0000000712a00000, 0x0000000712c00000, 0x0000000712c00000|100%|HC|  |TAMS 0x0000000712a00000, 0x0000000712c00000| Complete 
| 103|0x0000000712c00000, 0x0000000712e00000, 0x0000000712e00000|100%|HC|  |TAMS 0x0000000712c00000, 0x0000000712e00000| Complete 
| 104|0x0000000712e00000, 0x0000000713000000, 0x0000000713000000|100%|HC|  |TAMS 0x0000000712e00000, 0x0000000713000000| Complete 
| 105|0x0000000713000000, 0x0000000713200000, 0x0000000713200000|100%|HC|  |TAMS 0x0000000713000000, 0x0000000713200000| Complete 
| 106|0x0000000713200000, 0x0000000713400000, 0x0000000713400000|100%|HC|  |TAMS 0x0000000713200000, 0x0000000713400000| Complete 
| 107|0x0000000713400000, 0x0000000713600000, 0x0000000713600000|100%|HC|  |TAMS 0x0000000713400000, 0x0000000713600000| Complete 
| 108|0x0000000713600000, 0x0000000713800000, 0x0000000713800000|100%|HC|  |TAMS 0x0000000713600000, 0x0000000713800000| Complete 
| 109|0x0000000713800000, 0x0000000713a00000, 0x0000000713a00000|100%|HC|  |TAMS 0x0000000713800000, 0x0000000713a00000| Complete 
| 110|0x0000000713a00000, 0x0000000713c00000, 0x0000000713c00000|100%|HC|  |TAMS 0x0000000713a00000, 0x0000000713c00000| Complete 
| 111|0x0000000713c00000, 0x0000000713e00000, 0x0000000713e00000|100%|HC|  |TAMS 0x0000000713c00000, 0x0000000713e00000| Complete 
| 112|0x0000000713e00000, 0x0000000714000000, 0x0000000714000000|100%|HC|  |TAMS 0x0000000713e00000, 0x0000000714000000| Complete 
| 113|0x0000000714000000, 0x0000000714200000, 0x0000000714200000|100%|HC|  |TAMS 0x0000000714000000, 0x0000000714200000| Complete 
| 114|0x0000000714200000, 0x0000000714200000, 0x0000000714400000|  0%| F|  |TAMS 0x0000000714200000, 0x0000000714200000| Untracked 
| 115|0x0000000714400000, 0x0000000714400000, 0x0000000714600000|  0%| F|  |TAMS 0x0000000714400000, 0x0000000714400000| Untracked 
| 116|0x0000000714600000, 0x0000000714600000, 0x0000000714800000|  0%| F|  |TAMS 0x0000000714600000, 0x0000000714600000| Untracked 
| 117|0x0000000714800000, 0x0000000714800000, 0x0000000714a00000|  0%| F|  |TAMS 0x0000000714800000, 0x0000000714800000| Untracked 
| 118|0x0000000714a00000, 0x0000000714a00000, 0x0000000714c00000|  0%| F|  |TAMS 0x0000000714a00000, 0x0000000714a00000| Untracked 
| 119|0x0000000714c00000, 0x0000000714c00000, 0x0000000714e00000|  0%| F|  |TAMS 0x0000000714c00000, 0x0000000714c00000| Untracked 
| 120|0x0000000714e00000, 0x0000000714e00000, 0x0000000715000000|  0%| F|  |TAMS 0x0000000714e00000, 0x0000000714e00000| Untracked 
| 121|0x0000000715000000, 0x0000000715000000, 0x0000000715200000|  0%| F|  |TAMS 0x0000000715000000, 0x0000000715000000| Untracked 
| 122|0x0000000715200000, 0x0000000715200000, 0x0000000715400000|  0%| F|  |TAMS 0x0000000715200000, 0x0000000715200000| Untracked 
| 123|0x0000000715400000, 0x0000000715400000, 0x0000000715600000|  0%| F|  |TAMS 0x0000000715400000, 0x0000000715400000| Untracked 
| 124|0x0000000715600000, 0x0000000715600000, 0x0000000715800000|  0%| F|  |TAMS 0x0000000715600000, 0x0000000715600000| Untracked 
| 125|0x0000000715800000, 0x0000000715800000, 0x0000000715a00000|  0%| F|  |TAMS 0x0000000715800000, 0x0000000715800000| Untracked 
| 126|0x0000000715a00000, 0x0000000715a00000, 0x0000000715c00000|  0%| F|  |TAMS 0x0000000715a00000, 0x0000000715a00000| Untracked 
| 127|0x0000000715c00000, 0x0000000715c00000, 0x0000000715e00000|  0%| F|  |TAMS 0x0000000715c00000, 0x0000000715c00000| Untracked 
| 128|0x0000000715e00000, 0x0000000715e00000, 0x0000000716000000|  0%| F|  |TAMS 0x0000000715e00000, 0x0000000715e00000| Untracked 
| 129|0x0000000716000000, 0x0000000716000000, 0x0000000716200000|  0%| F|  |TAMS 0x0000000716000000, 0x0000000716000000| Untracked 
| 130|0x0000000716200000, 0x0000000716200000, 0x0000000716400000|  0%| F|  |TAMS 0x0000000716200000, 0x0000000716200000| Untracked 
| 131|0x0000000716400000, 0x0000000716400000, 0x0000000716600000|  0%| F|  |TAMS 0x0000000716400000, 0x0000000716400000| Untracked 
| 132|0x0000000716600000, 0x0000000716600000, 0x0000000716800000|  0%| F|  |TAMS 0x0000000716600000, 0x0000000716600000| Untracked 
| 133|0x0000000716800000, 0x0000000716800000, 0x0000000716a00000|  0%| F|  |TAMS 0x0000000716800000, 0x0000000716800000| Untracked 
| 134|0x0000000716a00000, 0x0000000716a00000, 0x0000000716c00000|  0%| F|  |TAMS 0x0000000716a00000, 0x0000000716a00000| Untracked 
| 135|0x0000000716c00000, 0x0000000716c00000, 0x0000000716e00000|  0%| F|  |TAMS 0x0000000716c00000, 0x0000000716c00000| Untracked 
| 136|0x0000000716e00000, 0x0000000716e00000, 0x0000000717000000|  0%| F|  |TAMS 0x0000000716e00000, 0x0000000716e00000| Untracked 
| 137|0x0000000717000000, 0x0000000717000000, 0x0000000717200000|  0%| F|  |TAMS 0x0000000717000000, 0x0000000717000000| Untracked 
| 138|0x0000000717200000, 0x0000000717200000, 0x0000000717400000|  0%| F|  |TAMS 0x0000000717200000, 0x0000000717200000| Untracked 
| 139|0x0000000717400000, 0x0000000717400000, 0x0000000717600000|  0%| F|  |TAMS 0x0000000717400000, 0x0000000717400000| Untracked 
| 140|0x0000000717600000, 0x0000000717600000, 0x0000000717800000|  0%| F|  |TAMS 0x0000000717600000, 0x0000000717600000| Untracked 
| 141|0x0000000717800000, 0x0000000717800000, 0x0000000717a00000|  0%| F|  |TAMS 0x0000000717800000, 0x0000000717800000| Untracked 
| 142|0x0000000717a00000, 0x0000000717a00000, 0x0000000717c00000|  0%| F|  |TAMS 0x0000000717a00000, 0x0000000717a00000| Untracked 
| 143|0x0000000717c00000, 0x0000000717c00000, 0x0000000717e00000|  0%| F|  |TAMS 0x0000000717c00000, 0x0000000717c00000| Untracked 
| 144|0x0000000717e00000, 0x0000000717e00000, 0x0000000718000000|  0%| F|  |TAMS 0x0000000717e00000, 0x0000000717e00000| Untracked 
| 145|0x0000000718000000, 0x0000000718000000, 0x0000000718200000|  0%| F|  |TAMS 0x0000000718000000, 0x0000000718000000| Untracked 
| 146|0x0000000718200000, 0x0000000718200000, 0x0000000718400000|  0%| F|  |TAMS 0x0000000718200000, 0x0000000718200000| Untracked 
| 147|0x0000000718400000, 0x0000000718400000, 0x0000000718600000|  0%| F|  |TAMS 0x0000000718400000, 0x0000000718400000| Untracked 
| 148|0x0000000718600000, 0x0000000718600000, 0x0000000718800000|  0%| F|  |TAMS 0x0000000718600000, 0x0000000718600000| Untracked 
| 149|0x0000000718800000, 0x0000000718800000, 0x0000000718a00000|  0%| F|  |TAMS 0x0000000718800000, 0x0000000718800000| Untracked 
| 150|0x0000000718a00000, 0x0000000718a00000, 0x0000000718c00000|  0%| F|  |TAMS 0x0000000718a00000, 0x0000000718a00000| Untracked 
| 151|0x0000000718c00000, 0x0000000718c00000, 0x0000000718e00000|  0%| F|  |TAMS 0x0000000718c00000, 0x0000000718c00000| Untracked 
| 152|0x0000000718e00000, 0x0000000718e00000, 0x0000000719000000|  0%| F|  |TAMS 0x0000000718e00000, 0x0000000718e00000| Untracked 
| 153|0x0000000719000000, 0x0000000719000000, 0x0000000719200000|  0%| F|  |TAMS 0x0000000719000000, 0x0000000719000000| Untracked 
| 154|0x0000000719200000, 0x0000000719200000, 0x0000000719400000|  0%| F|  |TAMS 0x0000000719200000, 0x0000000719200000| Untracked 
| 155|0x0000000719400000, 0x0000000719400000, 0x0000000719600000|  0%| F|  |TAMS 0x0000000719400000, 0x0000000719400000| Untracked 
| 156|0x0000000719600000, 0x0000000719600000, 0x0000000719800000|  0%| F|  |TAMS 0x0000000719600000, 0x0000000719600000| Untracked 
| 157|0x0000000719800000, 0x0000000719800000, 0x0000000719a00000|  0%| F|  |TAMS 0x0000000719800000, 0x0000000719800000| Untracked 
| 158|0x0000000719a00000, 0x0000000719a00000, 0x0000000719c00000|  0%| F|  |TAMS 0x0000000719a00000, 0x0000000719a00000| Untracked 
| 159|0x0000000719c00000, 0x0000000719c00000, 0x0000000719e00000|  0%| F|  |TAMS 0x0000000719c00000, 0x0000000719c00000| Untracked 
| 160|0x0000000719e00000, 0x0000000719e00000, 0x000000071a000000|  0%| F|  |TAMS 0x0000000719e00000, 0x0000000719e00000| Untracked 
| 161|0x000000071a000000, 0x000000071a000000, 0x000000071a200000|  0%| F|  |TAMS 0x000000071a000000, 0x000000071a000000| Untracked 
| 162|0x000000071a200000, 0x000000071a200000, 0x000000071a400000|  0%| F|  |TAMS 0x000000071a200000, 0x000000071a200000| Untracked 
| 163|0x000000071a400000, 0x000000071a400000, 0x000000071a600000|  0%| F|  |TAMS 0x000000071a400000, 0x000000071a400000| Untracked 
| 164|0x000000071a600000, 0x000000071a600000, 0x000000071a800000|  0%| F|  |TAMS 0x000000071a600000, 0x000000071a600000| Untracked 
| 165|0x000000071a800000, 0x000000071a800000, 0x000000071aa00000|  0%| F|  |TAMS 0x000000071a800000, 0x000000071a800000| Untracked 
| 166|0x000000071aa00000, 0x000000071aa00000, 0x000000071ac00000|  0%| F|  |TAMS 0x000000071aa00000, 0x000000071aa00000| Untracked 
| 167|0x000000071ac00000, 0x000000071ac00000, 0x000000071ae00000|  0%| F|  |TAMS 0x000000071ac00000, 0x000000071ac00000| Untracked 
| 168|0x000000071ae00000, 0x000000071ae00000, 0x000000071b000000|  0%| F|  |TAMS 0x000000071ae00000, 0x000000071ae00000| Untracked 
| 169|0x000000071b000000, 0x000000071b000000, 0x000000071b200000|  0%| F|  |TAMS 0x000000071b000000, 0x000000071b000000| Untracked 
| 170|0x000000071b200000, 0x000000071b200000, 0x000000071b400000|  0%| F|  |TAMS 0x000000071b200000, 0x000000071b200000| Untracked 
| 171|0x000000071b400000, 0x000000071b400000, 0x000000071b600000|  0%| F|  |TAMS 0x000000071b400000, 0x000000071b400000| Untracked 
| 172|0x000000071b600000, 0x000000071b600000, 0x000000071b800000|  0%| F|  |TAMS 0x000000071b600000, 0x000000071b600000| Untracked 
| 173|0x000000071b800000, 0x000000071b800000, 0x000000071ba00000|  0%| F|  |TAMS 0x000000071b800000, 0x000000071b800000| Untracked 
| 174|0x000000071ba00000, 0x000000071ba00000, 0x000000071bc00000|  0%| F|  |TAMS 0x000000071ba00000, 0x000000071ba00000| Untracked 
| 175|0x000000071bc00000, 0x000000071bc00000, 0x000000071be00000|  0%| F|  |TAMS 0x000000071bc00000, 0x000000071bc00000| Untracked 
| 176|0x000000071be00000, 0x000000071be00000, 0x000000071c000000|  0%| F|  |TAMS 0x000000071be00000, 0x000000071be00000| Untracked 
| 177|0x000000071c000000, 0x000000071c000000, 0x000000071c200000|  0%| F|  |TAMS 0x000000071c000000, 0x000000071c000000| Untracked 
| 178|0x000000071c200000, 0x000000071c200000, 0x000000071c400000|  0%| F|  |TAMS 0x000000071c200000, 0x000000071c200000| Untracked 
| 179|0x000000071c400000, 0x000000071c400000, 0x000000071c600000|  0%| F|  |TAMS 0x000000071c400000, 0x000000071c400000| Untracked 
| 180|0x000000071c600000, 0x000000071c600000, 0x000000071c800000|  0%| F|  |TAMS 0x000000071c600000, 0x000000071c600000| Untracked 
| 181|0x000000071c800000, 0x000000071c800800, 0x000000071ca00000|  0%| E|  |TAMS 0x000000071c800000, 0x000000071c800000| Complete 
| 182|0x000000071ca00000, 0x000000071cc00000, 0x000000071cc00000|100%| E|CS|TAMS 0x000000071ca00000, 0x000000071ca00000| Complete 
| 183|0x000000071cc00000, 0x000000071ce00000, 0x000000071ce00000|100%| E|CS|TAMS 0x000000071cc00000, 0x000000071cc00000| Complete 
| 184|0x000000071ce00000, 0x000000071d000000, 0x000000071d000000|100%| E|CS|TAMS 0x000000071ce00000, 0x000000071ce00000| Complete 
| 185|0x000000071d000000, 0x000000071d200000, 0x000000071d200000|100%| E|CS|TAMS 0x000000071d000000, 0x000000071d000000| Complete 
| 186|0x000000071d200000, 0x000000071d400000, 0x000000071d400000|100%| E|CS|TAMS 0x000000071d200000, 0x000000071d200000| Complete 
| 187|0x000000071d400000, 0x000000071d600000, 0x000000071d600000|100%| E|CS|TAMS 0x000000071d400000, 0x000000071d400000| Complete 
| 188|0x000000071d600000, 0x000000071d800000, 0x000000071d800000|100%| E|CS|TAMS 0x000000071d600000, 0x000000071d600000| Complete 
| 189|0x000000071d800000, 0x000000071da00000, 0x000000071da00000|100%| E|CS|TAMS 0x000000071d800000, 0x000000071d800000| Complete 
| 190|0x000000071da00000, 0x000000071dc00000, 0x000000071dc00000|100%| E|CS|TAMS 0x000000071da00000, 0x000000071da00000| Complete 
| 191|0x000000071dc00000, 0x000000071de00000, 0x000000071de00000|100%| E|CS|TAMS 0x000000071dc00000, 0x000000071dc00000| Complete 
| 192|0x000000071de00000, 0x000000071e000000, 0x000000071e000000|100%| E|CS|TAMS 0x000000071de00000, 0x000000071de00000| Complete 

Card table byte_map: [0x000001729bf30000,0x000001729c710000] _byte_map_base: 0x0000017298701000

Marking Bits (Prev, Next): (CMBitMap*) 0x00000172869612e0, (CMBitMap*) 0x0000017286961320
 Prev Bits: [0x000001729cef0000, 0x00000172a0d78000)
 Next Bits: [0x00000172a0d80000, 0x00000172a4c08000)

Polling page: 0x00000172869c0000

Metaspace:

Usage:
  Non-class:     14.53 MB used.
      Class:      1.35 MB used.
       Both:     15.88 MB used.

Virtual space:
  Non-class space:       16.00 MB reserved,      14.62 MB ( 91%) committed,  2 nodes.
      Class space:        1.00 GB reserved,       1.44 MB ( <1%) committed,  1 nodes.
             Both:        1.02 GB reserved,      16.06 MB (  2%) committed. 

Chunk freelists:
   Non-Class:  813.00 KB
       Class:  2.58 MB
        Both:  3.37 MB

MaxMetaspaceSize: unlimited
CompressedClassSpaceSize: 1.00 GB
Initial GC threshold: 21.00 MB
Current GC threshold: 21.00 MB
CDS: off
MetaspaceReclaimPolicy: balanced
 - commit_granule_bytes: 65536.
 - commit_granule_words: 8192.
 - virtual_space_node_default_size: 1048576.
 - enlarge_chunks_in_place: 1.
 - new_chunks_are_fully_committed: 0.
 - uncommit_free_chunks: 1.
 - use_allocation_guard: 0.
 - handle_deallocations: 1.


Internal statistics:

num_allocs_failed_limit: 0.
num_arena_births: 120.
num_arena_deaths: 0.
num_vsnodes_births: 3.
num_vsnodes_deaths: 0.
num_space_committed: 255.
num_space_uncommitted: 0.
num_chunks_returned_to_freelist: 0.
num_chunks_taken_from_freelist: 296.
num_chunk_merges: 0.
num_chunk_splits: 188.
num_chunks_enlarged: 125.
num_purges: 0.
num_inconsistent_stats: 0.

CodeHeap 'non-profiled nmethods': size=119168Kb used=1201Kb max_used=1201Kb free=117967Kb
 bounds [0x0000017293340000, 0x00000172935b0000, 0x000001729a7a0000]
CodeHeap 'profiled nmethods': size=119104Kb used=3577Kb max_used=3577Kb free=115526Kb
 bounds [0x000001728bef0000, 0x000001728c270000, 0x0000017293340000]
CodeHeap 'non-nmethods': size=7488Kb used=1653Kb max_used=3378Kb free=5834Kb
 bounds [0x000001728b7a0000, 0x000001728bb00000, 0x000001728bef0000]
 total_blobs=3122 nmethods=2022 adapters=1013
 compilation: enabled
              stopped_count=0, restarted_count=0
 full_count=0

Compilation events (20 events):
Event: 57.032 Thread 0x00000172a88b7480 nmethod 2012 0x000001728c26b590 code [0x000001728c26b720, 0x000001728c26b878]
Event: 57.036 Thread 0x00000172a88b69e0 nmethod 2009 0x000001729346bd90 code [0x000001729346bf20, 0x000001729346c1d8]
Event: 59.262 Thread 0x00000172a88b7480 2013       3       java.util.Calendar::get (10 bytes)
Event: 59.262 Thread 0x00000172a88b7480 nmethod 2013 0x000001728c26b910 code [0x000001728c26bac0, 0x000001728c26bd28]
Event: 59.262 Thread 0x00000172a88b7480 2014       3       java.lang.StringUTF16::putChar (54 bytes)
Event: 59.263 Thread 0x00000172a88b7480 nmethod 2014 0x000001728c26be90 code [0x000001728c26c020, 0x000001728c26c178]
Event: 59.269 Thread 0x00000172a88b7480 2015       3       java.nio.MappedByteBuffer::rewind (5 bytes)
Event: 59.269 Thread 0x00000172a88b7480 nmethod 2015 0x000001728c26c290 code [0x000001728c26c440, 0x000001728c26c678]
Event: 59.269 Thread 0x00000172a88b7480 2016       3       java.nio.MappedByteBuffer::rewind (7 bytes)
Event: 59.269 Thread 0x00000172a88b7480 nmethod 2016 0x000001728c26c790 code [0x000001728c26c940, 0x000001728c26cb18]
Event: 59.269 Thread 0x00000172a88b7480 2017       3       java.nio.ByteBuffer::rewind (7 bytes)
Event: 59.270 Thread 0x00000172a88b7480 nmethod 2017 0x000001728c26cc10 code [0x000001728c26cda0, 0x000001728c26cf18]
Event: 59.270 Thread 0x00000172a88b7480 2018       3       java.nio.Buffer::rewind (12 bytes)
Event: 59.270 Thread 0x00000172a88b7480 nmethod 2018 0x000001728c26d010 code [0x000001728c26d1a0, 0x000001728c26d2b8]
Event: 61.205 Thread 0x00000172a88b7480 2019       3       java.util.concurrent.locks.ReentrantLock::lock (8 bytes)
Event: 61.205 Thread 0x00000172a88b7480 nmethod 2019 0x000001728c26d390 code [0x000001728c26d540, 0x000001728c26d7f8]
Event: 61.205 Thread 0x00000172a88b7480 2020       3       java.util.concurrent.locks.ReentrantLock$Sync::lock (13 bytes)
Event: 61.205 Thread 0x00000172a88b7480 nmethod 2020 0x000001728c26d910 code [0x000001728c26dac0, 0x000001728c26dcf8]
Event: 65.856 Thread 0x00000172a88b7480 2021       3       java.util.Calendar::getBaseStyle (6 bytes)
Event: 65.857 Thread 0x00000172a88b7480 nmethod 2021 0x000001728c26dd90 code [0x000001728c26df20, 0x000001728c26e038]

GC Heap History (20 events):
Event: 40.798 GC heap before
{Heap before GC invocations=20 (full 0):
 garbage-first heap   total 395264K, used 287534K [0x0000000705e00000, 0x0000000800000000)
  region size 2048K, 55 young (112640K), 1 survivors (2048K)
 Metaspace       used 16164K, committed 16384K, reserved 1064960K
  class space    used 1378K, committed 1472K, reserved 1048576K
}
Event: 40.799 GC heap after
{Heap after GC invocations=21 (full 0):
 garbage-first heap   total 395264K, used 137547K [0x0000000705e00000, 0x0000000800000000)
  region size 2048K, 1 young (2048K), 1 survivors (2048K)
 Metaspace       used 16164K, committed 16384K, reserved 1064960K
  class space    used 1378K, committed 1472K, reserved 1048576K
}
Event: 40.870 GC heap before
{Heap before GC invocations=21 (full 0):
 garbage-first heap   total 395264K, used 178507K [0x0000000705e00000, 0x0000000800000000)
  region size 2048K, 2 young (4096K), 1 survivors (2048K)
 Metaspace       used 16180K, committed 16384K, reserved 1064960K
  class space    used 1378K, committed 1472K, reserved 1048576K
}
Event: 40.871 GC heap after
{Heap after GC invocations=22 (full 0):
 garbage-first heap   total 395264K, used 92547K [0x0000000705e00000, 0x0000000800000000)
  region size 2048K, 1 young (2048K), 1 survivors (2048K)
 Metaspace       used 16180K, committed 16384K, reserved 1064960K
  class space    used 1378K, committed 1472K, reserved 1048576K
}
Event: 41.017 GC heap before
{Heap before GC invocations=22 (full 0):
 garbage-first heap   total 395264K, used 178563K [0x0000000705e00000, 0x0000000800000000)
  region size 2048K, 2 young (4096K), 1 survivors (2048K)
 Metaspace       used 16194K, committed 16384K, reserved 1064960K
  class space    used 1378K, committed 1472K, reserved 1048576K
}
Event: 41.018 GC heap after
{Heap after GC invocations=23 (full 0):
 garbage-first heap   total 395264K, used 115082K [0x0000000705e00000, 0x0000000800000000)
  region size 2048K, 1 young (2048K), 1 survivors (2048K)
 Metaspace       used 16194K, committed 16384K, reserved 1064960K
  class space    used 1378K, committed 1472K, reserved 1048576K
}
Event: 41.123 GC heap before
{Heap before GC invocations=23 (full 0):
 garbage-first heap   total 395264K, used 176522K [0x0000000705e00000, 0x0000000800000000)
  region size 2048K, 2 young (4096K), 1 survivors (2048K)
 Metaspace       used 16199K, committed 16448K, reserved 1064960K
  class space    used 1378K, committed 1472K, reserved 1048576K
}
Event: 41.123 GC heap after
{Heap after GC invocations=24 (full 0):
 garbage-first heap   total 395264K, used 102816K [0x0000000705e00000, 0x0000000800000000)
  region size 2048K, 1 young (2048K), 1 survivors (2048K)
 Metaspace       used 16199K, committed 16448K, reserved 1064960K
  class space    used 1378K, committed 1472K, reserved 1048576K
}
Event: 53.056 GC heap before
{Heap before GC invocations=24 (full 0):
 garbage-first heap   total 395264K, used 242080K [0x0000000705e00000, 0x0000000800000000)
  region size 2048K, 36 young (73728K), 1 survivors (2048K)
 Metaspace       used 16226K, committed 16448K, reserved 1064960K
  class space    used 1378K, committed 1472K, reserved 1048576K
}
Event: 53.057 GC heap after
{Heap after GC invocations=25 (full 0):
 garbage-first heap   total 395264K, used 117601K [0x0000000705e00000, 0x0000000800000000)
  region size 2048K, 1 young (2048K), 1 survivors (2048K)
 Metaspace       used 16226K, committed 16448K, reserved 1064960K
  class space    used 1378K, committed 1472K, reserved 1048576K
}
Event: 53.354 GC heap before
{Heap before GC invocations=25 (full 0):
 garbage-first heap   total 395264K, used 203617K [0x0000000705e00000, 0x0000000800000000)
  region size 2048K, 15 young (30720K), 1 survivors (2048K)
 Metaspace       used 16238K, committed 16448K, reserved 1064960K
  class space    used 1378K, committed 1472K, reserved 1048576K
}
Event: 53.355 GC heap after
{Heap after GC invocations=26 (full 0):
 garbage-first heap   total 395264K, used 76615K [0x0000000705e00000, 0x0000000800000000)
  region size 2048K, 1 young (2048K), 1 survivors (2048K)
 Metaspace       used 16238K, committed 16448K, reserved 1064960K
  class space    used 1378K, committed 1472K, reserved 1048576K
}
Event: 53.487 GC heap before
{Heap before GC invocations=26 (full 0):
 garbage-first heap   total 395264K, used 176967K [0x0000000705e00000, 0x0000000800000000)
  region size 2048K, 2 young (4096K), 1 survivors (2048K)
 Metaspace       used 16241K, committed 16448K, reserved 1064960K
  class space    used 1378K, committed 1472K, reserved 1048576K
}
Event: 53.488 GC heap after
{Heap after GC invocations=27 (full 0):
 garbage-first heap   total 395264K, used 123741K [0x0000000705e00000, 0x0000000800000000)
  region size 2048K, 1 young (2048K), 1 survivors (2048K)
 Metaspace       used 16241K, committed 16448K, reserved 1064960K
  class space    used 1378K, committed 1472K, reserved 1048576K
}
Event: 53.528 GC heap before
{Heap before GC invocations=27 (full 0):
 garbage-first heap   total 395264K, used 176989K [0x0000000705e00000, 0x0000000800000000)
  region size 2048K, 2 young (4096K), 1 survivors (2048K)
 Metaspace       used 16241K, committed 16448K, reserved 1064960K
  class space    used 1378K, committed 1472K, reserved 1048576K
}
Event: 53.528 GC heap after
{Heap after GC invocations=28 (full 0):
 garbage-first heap   total 395264K, used 101313K [0x0000000705e00000, 0x0000000800000000)
  region size 2048K, 1 young (2048K), 1 survivors (2048K)
 Metaspace       used 16241K, committed 16448K, reserved 1064960K
  class space    used 1378K, committed 1472K, reserved 1048576K
}
Event: 60.244 GC heap before
{Heap before GC invocations=28 (full 0):
 garbage-first heap   total 395264K, used 377793K [0x0000000705e00000, 0x0000000800000000)
  region size 2048K, 112 young (229376K), 1 survivors (2048K)
 Metaspace       used 16258K, committed 16448K, reserved 1064960K
  class space    used 1378K, committed 1472K, reserved 1048576K
}
Event: 60.247 GC heap after
{Heap after GC invocations=29 (full 0):
 garbage-first heap   total 395264K, used 99916K [0x0000000705e00000, 0x0000000800000000)
  region size 2048K, 1 young (2048K), 1 survivors (2048K)
 Metaspace       used 16258K, committed 16448K, reserved 1064960K
  class space    used 1378K, committed 1472K, reserved 1048576K
}
Event: 65.867 GC heap before
{Heap before GC invocations=29 (full 0):
 garbage-first heap   total 395264K, used 345676K [0x0000000705e00000, 0x0000000800000000)
  region size 2048K, 114 young (233472K), 1 survivors (2048K)
 Metaspace       used 16259K, committed 16448K, reserved 1064960K
  class space    used 1378K, committed 1472K, reserved 1048576K
}
Event: 65.868 GC heap after
{Heap after GC invocations=30 (full 0):
 garbage-first heap   total 395264K, used 83531K [0x0000000705e00000, 0x0000000800000000)
  region size 2048K, 1 young (2048K), 1 survivors (2048K)
 Metaspace       used 16259K, committed 16448K, reserved 1064960K
  class space    used 1378K, committed 1472K, reserved 1048576K
}

Dll operation events (11 events):
Event: 0.007 Loaded shared library C:\Users\Jeffreys cool PC\.p2\pool\plugins\org.eclipse.justj.openjdk.hotspot.jre.full.win32.x86_64_17.0.5.v20221102-0933\jre\bin\java.dll
Event: 0.094 Loaded shared library C:\Users\Jeffreys cool PC\.p2\pool\plugins\org.eclipse.justj.openjdk.hotspot.jre.full.win32.x86_64_17.0.5.v20221102-0933\jre\bin\net.dll
Event: 0.095 Loaded shared library C:\Users\Jeffreys cool PC\.p2\pool\plugins\org.eclipse.justj.openjdk.hotspot.jre.full.win32.x86_64_17.0.5.v20221102-0933\jre\bin\nio.dll
Event: 0.102 Loaded shared library C:\Users\Jeffreys cool PC\.p2\pool\plugins\org.eclipse.justj.openjdk.hotspot.jre.full.win32.x86_64_17.0.5.v20221102-0933\jre\bin\zip.dll
Event: 0.147 Loaded shared library C:\Users\Jeffreys cool PC\.p2\pool\plugins\org.eclipse.justj.openjdk.hotspot.jre.full.win32.x86_64_17.0.5.v20221102-0933\jre\bin\jimage.dll
Event: 0.167 Loaded shared library C:\Users\Jeffreys cool PC\AppData\Local\Temp\lwjglJeffreys cool PC\3.3.1-build-7\lwjgl.dll
Event: 0.335 Loaded shared library C:\Users\Jeffreys cool PC\AppData\Local\Temp\lwjglJeffreys cool PC\3.3.1-build-7\lwjgl_opengl.dll
Event: 0.440 Loaded shared library C:\Users\Jeffreys cool PC\.p2\pool\plugins\org.eclipse.justj.openjdk.hotspot.jre.full.win32.x86_64_17.0.5.v20221102-0933\jre\bin\awt.dll
Event: 2.139 Loaded shared library C:\Users\Jeffreys cool PC\Downloads\openjfx-20_windows-x64_bin-sdk\javafx-sdk-20\bin\glib-lite.dll
Event: 2.141 Loaded shared library C:\Users\Jeffreys cool PC\Downloads\openjfx-20_windows-x64_bin-sdk\javafx-sdk-20\bin\gstreamer-lite.dll
Event: 2.142 Loaded shared library C:\Users\Jeffreys cool PC\Downloads\openjfx-20_windows-x64_bin-sdk\javafx-sdk-20\bin\jfxmedia.dll

Deoptimization events (20 events):
Event: 27.535 Thread 0x00000172868f5b50 DEOPT PACKING pc=0x000001728c209a5f sp=0x000000574acfe9a0
Event: 27.535 Thread 0x00000172868f5b50 DEOPT UNPACKING pc=0x000001728b7f2b43 sp=0x000000574acfddf0 mode 0
Event: 27.535 Thread 0x00000172868f5b50 DEOPT PACKING pc=0x000001728c209a5f sp=0x000000574acfea60
Event: 27.535 Thread 0x00000172868f5b50 DEOPT UNPACKING pc=0x000001728b7f2b43 sp=0x000000574acfdeb0 mode 0
Event: 27.536 Thread 0x00000172868f5b50 DEOPT PACKING pc=0x000001728c209a5f sp=0x000000574acfe930
Event: 27.536 Thread 0x00000172868f5b50 DEOPT UNPACKING pc=0x000001728b7f2b43 sp=0x000000574acfdd80 mode 0
Event: 27.537 Thread 0x00000172868f5b50 DEOPT PACKING pc=0x000001728c209a5f sp=0x000000574acfe930
Event: 27.537 Thread 0x00000172868f5b50 DEOPT UNPACKING pc=0x000001728b7f2b43 sp=0x000000574acfdd80 mode 0
Event: 27.537 Thread 0x00000172868f5b50 DEOPT PACKING pc=0x000001728c209a5f sp=0x000000574acfea60
Event: 27.537 Thread 0x00000172868f5b50 DEOPT UNPACKING pc=0x000001728b7f2b43 sp=0x000000574acfdeb0 mode 0
Event: 27.538 Thread 0x00000172868f5b50 DEOPT PACKING pc=0x000001728c209a5f sp=0x000000574acfe930
Event: 27.538 Thread 0x00000172868f5b50 DEOPT UNPACKING pc=0x000001728b7f2b43 sp=0x000000574acfdd80 mode 0
Event: 27.538 Thread 0x00000172868f5b50 DEOPT PACKING pc=0x000001728c209b01 sp=0x000000574acfe930
Event: 27.538 Thread 0x00000172868f5b50 DEOPT UNPACKING pc=0x000001728b7f2b43 sp=0x000000574acfdd80 mode 0
Event: 27.539 Thread 0x00000172868f5b50 DEOPT PACKING pc=0x000001728c209b01 sp=0x000000574acfe930
Event: 27.539 Thread 0x00000172868f5b50 DEOPT UNPACKING pc=0x000001728b7f2b43 sp=0x000000574acfdd80 mode 0
Event: 27.548 Thread 0x00000172868f5b50 DEOPT PACKING pc=0x000001728c211338 sp=0x000000574acfeaa0
Event: 27.548 Thread 0x00000172868f5b50 DEOPT UNPACKING pc=0x000001728b7f2b43 sp=0x000000574acfdee0 mode 0
Event: 27.555 Thread 0x00000172868f5b50 DEOPT PACKING pc=0x000001728c211338 sp=0x000000574acfeaa0
Event: 27.555 Thread 0x00000172868f5b50 DEOPT UNPACKING pc=0x000001728b7f2b43 sp=0x000000574acfdee0 mode 0

Classes unloaded (0 events):
No events

Classes redefined (0 events):
No events

Internal exceptions (20 events):
Event: 55.248 Thread 0x00000172868f5b50 Implicit null exception at 0x000001728c1acc5f to 0x000001728c1acee4
Event: 55.248 Thread 0x00000172868f5b50 Exception <a 'java/lang/NullPointerException'{0x000000071d904fb0}> (0x000000071d904fb0) 
thrown [s\src\hotspot\share\runtime\sharedRuntime.cpp, line 628]
Event: 56.106 Thread 0x00000172868f5b50 Implicit null exception at 0x000001728c1acc5f to 0x000001728c1acee4
Event: 56.106 Thread 0x00000172868f5b50 Exception <a 'java/lang/NullPointerException'{0x000000071d61ae58}> (0x000000071d61ae58) 
thrown [s\src\hotspot\share\runtime\sharedRuntime.cpp, line 628]
Event: 57.034 Thread 0x00000172868f5b50 Implicit null exception at 0x000001728c1acc5f to 0x000001728c1acee4
Event: 57.034 Thread 0x00000172868f5b50 Exception <a 'java/lang/NullPointerException'{0x000000071d763138}> (0x000000071d763138) 
thrown [s\src\hotspot\share\runtime\sharedRuntime.cpp, line 628]
Event: 58.152 Thread 0x00000172868f5b50 Implicit null exception at 0x000001728c1acc5f to 0x000001728c1acee4
Event: 58.152 Thread 0x00000172868f5b50 Exception <a 'java/lang/NullPointerException'{0x0000000718f188d8}> (0x0000000718f188d8) 
thrown [s\src\hotspot\share\runtime\sharedRuntime.cpp, line 628]
Event: 58.152 Thread 0x00000172868f5b50 Implicit null exception at 0x000001728c1acc5f to 0x000001728c1acee4
Event: 58.152 Thread 0x00000172868f5b50 Exception <a 'java/lang/NullPointerException'{0x0000000718f18e60}> (0x0000000718f18e60) 
thrown [s\src\hotspot\share\runtime\sharedRuntime.cpp, line 628]
Event: 59.268 Thread 0x00000172868f5b50 Implicit null exception at 0x000001728c1acc5f to 0x000001728c1acee4
Event: 59.268 Thread 0x00000172868f5b50 Exception <a 'java/lang/NullPointerException'{0x00000007179fe948}> (0x00000007179fe948) 
thrown [s\src\hotspot\share\runtime\sharedRuntime.cpp, line 628]
Event: 60.055 Thread 0x00000172868f5b50 Implicit null exception at 0x000001728c1acc5f to 0x000001728c1acee4
Event: 60.055 Thread 0x00000172868f5b50 Exception <a 'java/lang/NullPointerException'{0x000000070e96a9d8}> (0x000000070e96a9d8) 
thrown [s\src\hotspot\share\runtime\sharedRuntime.cpp, line 628]
Event: 61.192 Thread 0x00000172868f5b50 Implicit null exception at 0x000001728c1acc5f to 0x000001728c1acee4
Event: 61.192 Thread 0x00000172868f5b50 Exception <a 'java/lang/NullPointerException'{0x000000071c5c2ac0}> (0x000000071c5c2ac0) 
thrown [s\src\hotspot\share\runtime\sharedRuntime.cpp, line 628]
Event: 65.834 Thread 0x00000172868f5b50 Implicit null exception at 0x000001728c1acc5f to 0x000001728c1acee4
Event: 65.834 Thread 0x00000172868f5b50 Exception <a 'java/lang/NullPointerException'{0x000000070d485e98}> (0x000000070d485e98) 
thrown [s\src\hotspot\share\runtime\sharedRuntime.cpp, line 628]
Event: 65.834 Thread 0x00000172868f5b50 Implicit null exception at 0x000001728c1acc5f to 0x000001728c1acee4
Event: 65.834 Thread 0x00000172868f5b50 Exception <a 'java/lang/NullPointerException'{0x000000070d486428}> (0x000000070d486428) 
thrown [s\src\hotspot\share\runtime\sharedRuntime.cpp, line 628]

VM Operations (20 events):
Event: 42.133 Executing VM operation: Cleanup
Event: 42.133 Executing VM operation: Cleanup done
Event: 51.137 Executing VM operation: Cleanup
Event: 51.137 Executing VM operation: Cleanup done
Event: 53.056 Executing VM operation: G1TryInitiateConcMark
Event: 53.057 Executing VM operation: G1TryInitiateConcMark done
Event: 53.354 Executing VM operation: G1TryInitiateConcMark
Event: 53.355 Executing VM operation: G1TryInitiateConcMark done
Event: 53.487 Executing VM operation: G1TryInitiateConcMark
Event: 53.488 Executing VM operation: G1TryInitiateConcMark done
Event: 53.527 Executing VM operation: G1TryInitiateConcMark
Event: 53.528 Executing VM operation: G1TryInitiateConcMark done
Event: 54.541 Executing VM operation: Cleanup
Event: 54.541 Executing VM operation: Cleanup done
Event: 60.244 Executing VM operation: G1CollectForAllocation
Event: 60.247 Executing VM operation: G1CollectForAllocation done
Event: 61.248 Executing VM operation: Cleanup
Event: 61.248 Executing VM operation: Cleanup done
Event: 65.867 Executing VM operation: G1CollectForAllocation
Event: 65.868 Executing VM operation: G1CollectForAllocation done

Events (20 events):
Event: 65.868 Thread 0x00000172a89411f0 Thread exited: 0x00000172a89411f0
Event: 65.868 Thread 0x00000172a8940380 Thread added: 0x00000172a8940380
Event: 65.868 Thread 0x00000172a8940380 Thread exited: 0x00000172a8940380
Event: 65.868 Thread 0x00000172a89411f0 Thread added: 0x00000172a89411f0
Event: 65.868 Thread 0x00000172a89411f0 Thread exited: 0x00000172a89411f0
Event: 65.868 Thread 0x00000172a8940d20 Thread added: 0x00000172a8940d20
Event: 65.868 Thread 0x00000172a8940d20 Thread exited: 0x00000172a8940d20
Event: 65.868 Thread 0x00000172a8940d20 Thread added: 0x00000172a8940d20
Event: 65.868 Thread 0x00000172a8940d20 Thread exited: 0x00000172a8940d20
Event: 65.868 Thread 0x00000172a8940850 Thread added: 0x00000172a8940850
Event: 65.868 Thread 0x00000172a8940850 Thread exited: 0x00000172a8940850
Event: 65.868 Thread 0x00000172a8941b90 Thread added: 0x00000172a8941b90
Event: 65.868 Thread 0x00000172a8941b90 Thread exited: 0x00000172a8941b90
Event: 65.868 Thread 0x00000172a89411f0 Thread added: 0x00000172a89411f0
Event: 65.868 Thread 0x00000172a89411f0 Thread exited: 0x00000172a89411f0
Event: 65.868 Thread 0x00000172a89416c0 Thread added: 0x00000172a89416c0
Event: 65.868 Thread 0x00000172a89416c0 Thread exited: 0x00000172a89416c0
Event: 65.868 Thread 0x00000172a89416c0 Thread added: 0x00000172a89416c0
Event: 65.868 Thread 0x00000172a89416c0 Thread exited: 0x00000172a89416c0
Event: 65.871 Thread 0x00000172a8940380 Thread added: 0x00000172a8940380


Dynamic libraries:
0x00007ff68f0c0000 - 0x00007ff68f0ce000 	C:\Users\Jeffreys cool PC\.p2\pool\plugins\org.eclipse.justj.openjdk.hotspot.jre.full.win32.x86_64_17.0.5.v20221102-0933\jre\bin\javaw.exe
0x00007ffbad610000 - 0x00007ffbad808000 	C:\Windows\SYSTEM32\ntdll.dll
0x00007ffbacf40000 - 0x00007ffbacfff000 	C:\Windows\System32\KERNEL32.DLL
0x00007ffbaafd0000 - 0x00007ffbab2a2000 	C:\Windows\System32\KERNELBASE.dll
0x00007ffbaad10000 - 0x00007ffbaae10000 	C:\Windows\System32\ucrtbase.dll
0x00007ffb8e2b0000 - 0x00007ffb8e2c7000 	C:\Users\Jeffreys cool PC\.p2\pool\plugins\org.eclipse.justj.openjdk.hotspot.jre.full.win32.x86_64_17.0.5.v20221102-0933\jre\bin\jli.dll
0x00007ffbad000000 - 0x00007ffbad1a1000 	C:\Windows\System32\USER32.dll
0x00007ffbab4a0000 - 0x00007ffbab4c2000 	C:\Windows\System32\win32u.dll
0x00007ffbac2f0000 - 0x00007ffbac31b000 	C:\Windows\System32\GDI32.dll
0x00007ffbaae10000 - 0x00007ffbaaf1f000 	C:\Windows\System32\gdi32full.dll
0x00007ffbab340000 - 0x00007ffbab3dd000 	C:\Windows\System32\msvcp_win.dll
0x00007ffb8e130000 - 0x00007ffb8e149000 	C:\Users\Jeffreys cool PC\.p2\pool\plugins\org.eclipse.justj.openjdk.hotspot.jre.full.win32.x86_64_17.0.5.v20221102-0933\jre\bin\VCRUNTIME140.dll
0x00007ffb990f0000 - 0x00007ffb9938a000 	C:\Windows\WinSxS\amd64_microsoft.windows.common-controls_6595b64144ccf1df_6.0.19041.1110_none_60b5254171f9507e\COMCTL32.dll
0x00007ffbace00000 - 0x00007ffbace9e000 	C:\Windows\System32\msvcrt.dll
0x00007ffbabb10000 - 0x00007ffbabb40000 	C:\Windows\System32\IMM32.DLL
0x00007ffb988e0000 - 0x00007ffb988ec000 	C:\Users\Jeffreys cool PC\.p2\pool\plugins\org.eclipse.justj.openjdk.hotspot.jre.full.win32.x86_64_17.0.5.v20221102-0933\jre\bin\vcruntime140_1.dll
0x00007ffb6e520000 - 0x00007ffb6e5b1000 	C:\Users\Jeffreys cool PC\.p2\pool\plugins\org.eclipse.justj.openjdk.hotspot.jre.full.win32.x86_64_17.0.5.v20221102-0933\jre\bin\msvcp140.dll
0x00007ffb06e60000 - 0x00007ffb07aa4000 	C:\Users\Jeffreys cool PC\.p2\pool\plugins\org.eclipse.justj.openjdk.hotspot.jre.full.win32.x86_64_17.0.5.v20221102-0933\jre\bin\server\jvm.dll
0x00007ffbaccc0000 - 0x00007ffbacd6e000 	C:\Windows\System32\ADVAPI32.dll
0x00007ffbacea0000 - 0x00007ffbacf3c000 	C:\Windows\System32\sechost.dll
0x00007ffbacb90000 - 0x00007ffbaccb4000 	C:\Windows\System32\RPCRT4.dll
0x00007ffb9ce00000 - 0x00007ffb9ce09000 	C:\Windows\SYSTEM32\WSOCK32.dll
0x00007ffbabc20000 - 0x00007ffbabc8b000 	C:\Windows\System32\WS2_32.dll
0x00007ffb9d9d0000 - 0x00007ffb9d9f7000 	C:\Windows\SYSTEM32\WINMM.dll
0x00007ffba3070000 - 0x00007ffba307a000 	C:\Windows\SYSTEM32\VERSION.dll
0x00007ffba9540000 - 0x00007ffba9552000 	C:\Windows\SYSTEM32\kernel.appcore.dll
0x00007ffba6f30000 - 0x00007ffba6f3a000 	C:\Users\Jeffreys cool PC\.p2\pool\plugins\org.eclipse.justj.openjdk.hotspot.jre.full.win32.x86_64_17.0.5.v20221102-0933\jre\bin\jimage.dll
0x00007ffba88e0000 - 0x00007ffba8ac4000 	C:\Windows\SYSTEM32\DBGHELP.DLL
0x00007ffba0740000 - 0x00007ffba0775000 	C:\Windows\SYSTEM32\dbgcore.DLL
0x00007ffbab2b0000 - 0x00007ffbab332000 	C:\Windows\System32\bcryptPrimitives.dll
0x00007ffb82c30000 - 0x00007ffb82c55000 	C:\Users\Jeffreys cool PC\.p2\pool\plugins\org.eclipse.justj.openjdk.hotspot.jre.full.win32.x86_64_17.0.5.v20221102-0933\jre\bin\java.dll
0x00007ffba53e0000 - 0x00007ffba53f8000 	C:\Users\Jeffreys cool PC\.p2\pool\plugins\org.eclipse.justj.openjdk.hotspot.jre.full.win32.x86_64_17.0.5.v20221102-0933\jre\bin\zip.dll
0x00007ffbac440000 - 0x00007ffbacb85000 	C:\Windows\System32\SHELL32.dll
0x00007ffba8d90000 - 0x00007ffba9522000 	C:\Windows\SYSTEM32\windows.storage.dll
0x00007ffbad1c0000 - 0x00007ffbad515000 	C:\Windows\System32\combase.dll
0x00007ffbaa770000 - 0x00007ffbaa7a0000 	C:\Windows\SYSTEM32\Wldp.dll
0x00007ffbabd60000 - 0x00007ffbabe0d000 	C:\Windows\System32\SHCORE.dll
0x00007ffbabb40000 - 0x00007ffbabb95000 	C:\Windows\System32\shlwapi.dll
0x00007ffbaac50000 - 0x00007ffbaac6f000 	C:\Windows\SYSTEM32\profapi.dll
0x00007ffba48e0000 - 0x00007ffba48f9000 	C:\Users\Jeffreys cool PC\.p2\pool\plugins\org.eclipse.justj.openjdk.hotspot.jre.full.win32.x86_64_17.0.5.v20221102-0933\jre\bin\net.dll
0x00007ffba5750000 - 0x00007ffba585a000 	C:\Windows\SYSTEM32\WINHTTP.dll
0x00007ffbaa4d0000 - 0x00007ffbaa53a000 	C:\Windows\system32\mswsock.dll
0x00007ffb82c10000 - 0x00007ffb82c25000 	C:\Users\Jeffreys cool PC\.p2\pool\plugins\org.eclipse.justj.openjdk.hotspot.jre.full.win32.x86_64_17.0.5.v20221102-0933\jre\bin\nio.dll
0x00007ffb7cc50000 - 0x00007ffb7ccc5000 	C:\Users\Jeffreys cool PC\AppData\Local\Temp\lwjglJeffreys cool PC\3.3.1-build-7\lwjgl.dll
0x00007ffb5de70000 - 0x00007ffb5e0c9000 	C:\Users\JEFFRE~1\AppData\Local\Temp\lwjglJeffreys cool PC\3.3.1-build-7\jemalloc.dll
0x00007ffb71e60000 - 0x00007ffb71ec1000 	C:\Users\JEFFRE~1\AppData\Local\Temp\lwjglJeffreys cool PC\3.3.1-build-7\glfw.dll
0x00007ffb7d8c0000 - 0x00007ffb7d905000 	C:\Windows\SYSTEM32\dinput8.dll
0x00007ffb49290000 - 0x00007ffb492a1000 	C:\Windows\SYSTEM32\xinput1_4.dll
0x00007ffbab3e0000 - 0x00007ffbab42e000 	C:\Windows\System32\cfgmgr32.dll
0x00007ffbaaac0000 - 0x00007ffbaaaec000 	C:\Windows\SYSTEM32\DEVOBJ.dll
0x00007ffba86a0000 - 0x00007ffba86cf000 	C:\Windows\SYSTEM32\dwmapi.dll
0x00007ffb927d0000 - 0x00007ffb92922000 	C:\Windows\SYSTEM32\inputhost.dll
0x00007ffbabc90000 - 0x00007ffbabd5d000 	C:\Windows\System32\OLEAUT32.dll
0x00007ffba7980000 - 0x00007ffba7a76000 	C:\Windows\SYSTEM32\PROPSYS.dll
0x00007ffba6820000 - 0x00007ffba6b7e000 	C:\Windows\SYSTEM32\CoreUIComponents.dll
0x00007ffba7100000 - 0x00007ffba7254000 	C:\Windows\SYSTEM32\wintypes.dll
0x00007ffba6fe0000 - 0x00007ffba70d2000 	C:\Windows\SYSTEM32\CoreMessaging.dll
0x00007ffba9e80000 - 0x00007ffba9eb3000 	C:\Windows\SYSTEM32\ntmarta.dll
0x00007ffba7ed0000 - 0x00007ffba7f6e000 	C:\Windows\system32\uxtheme.dll
0x00007ffbac320000 - 0x00007ffbac434000 	C:\Windows\System32\MSCTF.dll
0x00007ffb393b0000 - 0x00007ffb394d5000 	C:\Windows\SYSTEM32\opengl32.dll
0x00007ffb83ca0000 - 0x00007ffb83ccc000 	C:\Windows\SYSTEM32\GLU32.dll
0x00007ffbad520000 - 0x00007ffbad5c9000 	C:\Windows\System32\clbcatq.dll
0x00007ffb083d0000 - 0x00007ffb093db000 	C:\Windows\System32\DriverStore\FileRepository\iigd_dch.inf_amd64_e04d20469f199b2b\igxelpicd64.dll
0x00007ffbab660000 - 0x00007ffbab78a000 	C:\Windows\System32\ole32.dll
0x00007ffba95b0000 - 0x00007ffba96a3000 	C:\Windows\system32\dxgi.dll
0x00007ffb48d90000 - 0x00007ffb4907e000 	C:\Windows\System32\DriverStore\FileRepository\iigd_dch.inf_amd64_e04d20469f199b2b\igdml64.dll
0x00007ffb844c0000 - 0x00007ffb84888000 	C:\Windows\System32\DriverStore\FileRepository\iigd_dch.inf_amd64_e04d20469f199b2b\igdgmm64.dll
0x00007ffb7dfa0000 - 0x00007ffb815a5000 	C:\Windows\System32\DriverStore\FileRepository\iigd_dch.inf_amd64_e04d20469f199b2b\igc64.dll
0x00007ffbaa2e0000 - 0x00007ffbaa32b000 	C:\Windows\SYSTEM32\powrprof.dll
0x00007ffbaa150000 - 0x00007ffbaa162000 	C:\Windows\SYSTEM32\UMPDC.dll
0x00007ffb99a90000 - 0x00007ffb99b89000 	C:\Windows\SYSTEM32\textinputframework.dll
0x00007ffb71390000 - 0x00007ffb713ed000 	C:\Users\Jeffreys cool PC\AppData\Local\Temp\lwjglJeffreys cool PC\3.3.1-build-7\lwjgl_opengl.dll
0x00007ffb66ec0000 - 0x00007ffb6704e000 	C:\Users\Jeffreys cool PC\.p2\pool\plugins\org.eclipse.justj.openjdk.hotspot.jre.full.win32.x86_64_17.0.5.v20221102-0933\jre\bin\awt.dll
0x00007ffba7770000 - 0x00007ffba7800000 	C:\Windows\SYSTEM32\apphelp.dll
0x00007ffb70bf0000 - 0x00007ffb70c8f000 	C:\Users\Jeffreys cool PC\Downloads\openjfx-20_windows-x64_bin-sdk\javafx-sdk-20\bin\glib-lite.dll
0x00007ffb657c0000 - 0x00007ffb658ae000 	C:\Users\Jeffreys cool PC\Downloads\openjfx-20_windows-x64_bin-sdk\javafx-sdk-20\bin\gstreamer-lite.dll
0x00007ffb7c5d0000 - 0x00007ffb7c66c000 	C:\Windows\SYSTEM32\DSOUND.dll
0x00007ffb9db50000 - 0x00007ffb9db76000 	C:\Windows\SYSTEM32\winmmbase.dll
0x00007ffb7d9e0000 - 0x00007ffb7da04000 	C:\Users\Jeffreys cool PC\Downloads\openjfx-20_windows-x64_bin-sdk\javafx-sdk-20\bin\jfxmedia.dll
0x00007ffb7c830000 - 0x00007ffb7c854000 	C:\Users\Jeffreys cool PC\Downloads\openjfx-20_windows-x64_bin-sdk\javafx-sdk-20\bin\fxplugins.dll
0x00007ffba3f10000 - 0x00007ffba40cc000 	C:\Windows\SYSTEM32\MFPlat.DLL
0x00007ffba3de0000 - 0x00007ffba3e14000 	C:\Windows\SYSTEM32\RTWorkQ.DLL
0x00007ffba3340000 - 0x00007ffba33c5000 	C:\Windows\System32\MMDevApi.dll
0x00007ffba3480000 - 0x00007ffba3602000 	C:\Windows\SYSTEM32\AUDIOSES.DLL
0x00007ffba83c0000 - 0x00007ffba83d4000 	C:\Windows\SYSTEM32\resourcepolicyclient.dll
0x00007ffbaa6c0000 - 0x00007ffbaa6cc000 	C:\Windows\SYSTEM32\CRYPTBASE.DLL
0x00007ffba4d60000 - 0x00007ffba4d6a000 	C:\Windows\SYSTEM32\avrt.dll
0x00007ffb88b20000 - 0x00007ffb88c61000 	C:\Windows\System32\Windows.UI.dll
0x00007ffba3e60000 - 0x00007ffba3f01000 	C:\Windows\System32\WindowManagementAPI.dll
0x00007ffba3be0000 - 0x00007ffba3de0000 	C:\Windows\SYSTEM32\twinapi.appcore.dll

dbghelp: loaded successfully - version: 4.0.5 - missing functions: none
symbol engine: initialized successfully - sym options: 0x614 - pdb path: .;C:\Users\Jeffreys cool PC\.p2\pool\plugins\org.eclipse.justj.openjdk.hotspot.jre.full.win32.x86_64_17.0.5.v20221102-0933\jre\bin;C:\Windows\SYSTEM32;C:\Windows\WinSxS\amd64_microsoft.windows.common-controls_6595b64144ccf1df_6.0.19041.1110_none_60b5254171f9507e;C:\Users\Jeffreys cool PC\.p2\pool\plugins\org.eclipse.justj.openjdk.hotspot.jre.full.win32.x86_64_17.0.5.v20221102-0933\jre\bin\server;C:\Users\Jeffreys cool PC\AppData\Local\Temp\lwjglJeffreys cool PC\3.3.1-build-7;C:\Users\JEFFRE~1\AppData\Local\Temp\lwjglJeffreys cool PC\3.3.1-build-7;C:\Windows\System32\DriverStore\FileRepository\iigd_dch.inf_amd64_e04d20469f199b2b;C:\Users\Jeffreys cool PC\Downloads\openjfx-20_windows-x64_bin-sdk\javafx-sdk-20\bin

VM Arguments:
jvm_args: -Dfile.encoding=UTF-8 -XX:+ShowCodeDetailsInExceptionMessages 
java_command: engine.GameLoop
java_class_path (initial): C:\Users\Jeffreys cool PC\eclipse-workspace\KingCoolean\bin;C:\Users\Jeffreys cool PC\Downloads\lwjgl-release-3.3.1-custom_1\lwjgl.jar;C:\Users\Jeffreys cool PC\Downloads\lwjgl-release-3.3.1-custom_1\lwjgl-assimp.jar;C:\Users\Jeffreys cool PC\Downloads\lwjgl-release-3.3.1-custom_1\lwjgl-assimp-javadoc.jar;C:\Users\Jeffreys cool PC\Downloads\lwjgl-release-3.3.1-custom_1\lwjgl-assimp-natives-windows.jar;C:\Users\Jeffreys cool PC\Downloads\lwjgl-release-3.3.1-custom_1\lwjgl-assimp-sources.jar;C:\Users\Jeffreys cool PC\Downloads\lwjgl-release-3.3.1-custom_1\lwjgl-glfw.jar;C:\Users\Jeffreys cool PC\Downloads\lwjgl-release-3.3.1-custom_1\lwjgl-glfw-javadoc.jar;C:\Users\Jeffreys cool PC\Downloads\lwjgl-release-3.3.1-custom_1\lwjgl-glfw-natives-windows.jar;C:\Users\Jeffreys cool PC\Downloads\lwjgl-release-3.3.1-custom_1\lwjgl-glfw-sources.jar;C:\Users\Jeffreys cool PC\Downloads\lwjgl-release-3.3.1-custom_1\lwjgl-javadoc.jar;C:\Users\Jeffreys cool PC\Downloads\lwjgl-release-3.3.1-custom_1\lwjgl-jawt.jar;C:\Users\Jeffreys cool PC\Downloads\lwjgl-release-3.3.1-custom_1\lwjgl-jawt-javadoc.jar;C:\Users\Jeffreys cool PC\Downloads\lwjgl-release-3.3.1-custom_1\lwjgl-jawt-sources.jar;C:\Users\Jeffreys cool PC\Downloads\lwjgl-release-3.3.1-custom_1\lwjgl-jemalloc.jar;C:\Users\Jeffreys cool PC\Downloads\lwjgl-release-3.3.1-custom_1\lwjgl-jemalloc-javadoc.jar;C:\Users\Jeffreys cool PC\Downloads\lwjgl-release-3.3.1-custom_1\lwjgl-jemalloc-natives-windows.jar;C:\Users\Jeffreys cool PC\Downloads\lwjgl-release-3.3.1-custom_1\lwjgl-jemalloc-sources.jar;C:\Users\Jeffreys cool PC\Downloads\lwjgl-release-3.3.1-custom_1\lwjgl-natives-windows.jar;C:\Users\Jeffreys cool PC\Downloads\lwjgl-release-3.3.1-custom_1\lwjgl-openal.jar;C:\Users\Jeffreys cool PC\Downloads\lwjgl-release-3.3.1-custom_1\lwjgl-openal-javadoc.jar;C:\Users\Jeffreys cool PC\Downloads\lwjgl-release-3.3.1-custom_1\lwjgl-openal-natives-windows.jar;C:\Users\Jeffreys cool PC\Downloads\lwjgl-release-3.3.1-
Launcher Type: SUN_STANDARD

[Global flags]
     intx CICompilerCount                          = 12                                        {product} {ergonomic}
     uint ConcGCThreads                            = 3                                         {product} {ergonomic}
     uint G1ConcRefinementThreads                  = 13                                        {product} {ergonomic}
   size_t G1HeapRegionSize                         = 2097152                                   {product} {ergonomic}
    uintx GCDrainStackTargetSize                   = 64                                        {product} {ergonomic}
   size_t InitialHeapSize                          = 264241152                                 {product} {ergonomic}
   size_t MarkStackSize                            = 4194304                                   {product} {ergonomic}
   size_t MaxHeapSize                              = 4196401152                                {product} {ergonomic}
   size_t MaxNewSize                               = 2516582400                                {product} {ergonomic}
   size_t MinHeapDeltaBytes                        = 2097152                                   {product} {ergonomic}
   size_t MinHeapSize                              = 8388608                                   {product} {ergonomic}
    uintx NonNMethodCodeHeapSize                   = 7602480                                {pd product} {ergonomic}
    uintx NonProfiledCodeHeapSize                  = 122027880                              {pd product} {ergonomic}
    uintx ProfiledCodeHeapSize                     = 122027880                              {pd product} {ergonomic}
    uintx ReservedCodeCacheSize                    = 251658240                              {pd product} {ergonomic}
     bool SegmentedCodeCache                       = true                                      {product} {ergonomic}
     bool ShowCodeDetailsInExceptionMessages       = true                                   {manageable} {command line}
   size_t SoftMaxHeapSize                          = 4196401152                             {manageable} {ergonomic}
     bool UseCompressedClassPointers               = true                           {product lp64_product} {ergonomic}
     bool UseCompressedOops                        = true                           {product lp64_product} {ergonomic}
     bool UseG1GC                                  = true                                      {product} {ergonomic}
     bool UseLargePagesIndividualAllocation        = false                                  {pd product} {ergonomic}

Logging:
Log output configuration:
 #0: stdout all=warning uptime,level,tags
 #1: stderr all=off uptime,level,tags

Environment Variables:
PATH=C:/Users/Jeffreys cool PC/.p2/pool/plugins/org.eclipse.justj.openjdk.hotspot.jre.full.win32.x86_64_17.0.5.v20221102-0933/jre/bin/server;C:/Users/Jeffreys cool PC/.p2/pool/plugins/org.eclipse.justj.openjdk.hotspot.jre.full.win32.x86_64_17.0.5.v20221102-0933/jre/bin;C:\Program Files\Common Files\Oracle\Java\javapath;C:\Windows\system32;C:\Windows;C:\Windows\System32\Wbem;C:\Windows\System32\WindowsPowerShell\v1.0\;C:\Windows\System32\OpenSSH\;C:\Program Files\NVIDIA Corporation\NVIDIA NvDLISR;C:\Program Files (x86)\NVIDIA Corporation\PhysX\Common;C:\Program Files\dotnet\;C:\Program Files\Git\cmd;C:\Users\Jeffreys cool PC\AppData\Local\Microsoft\WindowsApps;C:\Users\Jeffreys cool PC\.dotnet\tools;C:\Users\Jeffreys cool PC\AppData\Local\Programs\Microsoft VS Code\bin;C:\Users\Jeffreys cool PC\eclipse\java-2022-12\eclipse;
USERNAME=Jeffreys cool PC
OS=Windows_NT
PROCESSOR_IDENTIFIER=Intel64 Family 6 Model 154 Stepping 3, GenuineIntel
TMP=C:\Users\JEFFRE~1\AppData\Local\Temp
TEMP=C:\Users\JEFFRE~1\AppData\Local\Temp



---------------  S Y S T E M  ---------------

OS:
 Windows 10 , 64 bit Build 19041 (10.0.19041.2546)
OS uptime: 10 days 3:00 hours
Hyper-V role detected

CPU: total 16 (initial active 16) (8 cores per cpu, 2 threads per core) family 6 model 154 stepping 3 microcode 0x41c, cx8, cmov, fxsr, ht, mmx, 3dnowpref, sse, sse2, sse3, ssse3, sse4.1, sse4.2, popcnt, lzcnt, tsc, tscinvbit, avx, avx2, aes, erms, clmul, bmi1, bmi2, adx, sha, fma, vzeroupper, clflush, clflushopt, clwb, hv

Memory: 4k page, system-wide physical 16005M (4312M free)
TotalPageFile size 31986M (AvailPageFile size 5252M)
current process WorkingSet (physical memory assigned to process): 1145M, peak: 1204M
current process commit charge ("private bytes"): 1179M, peak: 1237M

vm_info: OpenJDK 64-Bit Server VM (17.0.5+8) for windows-amd64 JRE (17.0.5+8), built on Oct 19 2022 04:48:13 by "temurin" with MS VC++ 16.7 (VS2019)

END.
