#
# A fatal error has been detected by the Java Runtime Environment:
#
#  EXCEPTION_ACCESS_VIOLATION (0xc0000005) at pc=0x00007ffb083e3c00, pid=19792, tid=28148
#
# JRE version: OpenJDK Runtime Environment Temurin-17.0.5+8 (17.0.5+8) (build 17.0.5+8)
# Java VM: OpenJDK 64-Bit Server VM Temurin-17.0.5+8 (17.0.5+8, mixed mode, tiered, compressed oops, compressed class ptrs, g1 gc, windows-amd64)
# Problematic frame:
# C  [igxelpicd64.dll+0x13c00]
#
# No core dump will be written. Minidumps are not enabled by default on client versions of Windows
#
# If you would like to submit a bug report, please visit:
#   https://github.com/adoptium/adoptium-support/issues
# The crash happened outside the Java Virtual Machine in native code.
# See problematic frame for where to report the bug.
#

---------------  S U M M A R Y ------------

Command Line: -Dfile.encoding=UTF-8 -XX:+ShowCodeDetailsInExceptionMessages engine.GameLoop

Host: 12th Gen Intel(R) Core(TM) i7-12650H, 16 cores, 15G,  Windows 10 , 64 bit Build 19041 (10.0.19041.2546)
Time: Sun Mar 26 18:42:25 2023 Central Daylight Time elapsed time: 63.778407 seconds (0d 0h 1m 3s)

---------------  T H R E A D  ---------------

Current thread (0x0000022f0d556fd0):  JavaThread "main" [_thread_in_native, id=28148, stack(0x000000efb7c00000,0x000000efb7d00000)]

Stack: [0x000000efb7c00000,0x000000efb7d00000],  sp=0x000000efb7cfe210,  free space=1016k
Native frames: (J=compiled Java code, j=interpreted, Vv=VM code, C=native code)
C  [igxelpicd64.dll+0x13c00]

Java frames: (J=compiled Java code, j=interpreted, Vv=VM code)
J 1894  org.lwjgl.opengl.GL11C.nglTexImage2D(IIIIIIIIJ)V (0 bytes) @ 0x0000022f188bdd24 [0x0000022f188bdca0+0x0000000000000084]
J 1893 c1 org.lwjgl.opengl.GL11C.glTexImage2D(IIIIIIIILjava/nio/ByteBuffer;)V (21 bytes) @ 0x0000022f116b48c4 [0x0000022f116b46e0+0x00000000000001e4]
J 1896 c1 org.lwjgl.opengl.GL11.glTexImage2D(IIIIIIIILjava/nio/ByteBuffer;)V (18 bytes) @ 0x0000022f116b4d8c [0x0000022f116b4d20+0x000000000000006c]
J 999 c2 gl.GLTexture.setData(Ljava/awt/image/BufferedImage;III)V (303 bytes) @ 0x0000022f188011dc [0x0000022f18800940+0x000000000000089c]
J 1888 c1 gl.GLTexture.<init>(ILjava/awt/image/BufferedImage;)V (84 bytes) @ 0x0000022f116b290c [0x0000022f116b25c0+0x000000000000034c]
j  engine.Sprite.genGLTextures()V+35
j  engine.Sprite.<init>(Lengine/Sprite;)V+130
J 1699 c1 gameObjects.ConnectFourGame$YouWin.frameEvent()V (298 bytes) @ 0x0000022f1165945c [0x0000022f116587e0+0x0000000000000c7c]
J 1648 c2 engine.ObjectHandler.callAll()V (141 bytes) @ 0x0000022f18887758 [0x0000022f188870a0+0x00000000000006b8]
J 1088% c2 engine.GameLoop.main([Ljava/lang/String;)V (136 bytes) @ 0x0000022f18818640 [0x0000022f188185e0+0x0000000000000060]
v  ~StubRoutines::call_stub

siginfo: EXCEPTION_ACCESS_VIOLATION (0xc0000005), reading address 0x0000022f5337e0c0


Register to memory mapping:

RIP=0x00007ffb083e3c00 igxelpicd64.dll
RAX=0x0000000000000c21 is an unknown value
RBX=0x0000022f5f720000 points into unknown readable memory: 0x0000000000000000 | 00 00 00 00 00 00 00 00
RCX=0x0000000000000c21 is an unknown value
RDX=0x0000022f5337e0c0 is an unknown value
RSP=0x000000efb7cfe210 is pointing into the stack for thread: 0x0000022f0d556fd0
RBP=0x000000efb7cfe340 is pointing into the stack for thread: 0x0000022f0d556fd0
RSI=0x0 is NULL
RDI=0x0000022f5f781080 points into unknown readable memory: 0x0000000000000000 | 00 00 00 00 00 00 00 00
R8 =0x00000000001fa400 is an unknown value
R9 =0x0000000000003f48 is an unknown value
R10=0x0 is NULL
R11=0x000000efb7cfe290 is pointing into the stack for thread: 0x0000022f0d556fd0
R12=0x0 is NULL
R13=0x0000000000000001 is an unknown value
R14=0x000000efb7cfe420 is pointing into the stack for thread: 0x0000022f0d556fd0
R15=0x00007ffb09301b00 igxelpicd64.dll


Registers:
RAX=0x0000000000000c21, RBX=0x0000022f5f720000, RCX=0x0000000000000c21, RDX=0x0000022f5337e0c0
RSP=0x000000efb7cfe210, RBP=0x000000efb7cfe340, RSI=0x0000000000000000, RDI=0x0000022f5f781080
R8 =0x00000000001fa400, R9 =0x0000000000003f48, R10=0x0000000000000000, R11=0x000000efb7cfe290
R12=0x0000000000000000, R13=0x0000000000000001, R14=0x000000efb7cfe420, R15=0x00007ffb09301b00
RIP=0x00007ffb083e3c00, EFLAGS=0x0000000000010293

Top of Stack: (sp=0x000000efb7cfe210)
0x000000efb7cfe210:   00000000e1f150aa 0000000000000000
0x000000efb7cfe220:   0000000000000000 0000000000000000
0x000000efb7cfe230:   0000022f5331d040 00007ffb08536af4
0x000000efb7cfe240:   0000022f5331d040 000000efb7cfe340
0x000000efb7cfe250:   0000000000000000 0000000000000000
0x000000efb7cfe260:   0000022f5f720049 0000000000000001
0x000000efb7cfe270:   0000022f5331d040 0000022f3494d100
0x000000efb7cfe280:   0000022f3494d160 0000000000000002
0x000000efb7cfe290:   00007ffb08ec6910 0000022f2de05240
0x000000efb7cfe2a0:   0000021c000003c0 0000004900000000
0x000000efb7cfe2b0:   00000f0000000004 0000022f5331d040
0x000000efb7cfe2c0:   000000042de30049 0000022f00000f00
0x000000efb7cfe2d0:   0000022f5f720000 0000022f2dcbb1f0
0x000000efb7cfe2e0:   0000000000000000 0000022f5f720000
0x000000efb7cfe2f0:   0000000000000000 0000022f2de39da0
0x000000efb7cfe300:   0000022f2dc64780 00000000000003c0 

Instructions: (pc=0x00007ffb083e3c00)
0x00007ffb083e3b00:   c1 41 8b ca 4c 2b c0 0f 29 74 24 10 4d 8b c8 0f
0x00007ffb083e3b10:   29 3c 24 49 c1 e9 07 f6 c2 0f 0f 84 d4 00 00 00
0x00007ffb083e3b20:   4d 85 c9 74 6a 66 66 66 0f 1f 84 00 00 00 00 00
0x00007ffb083e3b30:   f3 0f 6f 02 ff c1 f3 0f 6f 4a 10 8b c1 f3 0f 6f
0x00007ffb083e3b40:   52 20 f3 0f 6f 5a 30 f3 0f 6f 62 40 f3 0f 6f 6a
0x00007ffb083e3b50:   50 f3 0f 6f 72 60 f3 0f 6f 7a 70 66 0f e7 07 66
0x00007ffb083e3b60:   0f e7 4f 10 66 0f e7 57 20 66 0f e7 5f 30 66 0f
0x00007ffb083e3b70:   e7 67 40 66 0f e7 6f 50 66 0f e7 77 60 66 0f e7
0x00007ffb083e3b80:   7f 70 48 83 ef 80 48 83 ea 80 49 3b c1 72 a1 41
0x00007ffb083e3b90:   83 e0 7f 0f 85 05 01 00 00 0f 28 74 24 10 0f 28
0x00007ffb083e3ba0:   3c 24 41 83 e0 0f 75 06 48 83 c4 20 5f c3 49 8b
0x00007ffb083e3bb0:   c8 45 8b ca 48 c1 e9 02 48 85 c9 74 17 8b 02 41
0x00007ffb083e3bc0:   ff c1 89 07 48 83 c2 04 48 83 c7 04 41 8b c1 48
0x00007ffb083e3bd0:   3b c1 72 e9 41 83 e0 03 76 ce 48 2b d7 0f b6 04
0x00007ffb083e3be0:   3a 41 ff c2 88 07 48 8d 7f 01 41 8b c2 49 3b c0
0x00007ffb083e3bf0:   72 eb eb b4 4d 85 c9 74 66 0f 1f 80 00 00 00 00
0x00007ffb083e3c00:   f3 0f 6f 02 ff c1 f3 0f 6f 4a 10 f3 0f 6f 52 20
0x00007ffb083e3c10:   f3 0f 6f 5a 30 f3 0f 6f 62 40 f3 0f 6f 6a 50 f3
0x00007ffb083e3c20:   0f 6f 72 60 f3 0f 6f 7a 70 48 83 ea 80 66 0f e7
0x00007ffb083e3c30:   07 66 0f e7 4f 10 66 0f e7 57 20 66 0f e7 5f 30
0x00007ffb083e3c40:   66 0f e7 67 40 66 0f e7 6f 50 66 0f e7 77 60 66
0x00007ffb083e3c50:   0f e7 7f 70 48 83 ef 80 8b c1 49 3b c1 72 a1 41
0x00007ffb083e3c60:   83 e0 7f 0f 84 30 ff ff ff 45 8b c8 41 8b ca 49
0x00007ffb083e3c70:   c1 e9 04 4d 85 c9 0f 84 1d ff ff ff 0f 1f 40 00
0x00007ffb083e3c80:   f3 0f 6f 02 ff c1 66 0f e7 07 48 83 c7 10 8b c1
0x00007ffb083e3c90:   48 83 c2 10 49 3b c1 72 e7 e9 fb fe ff ff 49 8b
0x00007ffb083e3ca0:   c8 45 8b ca 48 c1 e9 04 48 85 c9 0f 84 e8 fe ff
0x00007ffb083e3cb0:   ff f3 0f 6f 02 41 ff c1 48 83 c2 10 41 8b c1 66
0x00007ffb083e3cc0:   0f e7 07 48 83 c7 10 48 3b c1 72 e5 e9 c8 fe ff
0x00007ffb083e3cd0:   ff 66 0f 6f 0d 07 2d c2 00 b8 10 00 00 00 2b c1
0x00007ffb083e3ce0:   8b c8 b8 0f 00 00 00 2a c1 0f be c0 66 0f 6e c0
0x00007ffb083e3cf0:   66 0f 60 c0 66 0f 61 c0 66 0f 70 c0 00 66 0f 64 


Stack slot to memory mapping:
stack at sp + 0 slots: 3790688426 is a compressed pointer to object: [I 
{0x000000070f8a8550} - klass: {type array int}
 - length: 1
stack at sp + 1 slots: 0x0 is NULL
stack at sp + 2 slots: 0x0 is NULL
stack at sp + 3 slots: 0x0 is NULL
stack at sp + 4 slots: 0x0000022f5331d040 is an unknown value
stack at sp + 5 slots: 0x00007ffb08536af4 igxelpicd64.dll
stack at sp + 6 slots: 0x0000022f5331d040 is an unknown value
stack at sp + 7 slots: 0x000000efb7cfe340 is pointing into the stack for thread: 0x0000022f0d556fd0


---------------  P R O C E S S  ---------------

Threads class SMR info:
_java_thread_list=0x0000022f34e68290, length=16, elements={
0x0000022f0d556fd0, 0x0000022f2d4653c0, 0x0000022f2d469e30, 0x0000022f2d49d690,
0x0000022f2d4a0050, 0x0000022f2d4a1fc0, 0x0000022f2d4a4980, 0x0000022f2d4a77e0,
0x0000022f2d4aa010, 0x0000022f2d4e5040, 0x0000022f2d652de0, 0x0000022f2d66acd0,
0x0000022f348b6650, 0x0000022f39389ab0, 0x0000022f2d5a2110, 0x0000022f394357f0
}

Java Threads: ( => current thread )
=>0x0000022f0d556fd0 JavaThread "main" [_thread_in_native, id=28148, stack(0x000000efb7c00000,0x000000efb7d00000)]
  0x0000022f2d4653c0 JavaThread "Reference Handler" daemon [_thread_blocked, id=28324, stack(0x000000efb8300000,0x000000efb8400000)]
  0x0000022f2d469e30 JavaThread "Finalizer" daemon [_thread_blocked, id=12112, stack(0x000000efb8400000,0x000000efb8500000)]
  0x0000022f2d49d690 JavaThread "Signal Dispatcher" daemon [_thread_blocked, id=25796, stack(0x000000efb8500000,0x000000efb8600000)]
  0x0000022f2d4a0050 JavaThread "Attach Listener" daemon [_thread_blocked, id=24452, stack(0x000000efb8600000,0x000000efb8700000)]
  0x0000022f2d4a1fc0 JavaThread "Service Thread" daemon [_thread_blocked, id=18388, stack(0x000000efb8700000,0x000000efb8800000)]
  0x0000022f2d4a4980 JavaThread "Monitor Deflation Thread" daemon [_thread_blocked, id=15684, stack(0x000000efb8800000,0x000000efb8900000)]
  0x0000022f2d4a77e0 JavaThread "C2 CompilerThread0" daemon [_thread_blocked, id=27036, stack(0x000000efb8900000,0x000000efb8a00000)]
  0x0000022f2d4aa010 JavaThread "C1 CompilerThread0" daemon [_thread_blocked, id=27940, stack(0x000000efb8a00000,0x000000efb8b00000)]
  0x0000022f2d4e5040 JavaThread "Sweeper thread" daemon [_thread_blocked, id=27252, stack(0x000000efb8b00000,0x000000efb8c00000)]
  0x0000022f2d652de0 JavaThread "Notification Thread" daemon [_thread_blocked, id=6556, stack(0x000000efb8e00000,0x000000efb8f00000)]
  0x0000022f2d66acd0 JavaThread "Common-Cleaner" daemon [_thread_blocked, id=8736, stack(0x000000efb9000000,0x000000efb9100000)]
  0x0000022f348b6650 JavaThread "Java2D Disposer" daemon [_thread_blocked, id=5540, stack(0x000000efb9800000,0x000000efb9900000)]
  0x0000022f39389ab0 JavaThread "Media Resource Disposer" daemon [_thread_blocked, id=28284, stack(0x000000efba300000,0x000000efba400000)]
  0x0000022f2d5a2110 JavaThread "Thread-0" daemon [_thread_blocked, id=21352, stack(0x000000efba400000,0x000000efba500000)]
  0x0000022f394357f0 JavaThread "JFXMedia Player EventQueueThread" daemon [_thread_blocked, id=28592, stack(0x000000efb7900000,0x000000efb7a00000)]

Other Threads:
  0x0000022f2d44e400 VMThread "VM Thread" [stack: 0x000000efb8200000,0x000000efb8300000] [id=14712]
  0x0000022f2d653d40 WatcherThread [stack: 0x000000efb8f00000,0x000000efb9000000] [id=28120]
  0x0000022f0d5c0930 GCTaskThread "GC Thread#0" [stack: 0x000000efb7d00000,0x000000efb7e00000] [id=19448]
  0x0000022f344e00b0 GCTaskThread "GC Thread#1" [stack: 0x000000efb9b00000,0x000000efb9c00000] [id=10400]
  0x0000022f34b7ae70 GCTaskThread "GC Thread#2" [stack: 0x000000efb9c00000,0x000000efb9d00000] [id=15424]
  0x0000022f34e17220 GCTaskThread "GC Thread#3" [stack: 0x000000efb9d00000,0x000000efb9e00000] [id=12276]
  0x0000022f34e174d0 GCTaskThread "GC Thread#4" [stack: 0x000000efb9e00000,0x000000efb9f00000] [id=21872]
  0x0000022f34e164b0 GCTaskThread "GC Thread#5" [stack: 0x000000efb9f00000,0x000000efba000000] [id=10404]
  0x0000022f34e16a10 GCTaskThread "GC Thread#6" [stack: 0x000000efba000000,0x000000efba100000] [id=14308]
  0x0000022f34e16cc0 GCTaskThread "GC Thread#7" [stack: 0x000000efba100000,0x000000efba200000] [id=26732]
  0x0000022f34e17a30 GCTaskThread "GC Thread#8" [stack: 0x000000efb9100000,0x000000efb9200000] [id=13060]
  0x0000022f3919ea00 GCTaskThread "GC Thread#9" [stack: 0x000000efba600000,0x000000efba700000] [id=18140]
  0x0000022f0d5d1a20 ConcurrentGCThread "G1 Main Marker" [stack: 0x000000efb7e00000,0x000000efb7f00000] [id=25728]
  0x0000022f0d5d2430 ConcurrentGCThread "G1 Conc#0" [stack: 0x000000efb7f00000,0x000000efb8000000] [id=15032]
  0x0000022f0d61d840 ConcurrentGCThread "G1 Refine#0" [stack: 0x000000efb8000000,0x000000efb8100000] [id=28452]
  0x0000022f0d61e260 ConcurrentGCThread "G1 Service" [stack: 0x000000efb8100000,0x000000efb8200000] [id=1944]

Threads with active compile tasks:

VM state: not at safepoint (normal execution)

VM Mutex/Monitor currently owned by a thread: None

Heap address: 0x0000000705e00000, size: 4002 MB, Compressed Oops mode: Zero based, Oop shift amount: 3

CDS archive(s) not mapped
Compressed class space mapped at: 0x0000000800000000-0x0000000840000000, reserved size: 1073741824
Narrow klass base: 0x0000000800000000, Narrow klass shift: 0, Narrow klass range: 0x40000000

GC Precious Log:
 CPUs: 16 total, 16 available
 Memory: 16005M
 Large Page Support: Disabled
 NUMA Support: Disabled
 Compressed Oops: Enabled (Zero based)
 Heap Region Size: 2M
 Heap Min Capacity: 8M
 Heap Initial Capacity: 252M
 Heap Max Capacity: 4002M
 Pre-touch: Disabled
 Parallel Workers: 13
 Concurrent Workers: 3
 Concurrent Refinement Workers: 13
 Periodic GC: Disabled

Heap:
 garbage-first heap   total 428032K, used 121884K [0x0000000705e00000, 0x0000000800000000)
  region size 2048K, 9 young (18432K), 1 survivors (2048K)
 Metaspace       used 16205K, committed 16448K, reserved 1064960K
  class space    used 1374K, committed 1472K, reserved 1048576K

Heap Regions: E=young(eden), S=young(survivor), O=old, HS=humongous(starts), HC=humongous(continues), CS=collection set, F=free, OA=open archive, CA=closed archive, TAMS=top-at-mark-start (previous, next)
|   0|0x0000000705e00000, 0x0000000706000000, 0x0000000706000000|100%| O|  |TAMS 0x0000000705e00000, 0x0000000706000000| Untracked 
|   1|0x0000000706000000, 0x0000000706000000, 0x0000000706200000|  0%| F|  |TAMS 0x0000000706000000, 0x0000000706000000| Untracked 
|   2|0x0000000706200000, 0x0000000706200000, 0x0000000706400000|  0%| F|  |TAMS 0x0000000706200000, 0x0000000706200000| Untracked 
|   3|0x0000000706400000, 0x0000000706400000, 0x0000000706600000|  0%| F|  |TAMS 0x0000000706400000, 0x0000000706400000| Untracked 
|   4|0x0000000706600000, 0x0000000706800000, 0x0000000706800000|100%|HS|  |TAMS 0x0000000706600000, 0x0000000706600000| Complete 
|   5|0x0000000706800000, 0x0000000706a00000, 0x0000000706a00000|100%|HS|  |TAMS 0x0000000706800000, 0x0000000706800000| Complete 
|   6|0x0000000706a00000, 0x0000000706a00000, 0x0000000706c00000|  0%| F|  |TAMS 0x0000000706a00000, 0x0000000706a00000| Untracked 
|   7|0x0000000706c00000, 0x0000000706c00000, 0x0000000706e00000|  0%| F|  |TAMS 0x0000000706c00000, 0x0000000706c00000| Untracked 
|   8|0x0000000706e00000, 0x0000000706e00000, 0x0000000707000000|  0%| F|  |TAMS 0x0000000706e00000, 0x0000000706e00000| Untracked 
|   9|0x0000000707000000, 0x0000000707200000, 0x0000000707200000|100%|HS|  |TAMS 0x0000000707000000, 0x0000000707000000| Complete 
|  10|0x0000000707200000, 0x0000000707200000, 0x0000000707400000|  0%| F|  |TAMS 0x0000000707200000, 0x0000000707200000| Untracked 
|  11|0x0000000707400000, 0x0000000707600000, 0x0000000707600000|100%|HS|  |TAMS 0x0000000707400000, 0x0000000707400000| Complete 
|  12|0x0000000707600000, 0x0000000707600000, 0x0000000707800000|  0%| F|  |TAMS 0x0000000707600000, 0x0000000707600000| Untracked 
|  13|0x0000000707800000, 0x0000000707800000, 0x0000000707a00000|  0%| F|  |TAMS 0x0000000707800000, 0x0000000707800000| Untracked 
|  14|0x0000000707a00000, 0x0000000707c00000, 0x0000000707c00000|100%|HS|  |TAMS 0x0000000707a00000, 0x0000000707a00000| Complete 
|  15|0x0000000707c00000, 0x0000000707c00000, 0x0000000707e00000|  0%| F|  |TAMS 0x0000000707c00000, 0x0000000707c00000| Untracked 
|  16|0x0000000707e00000, 0x0000000708000000, 0x0000000708000000|100%|HS|  |TAMS 0x0000000707e00000, 0x0000000707e00000| Complete 
|  17|0x0000000708000000, 0x0000000708000000, 0x0000000708200000|  0%| F|  |TAMS 0x0000000708000000, 0x0000000708000000| Untracked 
|  18|0x0000000708200000, 0x0000000708200000, 0x0000000708400000|  0%| F|  |TAMS 0x0000000708200000, 0x0000000708200000| Untracked 
|  19|0x0000000708400000, 0x0000000708600000, 0x0000000708600000|100%|HS|  |TAMS 0x0000000708400000, 0x0000000708400000| Complete 
|  20|0x0000000708600000, 0x0000000708600000, 0x0000000708800000|  0%| F|  |TAMS 0x0000000708600000, 0x0000000708600000| Untracked 
|  21|0x0000000708800000, 0x0000000708800000, 0x0000000708a00000|  0%| F|  |TAMS 0x0000000708800000, 0x0000000708800000| Untracked 
|  22|0x0000000708a00000, 0x0000000708c00000, 0x0000000708c00000|100%|HS|  |TAMS 0x0000000708a00000, 0x0000000708a00000| Complete 
|  23|0x0000000708c00000, 0x0000000708c00000, 0x0000000708e00000|  0%| F|  |TAMS 0x0000000708c00000, 0x0000000708c00000| Untracked 
|  24|0x0000000708e00000, 0x0000000709000000, 0x0000000709000000|100%|HS|  |TAMS 0x0000000708e00000, 0x0000000708e00000| Complete 
|  25|0x0000000709000000, 0x0000000709000000, 0x0000000709200000|  0%| F|  |TAMS 0x0000000709000000, 0x0000000709000000| Untracked 
|  26|0x0000000709200000, 0x0000000709200000, 0x0000000709400000|  0%| F|  |TAMS 0x0000000709200000, 0x0000000709200000| Untracked 
|  27|0x0000000709400000, 0x0000000709600000, 0x0000000709600000|100%| O|  |TAMS 0x0000000709400000, 0x0000000709600000| Untracked 
|  28|0x0000000709600000, 0x0000000709800000, 0x0000000709800000|100%| O|  |TAMS 0x0000000709600000, 0x0000000709800000| Untracked 
|  29|0x0000000709800000, 0x0000000709a00000, 0x0000000709a00000|100%|HS|  |TAMS 0x0000000709800000, 0x0000000709800000| Complete 
|  30|0x0000000709a00000, 0x0000000709a00000, 0x0000000709c00000|  0%| F|  |TAMS 0x0000000709a00000, 0x0000000709a00000| Untracked 
|  31|0x0000000709c00000, 0x0000000709c00000, 0x0000000709e00000|  0%| F|  |TAMS 0x0000000709c00000, 0x0000000709c00000| Untracked 
|  32|0x0000000709e00000, 0x000000070a000000, 0x000000070a000000|100%|HS|  |TAMS 0x0000000709e00000, 0x0000000709e00000| Complete 
|  33|0x000000070a000000, 0x000000070a000000, 0x000000070a200000|  0%| F|  |TAMS 0x000000070a000000, 0x000000070a000000| Untracked 
|  34|0x000000070a200000, 0x000000070a400000, 0x000000070a400000|100%|HS|  |TAMS 0x000000070a200000, 0x000000070a200000| Complete 
|  35|0x000000070a400000, 0x000000070a400000, 0x000000070a600000|  0%| F|  |TAMS 0x000000070a400000, 0x000000070a400000| Untracked 
|  36|0x000000070a600000, 0x000000070a600000, 0x000000070a800000|  0%| F|  |TAMS 0x000000070a600000, 0x000000070a600000| Untracked 
|  37|0x000000070a800000, 0x000000070a800000, 0x000000070aa00000|  0%| F|  |TAMS 0x000000070a800000, 0x000000070a800000| Untracked 
|  38|0x000000070aa00000, 0x000000070ac00000, 0x000000070ac00000|100%|HS|  |TAMS 0x000000070aa00000, 0x000000070aa00000| Complete 
|  39|0x000000070ac00000, 0x000000070ac00000, 0x000000070ae00000|  0%| F|  |TAMS 0x000000070ac00000, 0x000000070ac00000| Untracked 
|  40|0x000000070ae00000, 0x000000070af56600, 0x000000070b000000| 66%| O|  |TAMS 0x000000070ae00000, 0x000000070af54a00| Untracked 
|  41|0x000000070b000000, 0x000000070b200000, 0x000000070b200000|100%|HS|  |TAMS 0x000000070b000000, 0x000000070b200000| Complete 
|  42|0x000000070b200000, 0x000000070b400000, 0x000000070b400000|100%|HS|  |TAMS 0x000000070b200000, 0x000000070b400000| Complete 
|  43|0x000000070b400000, 0x000000070b400000, 0x000000070b600000|  0%| F|  |TAMS 0x000000070b400000, 0x000000070b400000| Untracked 
|  44|0x000000070b600000, 0x000000070b600000, 0x000000070b800000|  0%| F|  |TAMS 0x000000070b600000, 0x000000070b600000| Untracked 
|  45|0x000000070b800000, 0x000000070ba00000, 0x000000070ba00000|100%|HS|  |TAMS 0x000000070b800000, 0x000000070b800000| Complete 
|  46|0x000000070ba00000, 0x000000070ba00000, 0x000000070bc00000|  0%| F|  |TAMS 0x000000070ba00000, 0x000000070ba00000| Untracked 
|  47|0x000000070bc00000, 0x000000070be00000, 0x000000070be00000|100%|HS|  |TAMS 0x000000070bc00000, 0x000000070be00000| Complete 
|  48|0x000000070be00000, 0x000000070c000000, 0x000000070c000000|100%|HS|  |TAMS 0x000000070be00000, 0x000000070be00000| Complete 
|  49|0x000000070c000000, 0x000000070c000000, 0x000000070c200000|  0%| F|  |TAMS 0x000000070c000000, 0x000000070c000000| Untracked 
|  50|0x000000070c200000, 0x000000070c400000, 0x000000070c400000|100%|HS|  |TAMS 0x000000070c200000, 0x000000070c200000| Complete 
|  51|0x000000070c400000, 0x000000070c400000, 0x000000070c600000|  0%| F|  |TAMS 0x000000070c400000, 0x000000070c400000| Untracked 
|  52|0x000000070c600000, 0x000000070c600000, 0x000000070c800000|  0%| F|  |TAMS 0x000000070c600000, 0x000000070c600000| Untracked 
|  53|0x000000070c800000, 0x000000070c800000, 0x000000070ca00000|  0%| F|  |TAMS 0x000000070c800000, 0x000000070c800000| Untracked 
|  54|0x000000070ca00000, 0x000000070cc00000, 0x000000070cc00000|100%|HS|  |TAMS 0x000000070ca00000, 0x000000070ca00000| Complete 
|  55|0x000000070cc00000, 0x000000070cc00000, 0x000000070ce00000|  0%| F|  |TAMS 0x000000070cc00000, 0x000000070cc00000| Untracked 
|  56|0x000000070ce00000, 0x000000070d000000, 0x000000070d000000|100%|HS|  |TAMS 0x000000070ce00000, 0x000000070ce00000| Complete 
|  57|0x000000070d000000, 0x000000070d000000, 0x000000070d200000|  0%| F|  |TAMS 0x000000070d000000, 0x000000070d000000| Untracked 
|  58|0x000000070d200000, 0x000000070d200000, 0x000000070d400000|  0%| F|  |TAMS 0x000000070d200000, 0x000000070d200000| Untracked 
|  59|0x000000070d400000, 0x000000070d400000, 0x000000070d600000|  0%| F|  |TAMS 0x000000070d400000, 0x000000070d400000| Untracked 
|  60|0x000000070d600000, 0x000000070d600000, 0x000000070d800000|  0%| F|  |TAMS 0x000000070d600000, 0x000000070d600000| Untracked 
|  61|0x000000070d800000, 0x000000070d800000, 0x000000070da00000|  0%| F|  |TAMS 0x000000070d800000, 0x000000070d800000| Untracked 
|  62|0x000000070da00000, 0x000000070dbb0bb8, 0x000000070dc00000| 84%| S|CS|TAMS 0x000000070da00000, 0x000000070da00000| Complete 
|  63|0x000000070dc00000, 0x000000070dc00000, 0x000000070de00000|  0%| F|  |TAMS 0x000000070dc00000, 0x000000070dc00000| Untracked 
|  64|0x000000070de00000, 0x000000070de00000, 0x000000070e000000|  0%| F|  |TAMS 0x000000070de00000, 0x000000070de00000| Untracked 
|  65|0x000000070e000000, 0x000000070e000000, 0x000000070e200000|  0%| F|  |TAMS 0x000000070e000000, 0x000000070e000000| Untracked 
|  66|0x000000070e200000, 0x000000070e200000, 0x000000070e400000|  0%| F|  |TAMS 0x000000070e200000, 0x000000070e200000| Untracked 
|  67|0x000000070e400000, 0x000000070e600000, 0x000000070e600000|100%|HS|  |TAMS 0x000000070e400000, 0x000000070e600000| Complete 
|  68|0x000000070e600000, 0x000000070e600000, 0x000000070e800000|  0%| F|  |TAMS 0x000000070e600000, 0x000000070e600000| Untracked 
|  69|0x000000070e800000, 0x000000070e800000, 0x000000070ea00000|  0%| F|  |TAMS 0x000000070e800000, 0x000000070e800000| Untracked 
|  70|0x000000070ea00000, 0x000000070ea00000, 0x000000070ec00000|  0%| F|  |TAMS 0x000000070ea00000, 0x000000070ea00000| Untracked 
|  71|0x000000070ec00000, 0x000000070ec00000, 0x000000070ee00000|  0%| F|  |TAMS 0x000000070ec00000, 0x000000070ec00000| Untracked 
|  72|0x000000070ee00000, 0x000000070ee00000, 0x000000070f000000|  0%| F|  |TAMS 0x000000070ee00000, 0x000000070ee00000| Untracked 
|  73|0x000000070f000000, 0x000000070f000000, 0x000000070f200000|  0%| F|  |TAMS 0x000000070f000000, 0x000000070f000000| Untracked 
|  74|0x000000070f200000, 0x000000070f200000, 0x000000070f400000|  0%| F|  |TAMS 0x000000070f200000, 0x000000070f200000| Untracked 
|  75|0x000000070f400000, 0x000000070f400000, 0x000000070f600000|  0%| F|  |TAMS 0x000000070f400000, 0x000000070f400000| Untracked 
|  76|0x000000070f600000, 0x000000070f600000, 0x000000070f800000|  0%| F|  |TAMS 0x000000070f600000, 0x000000070f600000| Untracked 
|  77|0x000000070f800000, 0x000000070f800000, 0x000000070fa00000|  0%| F|  |TAMS 0x000000070f800000, 0x000000070f800000| Untracked 
|  78|0x000000070fa00000, 0x000000070fa00000, 0x000000070fc00000|  0%| F|  |TAMS 0x000000070fa00000, 0x000000070fa00000| Untracked 
|  79|0x000000070fc00000, 0x000000070fc00000, 0x000000070fe00000|  0%| F|  |TAMS 0x000000070fc00000, 0x000000070fc00000| Untracked 
|  80|0x000000070fe00000, 0x000000070fe00000, 0x0000000710000000|  0%| F|  |TAMS 0x000000070fe00000, 0x000000070fe00000| Untracked 
|  81|0x0000000710000000, 0x0000000710000000, 0x0000000710200000|  0%| F|  |TAMS 0x0000000710000000, 0x0000000710000000| Untracked 
|  82|0x0000000710200000, 0x0000000710200000, 0x0000000710400000|  0%| F|  |TAMS 0x0000000710200000, 0x0000000710200000| Untracked 
|  83|0x0000000710400000, 0x0000000710400000, 0x0000000710600000|  0%| F|  |TAMS 0x0000000710400000, 0x0000000710400000| Untracked 
|  84|0x0000000710600000, 0x0000000710600000, 0x0000000710800000|  0%| F|  |TAMS 0x0000000710600000, 0x0000000710600000| Untracked 
|  85|0x0000000710800000, 0x0000000710800000, 0x0000000710a00000|  0%| F|  |TAMS 0x0000000710800000, 0x0000000710800000| Untracked 
|  86|0x0000000710a00000, 0x0000000710a00000, 0x0000000710c00000|  0%| F|  |TAMS 0x0000000710a00000, 0x0000000710a00000| Untracked 
|  87|0x0000000710c00000, 0x0000000710c00000, 0x0000000710e00000|  0%| F|  |TAMS 0x0000000710c00000, 0x0000000710c00000| Untracked 
|  88|0x0000000710e00000, 0x0000000710e00000, 0x0000000711000000|  0%| F|  |TAMS 0x0000000710e00000, 0x0000000710e00000| Untracked 
|  89|0x0000000711000000, 0x0000000711000000, 0x0000000711200000|  0%| F|  |TAMS 0x0000000711000000, 0x0000000711000000| Untracked 
|  90|0x0000000711200000, 0x0000000711200000, 0x0000000711400000|  0%| F|  |TAMS 0x0000000711200000, 0x0000000711200000| Untracked 
|  91|0x0000000711400000, 0x0000000711400000, 0x0000000711600000|  0%| F|  |TAMS 0x0000000711400000, 0x0000000711400000| Untracked 
|  92|0x0000000711600000, 0x0000000711600000, 0x0000000711800000|  0%| F|  |TAMS 0x0000000711600000, 0x0000000711600000| Untracked 
|  93|0x0000000711800000, 0x0000000711800000, 0x0000000711a00000|  0%| F|  |TAMS 0x0000000711800000, 0x0000000711800000| Untracked 
|  94|0x0000000711a00000, 0x0000000711a00000, 0x0000000711c00000|  0%| F|  |TAMS 0x0000000711a00000, 0x0000000711a00000| Untracked 
|  95|0x0000000711c00000, 0x0000000711c00000, 0x0000000711e00000|  0%| F|  |TAMS 0x0000000711c00000, 0x0000000711c00000| Untracked 
|  96|0x0000000711e00000, 0x0000000711e00000, 0x0000000712000000|  0%| F|  |TAMS 0x0000000711e00000, 0x0000000711e00000| Untracked 
|  97|0x0000000712000000, 0x0000000712000000, 0x0000000712200000|  0%| F|  |TAMS 0x0000000712000000, 0x0000000712000000| Untracked 
|  98|0x0000000712200000, 0x0000000712200000, 0x0000000712400000|  0%| F|  |TAMS 0x0000000712200000, 0x0000000712200000| Untracked 
|  99|0x0000000712400000, 0x0000000712400000, 0x0000000712600000|  0%| F|  |TAMS 0x0000000712400000, 0x0000000712400000| Untracked 
| 100|0x0000000712600000, 0x0000000712600000, 0x0000000712800000|  0%| F|  |TAMS 0x0000000712600000, 0x0000000712600000| Untracked 
| 101|0x0000000712800000, 0x0000000712800000, 0x0000000712a00000|  0%| F|  |TAMS 0x0000000712800000, 0x0000000712800000| Untracked 
| 102|0x0000000712a00000, 0x0000000712a00000, 0x0000000712c00000|  0%| F|  |TAMS 0x0000000712a00000, 0x0000000712a00000| Untracked 
| 103|0x0000000712c00000, 0x0000000712c00000, 0x0000000712e00000|  0%| F|  |TAMS 0x0000000712c00000, 0x0000000712c00000| Untracked 
| 104|0x0000000712e00000, 0x0000000712e00000, 0x0000000713000000|  0%| F|  |TAMS 0x0000000712e00000, 0x0000000712e00000| Untracked 
| 105|0x0000000713000000, 0x0000000713000000, 0x0000000713200000|  0%| F|  |TAMS 0x0000000713000000, 0x0000000713000000| Untracked 
| 106|0x0000000713200000, 0x0000000713200000, 0x0000000713400000|  0%| F|  |TAMS 0x0000000713200000, 0x0000000713200000| Untracked 
| 107|0x0000000713400000, 0x0000000713400000, 0x0000000713600000|  0%| F|  |TAMS 0x0000000713400000, 0x0000000713400000| Untracked 
| 108|0x0000000713600000, 0x0000000713600000, 0x0000000713800000|  0%| F|  |TAMS 0x0000000713600000, 0x0000000713600000| Untracked 
| 109|0x0000000713800000, 0x0000000713800000, 0x0000000713a00000|  0%| F|  |TAMS 0x0000000713800000, 0x0000000713800000| Untracked 
| 110|0x0000000713a00000, 0x0000000713c00000, 0x0000000713c00000|100%|HS|  |TAMS 0x0000000713a00000, 0x0000000713c00000| Complete 
| 111|0x0000000713c00000, 0x0000000713e00000, 0x0000000713e00000|100%|HC|  |TAMS 0x0000000713c00000, 0x0000000713e00000| Complete 
| 112|0x0000000713e00000, 0x0000000714000000, 0x0000000714000000|100%|HC|  |TAMS 0x0000000713e00000, 0x0000000714000000| Complete 
| 113|0x0000000714000000, 0x0000000714200000, 0x0000000714200000|100%|HC|  |TAMS 0x0000000714000000, 0x0000000714200000| Complete 
| 114|0x0000000714200000, 0x0000000714400000, 0x0000000714400000|100%|HC|  |TAMS 0x0000000714200000, 0x0000000714400000| Complete 
| 115|0x0000000714400000, 0x0000000714600000, 0x0000000714600000|100%|HC|  |TAMS 0x0000000714400000, 0x0000000714600000| Complete 
| 116|0x0000000714600000, 0x0000000714800000, 0x0000000714800000|100%|HC|  |TAMS 0x0000000714600000, 0x0000000714800000| Complete 
| 117|0x0000000714800000, 0x0000000714a00000, 0x0000000714a00000|100%|HC|  |TAMS 0x0000000714800000, 0x0000000714a00000| Complete 
| 118|0x0000000714a00000, 0x0000000714c00000, 0x0000000714c00000|100%|HC|  |TAMS 0x0000000714a00000, 0x0000000714c00000| Complete 
| 119|0x0000000714c00000, 0x0000000714e00000, 0x0000000714e00000|100%|HC|  |TAMS 0x0000000714c00000, 0x0000000714e00000| Complete 
| 120|0x0000000714e00000, 0x0000000715000000, 0x0000000715000000|100%|HC|  |TAMS 0x0000000714e00000, 0x0000000715000000| Complete 
| 121|0x0000000715000000, 0x0000000715200000, 0x0000000715200000|100%|HC|  |TAMS 0x0000000715000000, 0x0000000715200000| Complete 
| 122|0x0000000715200000, 0x0000000715400000, 0x0000000715400000|100%|HC|  |TAMS 0x0000000715200000, 0x0000000715400000| Complete 
| 123|0x0000000715400000, 0x0000000715600000, 0x0000000715600000|100%|HC|  |TAMS 0x0000000715400000, 0x0000000715600000| Complete 
| 124|0x0000000715600000, 0x0000000715800000, 0x0000000715800000|100%|HC|  |TAMS 0x0000000715600000, 0x0000000715800000| Complete 
| 125|0x0000000715800000, 0x0000000715a00000, 0x0000000715a00000|100%|HC|  |TAMS 0x0000000715800000, 0x0000000715a00000| Complete 
| 126|0x0000000715a00000, 0x0000000715c00000, 0x0000000715c00000|100%|HC|  |TAMS 0x0000000715a00000, 0x0000000715c00000| Complete 
| 127|0x0000000715c00000, 0x0000000715e00000, 0x0000000715e00000|100%|HC|  |TAMS 0x0000000715c00000, 0x0000000715e00000| Complete 
| 128|0x0000000715e00000, 0x0000000716000000, 0x0000000716000000|100%|HC|  |TAMS 0x0000000715e00000, 0x0000000716000000| Complete 
| 129|0x0000000716000000, 0x0000000716200000, 0x0000000716200000|100%|HC|  |TAMS 0x0000000716000000, 0x0000000716200000| Complete 
| 130|0x0000000716200000, 0x0000000716400000, 0x0000000716400000|100%|HC|  |TAMS 0x0000000716200000, 0x0000000716400000| Complete 
| 131|0x0000000716400000, 0x0000000716600000, 0x0000000716600000|100%|HC|  |TAMS 0x0000000716400000, 0x0000000716600000| Complete 
| 132|0x0000000716600000, 0x0000000716800000, 0x0000000716800000|100%|HC|  |TAMS 0x0000000716600000, 0x0000000716800000| Complete 
| 133|0x0000000716800000, 0x0000000716a00000, 0x0000000716a00000|100%|HC|  |TAMS 0x0000000716800000, 0x0000000716a00000| Complete 
| 134|0x0000000716a00000, 0x0000000716c00000, 0x0000000716c00000|100%|HC|  |TAMS 0x0000000716a00000, 0x0000000716c00000| Complete 
| 135|0x0000000716c00000, 0x0000000716e00000, 0x0000000716e00000|100%|HC|  |TAMS 0x0000000716c00000, 0x0000000716e00000| Complete 
| 136|0x0000000716e00000, 0x0000000716e00000, 0x0000000717000000|  0%| F|  |TAMS 0x0000000716e00000, 0x0000000716e00000| Untracked 
| 137|0x0000000717000000, 0x0000000717000000, 0x0000000717200000|  0%| F|  |TAMS 0x0000000717000000, 0x0000000717000000| Untracked 
| 138|0x0000000717200000, 0x0000000717200000, 0x0000000717400000|  0%| F|  |TAMS 0x0000000717200000, 0x0000000717200000| Untracked 
| 139|0x0000000717400000, 0x0000000717400000, 0x0000000717600000|  0%| F|  |TAMS 0x0000000717400000, 0x0000000717400000| Untracked 
| 140|0x0000000717600000, 0x0000000717600000, 0x0000000717800000|  0%| F|  |TAMS 0x0000000717600000, 0x0000000717600000| Untracked 
| 141|0x0000000717800000, 0x0000000717800000, 0x0000000717a00000|  0%| F|  |TAMS 0x0000000717800000, 0x0000000717800000| Untracked 
| 142|0x0000000717a00000, 0x0000000717a00000, 0x0000000717c00000|  0%| F|  |TAMS 0x0000000717a00000, 0x0000000717a00000| Untracked 
| 143|0x0000000717c00000, 0x0000000717c00000, 0x0000000717e00000|  0%| F|  |TAMS 0x0000000717c00000, 0x0000000717c00000| Untracked 
| 144|0x0000000717e00000, 0x0000000717e00000, 0x0000000718000000|  0%| F|  |TAMS 0x0000000717e00000, 0x0000000717e00000| Untracked 
| 145|0x0000000718000000, 0x0000000718000000, 0x0000000718200000|  0%| F|  |TAMS 0x0000000718000000, 0x0000000718000000| Untracked 
| 146|0x0000000718200000, 0x0000000718200000, 0x0000000718400000|  0%| F|  |TAMS 0x0000000718200000, 0x0000000718200000| Untracked 
| 147|0x0000000718400000, 0x0000000718400000, 0x0000000718600000|  0%| F|  |TAMS 0x0000000718400000, 0x0000000718400000| Untracked 
| 148|0x0000000718600000, 0x0000000718600000, 0x0000000718800000|  0%| F|  |TAMS 0x0000000718600000, 0x0000000718600000| Untracked 
| 149|0x0000000718800000, 0x0000000718800000, 0x0000000718a00000|  0%| F|  |TAMS 0x0000000718800000, 0x0000000718800000| Untracked 
| 150|0x0000000718a00000, 0x0000000718a00000, 0x0000000718c00000|  0%| F|  |TAMS 0x0000000718a00000, 0x0000000718a00000| Untracked 
| 151|0x0000000718c00000, 0x0000000718c00000, 0x0000000718e00000|  0%| F|  |TAMS 0x0000000718c00000, 0x0000000718c00000| Untracked 
| 152|0x0000000718e00000, 0x0000000718e00000, 0x0000000719000000|  0%| F|  |TAMS 0x0000000718e00000, 0x0000000718e00000| Untracked 
| 153|0x0000000719000000, 0x0000000719000000, 0x0000000719200000|  0%| F|  |TAMS 0x0000000719000000, 0x0000000719000000| Untracked 
| 154|0x0000000719200000, 0x0000000719200000, 0x0000000719400000|  0%| F|  |TAMS 0x0000000719200000, 0x0000000719200000| Untracked 
| 155|0x0000000719400000, 0x0000000719400000, 0x0000000719600000|  0%| F|  |TAMS 0x0000000719400000, 0x0000000719400000| Untracked 
| 156|0x0000000719600000, 0x0000000719600000, 0x0000000719800000|  0%| F|  |TAMS 0x0000000719600000, 0x0000000719600000| Untracked 
| 157|0x0000000719800000, 0x0000000719800000, 0x0000000719a00000|  0%| F|  |TAMS 0x0000000719800000, 0x0000000719800000| Untracked 
| 158|0x0000000719a00000, 0x0000000719a00000, 0x0000000719c00000|  0%| F|  |TAMS 0x0000000719a00000, 0x0000000719a00000| Untracked 
| 159|0x0000000719c00000, 0x0000000719c00000, 0x0000000719e00000|  0%| F|  |TAMS 0x0000000719c00000, 0x0000000719c00000| Untracked 
| 160|0x0000000719e00000, 0x0000000719e00000, 0x000000071a000000|  0%| F|  |TAMS 0x0000000719e00000, 0x0000000719e00000| Untracked 
| 161|0x000000071a000000, 0x000000071a000000, 0x000000071a200000|  0%| F|  |TAMS 0x000000071a000000, 0x000000071a000000| Untracked 
| 162|0x000000071a200000, 0x000000071a200000, 0x000000071a400000|  0%| F|  |TAMS 0x000000071a200000, 0x000000071a200000| Untracked 
| 163|0x000000071a400000, 0x000000071a400000, 0x000000071a600000|  0%| F|  |TAMS 0x000000071a400000, 0x000000071a400000| Untracked 
| 164|0x000000071a600000, 0x000000071a600000, 0x000000071a800000|  0%| F|  |TAMS 0x000000071a600000, 0x000000071a600000| Untracked 
| 165|0x000000071a800000, 0x000000071a800000, 0x000000071aa00000|  0%| F|  |TAMS 0x000000071a800000, 0x000000071a800000| Untracked 
| 166|0x000000071aa00000, 0x000000071aa00000, 0x000000071ac00000|  0%| F|  |TAMS 0x000000071aa00000, 0x000000071aa00000| Untracked 
| 167|0x000000071ac00000, 0x000000071ac00000, 0x000000071ae00000|  0%| F|  |TAMS 0x000000071ac00000, 0x000000071ac00000| Untracked 
| 168|0x000000071ae00000, 0x000000071ae00000, 0x000000071b000000|  0%| F|  |TAMS 0x000000071ae00000, 0x000000071ae00000| Untracked 
| 169|0x000000071b000000, 0x000000071b000000, 0x000000071b200000|  0%| F|  |TAMS 0x000000071b000000, 0x000000071b000000| Untracked 
| 170|0x000000071b200000, 0x000000071b200000, 0x000000071b400000|  0%| F|  |TAMS 0x000000071b200000, 0x000000071b200000| Untracked 
| 171|0x000000071b400000, 0x000000071b400000, 0x000000071b600000|  0%| F|  |TAMS 0x000000071b400000, 0x000000071b400000| Untracked 
| 172|0x000000071b600000, 0x000000071b600000, 0x000000071b800000|  0%| F|  |TAMS 0x000000071b600000, 0x000000071b600000| Untracked 
| 173|0x000000071b800000, 0x000000071b800000, 0x000000071ba00000|  0%| F|  |TAMS 0x000000071b800000, 0x000000071b800000| Untracked 
| 174|0x000000071ba00000, 0x000000071ba00000, 0x000000071bc00000|  0%| F|  |TAMS 0x000000071ba00000, 0x000000071ba00000| Untracked 
| 175|0x000000071bc00000, 0x000000071bc00000, 0x000000071be00000|  0%| F|  |TAMS 0x000000071bc00000, 0x000000071bc00000| Untracked 
| 176|0x000000071be00000, 0x000000071be00000, 0x000000071c000000|  0%| F|  |TAMS 0x000000071be00000, 0x000000071be00000| Untracked 
| 177|0x000000071c000000, 0x000000071c000000, 0x000000071c200000|  0%| F|  |TAMS 0x000000071c000000, 0x000000071c000000| Untracked 
| 178|0x000000071c200000, 0x000000071c200000, 0x000000071c400000|  0%| F|  |TAMS 0x000000071c200000, 0x000000071c200000| Untracked 
| 179|0x000000071c400000, 0x000000071c400000, 0x000000071c600000|  0%| F|  |TAMS 0x000000071c400000, 0x000000071c400000| Untracked 
| 180|0x000000071c600000, 0x000000071c600000, 0x000000071c800000|  0%| F|  |TAMS 0x000000071c600000, 0x000000071c600000| Untracked 
| 181|0x000000071c800000, 0x000000071c800000, 0x000000071ca00000|  0%| F|  |TAMS 0x000000071c800000, 0x000000071c800000| Untracked 
| 182|0x000000071ca00000, 0x000000071ca00000, 0x000000071cc00000|  0%| F|  |TAMS 0x000000071ca00000, 0x000000071ca00000| Untracked 
| 183|0x000000071cc00000, 0x000000071cc00000, 0x000000071ce00000|  0%| F|  |TAMS 0x000000071cc00000, 0x000000071cc00000| Untracked 
| 184|0x000000071ce00000, 0x000000071ce00000, 0x000000071d000000|  0%| F|  |TAMS 0x000000071ce00000, 0x000000071ce00000| Untracked 
| 185|0x000000071d000000, 0x000000071d000000, 0x000000071d200000|  0%| F|  |TAMS 0x000000071d000000, 0x000000071d000000| Untracked 
| 186|0x000000071d200000, 0x000000071d200000, 0x000000071d400000|  0%| F|  |TAMS 0x000000071d200000, 0x000000071d200000| Untracked 
| 187|0x000000071d400000, 0x000000071d400000, 0x000000071d600000|  0%| F|  |TAMS 0x000000071d400000, 0x000000071d400000| Untracked 
| 188|0x000000071d600000, 0x000000071d600000, 0x000000071d800000|  0%| F|  |TAMS 0x000000071d600000, 0x000000071d600000| Untracked 
| 189|0x000000071d800000, 0x000000071d800000, 0x000000071da00000|  0%| F|  |TAMS 0x000000071d800000, 0x000000071d800000| Untracked 
| 190|0x000000071da00000, 0x000000071da00000, 0x000000071dc00000|  0%| F|  |TAMS 0x000000071da00000, 0x000000071da00000| Untracked 
| 191|0x000000071dc00000, 0x000000071dc00000, 0x000000071de00000|  0%| F|  |TAMS 0x000000071dc00000, 0x000000071dc00000| Untracked 
| 192|0x000000071de00000, 0x000000071de00000, 0x000000071e000000|  0%| F|  |TAMS 0x000000071de00000, 0x000000071de00000| Untracked 
| 193|0x000000071e000000, 0x000000071e000000, 0x000000071e200000|  0%| F|  |TAMS 0x000000071e000000, 0x000000071e000000| Untracked 
| 194|0x000000071e200000, 0x000000071e200000, 0x000000071e400000|  0%| F|  |TAMS 0x000000071e200000, 0x000000071e200000| Untracked 
| 195|0x000000071e400000, 0x000000071e400000, 0x000000071e600000|  0%| F|  |TAMS 0x000000071e400000, 0x000000071e400000| Untracked 
| 196|0x000000071e600000, 0x000000071e600000, 0x000000071e800000|  0%| F|  |TAMS 0x000000071e600000, 0x000000071e600000| Untracked 
| 197|0x000000071e800000, 0x000000071e800000, 0x000000071ea00000|  0%| F|  |TAMS 0x000000071e800000, 0x000000071e800000| Untracked 
| 198|0x000000071ea00000, 0x000000071ea00000, 0x000000071ec00000|  0%| F|  |TAMS 0x000000071ea00000, 0x000000071ea00000| Untracked 
| 199|0x000000071ec00000, 0x000000071ec00000, 0x000000071ee00000|  0%| F|  |TAMS 0x000000071ec00000, 0x000000071ec00000| Untracked 
| 200|0x000000071ee00000, 0x000000071ee00000, 0x000000071f000000|  0%| F|  |TAMS 0x000000071ee00000, 0x000000071ee00000| Untracked 
| 201|0x000000071f000000, 0x000000071f000800, 0x000000071f200000|  0%| E|  |TAMS 0x000000071f000000, 0x000000071f000000| Complete 
| 202|0x000000071f200000, 0x000000071f400000, 0x000000071f400000|100%| E|CS|TAMS 0x000000071f200000, 0x000000071f200000| Complete 
| 203|0x000000071f400000, 0x000000071f600000, 0x000000071f600000|100%| E|CS|TAMS 0x000000071f400000, 0x000000071f400000| Complete 
| 204|0x000000071f600000, 0x000000071f800000, 0x000000071f800000|100%| E|CS|TAMS 0x000000071f600000, 0x000000071f600000| Complete 
| 205|0x000000071f800000, 0x000000071fa00000, 0x000000071fa00000|100%| E|CS|TAMS 0x000000071f800000, 0x000000071f800000| Complete 
| 206|0x000000071fa00000, 0x000000071fc00000, 0x000000071fc00000|100%| E|CS|TAMS 0x000000071fa00000, 0x000000071fa00000| Complete 
| 207|0x000000071fc00000, 0x000000071fe00000, 0x000000071fe00000|100%| E|CS|TAMS 0x000000071fc00000, 0x000000071fc00000| Complete 
| 208|0x000000071fe00000, 0x0000000720000000, 0x0000000720000000|100%| E|CS|TAMS 0x000000071fe00000, 0x000000071fe00000| Complete 

Card table byte_map: [0x0000022f20c80000,0x0000022f21460000] _byte_map_base: 0x0000022f1d451000

Marking Bits (Prev, Next): (CMBitMap*) 0x0000022f0d5c0f40, (CMBitMap*) 0x0000022f0d5c0f80
 Prev Bits: [0x0000022f21c40000, 0x0000022f25ac8000)
 Next Bits: [0x0000022f25ad0000, 0x0000022f29958000)

Polling page: 0x0000022f0b560000

Metaspace:

Usage:
  Non-class:     14.48 MB used.
      Class:      1.34 MB used.
       Both:     15.83 MB used.

Virtual space:
  Non-class space:       16.00 MB reserved,      14.62 MB ( 91%) committed,  2 nodes.
      Class space:        1.00 GB reserved,       1.44 MB ( <1%) committed,  1 nodes.
             Both:        1.02 GB reserved,      16.06 MB (  2%) committed. 

Chunk freelists:
   Non-Class:  813.00 KB
       Class:  2.58 MB
        Both:  3.37 MB

MaxMetaspaceSize: unlimited
CompressedClassSpaceSize: 1.00 GB
Initial GC threshold: 21.00 MB
Current GC threshold: 21.00 MB
CDS: off
MetaspaceReclaimPolicy: balanced
 - commit_granule_bytes: 65536.
 - commit_granule_words: 8192.
 - virtual_space_node_default_size: 1048576.
 - enlarge_chunks_in_place: 1.
 - new_chunks_are_fully_committed: 0.
 - uncommit_free_chunks: 1.
 - use_allocation_guard: 0.
 - handle_deallocations: 1.


Internal statistics:

num_allocs_failed_limit: 0.
num_arena_births: 120.
num_arena_deaths: 0.
num_vsnodes_births: 3.
num_vsnodes_deaths: 0.
num_space_committed: 255.
num_space_uncommitted: 0.
num_chunks_returned_to_freelist: 0.
num_chunks_taken_from_freelist: 300.
num_chunk_merges: 0.
num_chunk_splits: 190.
num_chunks_enlarged: 124.
num_purges: 0.
num_inconsistent_stats: 0.

CodeHeap 'non-profiled nmethods': size=119168Kb used=1091Kb max_used=1091Kb free=118076Kb
 bounds [0x0000022f187b0000, 0x0000022f18a20000, 0x0000022f1fc10000]
CodeHeap 'profiled nmethods': size=119104Kb used=3522Kb max_used=3522Kb free=115582Kb
 bounds [0x0000022f11360000, 0x0000022f116e0000, 0x0000022f187b0000]
CodeHeap 'non-nmethods': size=7488Kb used=1654Kb max_used=3375Kb free=5833Kb
 bounds [0x0000022f10c10000, 0x0000022f10f70000, 0x0000022f11360000]
 total_blobs=3042 nmethods=1942 adapters=1013
 compilation: enabled
              stopped_count=0, restarted_count=0
 full_count=0

Compilation events (20 events):
Event: 63.744 Thread 0x0000022f2d4aa010 1932  s    3       java.io.FileDescriptor::attach (73 bytes)
Event: 63.745 Thread 0x0000022f2d4aa010 nmethod 1932 0x0000022f116cca10 code [0x0000022f116ccc40, 0x0000022f116cd768]
Event: 63.746 Thread 0x0000022f2d4aa010 1933       3       jdk.internal.reflect.ClassFileAssembler::emitByte (11 bytes)
Event: 63.746 Thread 0x0000022f2d4aa010 nmethod 1933 0x0000022f116cda90 code [0x0000022f116cdc40, 0x0000022f116cddc8]
Event: 63.746 Thread 0x0000022f2d4aa010 1934       3       jdk.internal.reflect.ByteVectorImpl::add (38 bytes)
Event: 63.746 Thread 0x0000022f2d4aa010 nmethod 1934 0x0000022f116cdf10 code [0x0000022f116ce0c0, 0x0000022f116ce2a8]
Event: 63.747 Thread 0x0000022f2d4aa010 1935       1       sun.util.calendar.CalendarDate::getYear (5 bytes)
Event: 63.747 Thread 0x0000022f2d4aa010 nmethod 1935 0x0000022f188bfc10 code [0x0000022f188bfda0, 0x0000022f188bfe78]
Event: 63.747 Thread 0x0000022f2d4aa010 1936       1       java.util.Calendar::getFirstDayOfWeek (5 bytes)
Event: 63.747 Thread 0x0000022f2d4aa010 nmethod 1936 0x0000022f188bff10 code [0x0000022f188c00a0, 0x0000022f188c0178]
Event: 63.747 Thread 0x0000022f2d4aa010 1937       1       java.util.Calendar::getMinimalDaysInFirstWeek (5 bytes)
Event: 63.747 Thread 0x0000022f2d4aa010 nmethod 1937 0x0000022f188c0210 code [0x0000022f188c03a0, 0x0000022f188c0478]
Event: 63.748 Thread 0x0000022f2d4aa010 1938       3       java.lang.StringUTF16::length (5 bytes)
Event: 63.748 Thread 0x0000022f2d4a77e0 1939       4       java.util.Arrays::copyOf (10 bytes)
Event: 63.748 Thread 0x0000022f2d4aa010 nmethod 1938 0x0000022f116ce410 code [0x0000022f116ce5a0, 0x0000022f116ce698]
Event: 63.749 Thread 0x0000022f2d4aa010 1940       3       java.nio.ByteBuffer::put (69 bytes)
Event: 63.750 Thread 0x0000022f2d4aa010 nmethod 1940 0x0000022f116ce790 code [0x0000022f116ce9a0, 0x0000022f116cf078]
Event: 63.750 Thread 0x0000022f2d4aa010 1941   !   3       java.nio.ByteBuffer::putArray (122 bytes)
Event: 63.750 Thread 0x0000022f2d4a77e0 nmethod 1939 0x0000022f188c0510 code [0x0000022f188c0680, 0x0000022f188c0938]
Event: 63.750 Thread 0x0000022f2d4aa010 nmethod 1941 0x0000022f116cf310 code [0x0000022f116cf580, 0x0000022f116d0178]

GC Heap History (20 events):
Event: 38.256 GC heap before
{Heap before GC invocations=17 (full 0):
 garbage-first heap   total 311296K, used 184737K [0x0000000705e00000, 0x0000000800000000)
  region size 2048K, 36 young (73728K), 1 survivors (2048K)
 Metaspace       used 15935K, committed 16192K, reserved 1064960K
  class space    used 1356K, committed 1472K, reserved 1048576K
}
Event: 38.259 GC heap after
{Heap after GC invocations=18 (full 0):
 garbage-first heap   total 311296K, used 82118K [0x0000000705e00000, 0x0000000800000000)
  region size 2048K, 1 young (2048K), 1 survivors (2048K)
 Metaspace       used 15935K, committed 16192K, reserved 1064960K
  class space    used 1356K, committed 1472K, reserved 1048576K
}
Event: 38.564 GC heap before
{Heap before GC invocations=18 (full 0):
 garbage-first heap   total 311296K, used 166086K [0x0000000705e00000, 0x0000000800000000)
  region size 2048K, 15 young (30720K), 1 survivors (2048K)
 Metaspace       used 15936K, committed 16192K, reserved 1064960K
  class space    used 1356K, committed 1472K, reserved 1048576K
}
Event: 38.565 GC heap after
{Heap after GC invocations=19 (full 0):
 garbage-first heap   total 311296K, used 69816K [0x0000000705e00000, 0x0000000800000000)
  region size 2048K, 1 young (2048K), 1 survivors (2048K)
 Metaspace       used 15936K, committed 16192K, reserved 1064960K
  class space    used 1356K, committed 1472K, reserved 1048576K
}
Event: 38.646 GC heap before
{Heap before GC invocations=19 (full 0):
 garbage-first heap   total 311296K, used 139448K [0x0000000705e00000, 0x0000000800000000)
  region size 2048K, 2 young (4096K), 1 survivors (2048K)
 Metaspace       used 15936K, committed 16192K, reserved 1064960K
  class space    used 1356K, committed 1472K, reserved 1048576K
}
Event: 38.647 GC heap after
{Heap after GC invocations=20 (full 0):
 garbage-first heap   total 311296K, used 102604K [0x0000000705e00000, 0x0000000800000000)
  region size 2048K, 1 young (2048K), 1 survivors (2048K)
 Metaspace       used 15936K, committed 16192K, reserved 1064960K
  class space    used 1356K, committed 1472K, reserved 1048576K
}
Event: 38.673 GC heap before
{Heap before GC invocations=20 (full 0):
 garbage-first heap   total 311296K, used 139468K [0x0000000705e00000, 0x0000000800000000)
  region size 2048K, 2 young (4096K), 1 survivors (2048K)
 Metaspace       used 15936K, committed 16192K, reserved 1064960K
  class space    used 1356K, committed 1472K, reserved 1048576K
}
Event: 38.674 GC heap after
{Heap after GC invocations=21 (full 0):
 garbage-first heap   total 311296K, used 86245K [0x0000000705e00000, 0x0000000800000000)
  region size 2048K, 1 young (2048K), 1 survivors (2048K)
 Metaspace       used 15936K, committed 16192K, reserved 1064960K
  class space    used 1356K, committed 1472K, reserved 1048576K
}
Event: 38.712 GC heap before
{Heap before GC invocations=21 (full 0):
 garbage-first heap   total 311296K, used 139493K [0x0000000705e00000, 0x0000000800000000)
  region size 2048K, 2 young (4096K), 1 survivors (2048K)
 Metaspace       used 15937K, committed 16192K, reserved 1064960K
  class space    used 1356K, committed 1472K, reserved 1048576K
}
Event: 38.713 GC heap after
{Heap after GC invocations=22 (full 0):
 garbage-first heap   total 428032K, used 94401K [0x0000000705e00000, 0x0000000800000000)
  region size 2048K, 1 young (2048K), 1 survivors (2048K)
 Metaspace       used 15937K, committed 16192K, reserved 1064960K
  class space    used 1356K, committed 1472K, reserved 1048576K
}
Event: 52.925 GC heap before
{Heap before GC invocations=22 (full 0):
 garbage-first heap   total 428032K, used 391361K [0x0000000705e00000, 0x0000000800000000)
  region size 2048K, 99 young (202752K), 1 survivors (2048K)
 Metaspace       used 16047K, committed 16192K, reserved 1064960K
  class space    used 1365K, committed 1472K, reserved 1048576K
}
Event: 52.927 GC heap after
{Heap after GC invocations=23 (full 0):
 garbage-first heap   total 428032K, used 125401K [0x0000000705e00000, 0x0000000800000000)
  region size 2048K, 1 young (2048K), 1 survivors (2048K)
 Metaspace       used 16047K, committed 16192K, reserved 1064960K
  class space    used 1365K, committed 1472K, reserved 1048576K
}
Event: 56.709 GC heap before
{Heap before GC invocations=23 (full 0):
 garbage-first heap   total 428032K, used 231897K [0x0000000705e00000, 0x0000000800000000)
  region size 2048K, 21 young (43008K), 1 survivors (2048K)
 Metaspace       used 16055K, committed 16256K, reserved 1064960K
  class space    used 1365K, committed 1472K, reserved 1048576K
}
Event: 56.710 GC heap after
{Heap after GC invocations=24 (full 0):
 garbage-first heap   total 428032K, used 135557K [0x0000000705e00000, 0x0000000800000000)
  region size 2048K, 1 young (2048K), 1 survivors (2048K)
 Metaspace       used 16055K, committed 16256K, reserved 1064960K
  class space    used 1365K, committed 1472K, reserved 1048576K
}
Event: 56.771 GC heap before
{Heap before GC invocations=24 (full 0):
 garbage-first heap   total 428032K, used 192901K [0x0000000705e00000, 0x0000000800000000)
  region size 2048K, 2 young (4096K), 1 survivors (2048K)
 Metaspace       used 16069K, committed 16256K, reserved 1064960K
  class space    used 1365K, committed 1472K, reserved 1048576K
}
Event: 56.772 GC heap after
{Heap after GC invocations=25 (full 0):
 garbage-first heap   total 428032K, used 98695K [0x0000000705e00000, 0x0000000800000000)
  region size 2048K, 1 young (2048K), 1 survivors (2048K)
 Metaspace       used 16069K, committed 16256K, reserved 1064960K
  class space    used 1365K, committed 1472K, reserved 1048576K
}
Event: 56.923 GC heap before
{Heap before GC invocations=25 (full 0):
 garbage-first heap   total 428032K, used 192903K [0x0000000705e00000, 0x0000000800000000)
  region size 2048K, 2 young (4096K), 1 survivors (2048K)
 Metaspace       used 16084K, committed 16320K, reserved 1064960K
  class space    used 1365K, committed 1472K, reserved 1048576K
}
Event: 56.924 GC heap after
{Heap after GC invocations=26 (full 0):
 garbage-first heap   total 428032K, used 117156K [0x0000000705e00000, 0x0000000800000000)
  region size 2048K, 1 young (2048K), 1 survivors (2048K)
 Metaspace       used 16084K, committed 16320K, reserved 1064960K
  class space    used 1365K, committed 1472K, reserved 1048576K
}
Event: 63.770 GC heap before
{Heap before GC invocations=26 (full 0):
 garbage-first heap   total 428032K, used 420260K [0x0000000705e00000, 0x0000000800000000)
  region size 2048K, 117 young (239616K), 1 survivors (2048K)
 Metaspace       used 16205K, committed 16448K, reserved 1064960K
  class space    used 1374K, committed 1472K, reserved 1048576K
}
Event: 63.772 GC heap after
{Heap after GC invocations=27 (full 0):
 garbage-first heap   total 428032K, used 107548K [0x0000000705e00000, 0x0000000800000000)
  region size 2048K, 1 young (2048K), 1 survivors (2048K)
 Metaspace       used 16205K, committed 16448K, reserved 1064960K
  class space    used 1374K, committed 1472K, reserved 1048576K
}

Dll operation events (11 events):
Event: 0.006 Loaded shared library C:\Users\Jeffreys cool PC\.p2\pool\plugins\org.eclipse.justj.openjdk.hotspot.jre.full.win32.x86_64_17.0.5.v20221102-0933\jre\bin\java.dll
Event: 0.089 Loaded shared library C:\Users\Jeffreys cool PC\.p2\pool\plugins\org.eclipse.justj.openjdk.hotspot.jre.full.win32.x86_64_17.0.5.v20221102-0933\jre\bin\net.dll
Event: 0.090 Loaded shared library C:\Users\Jeffreys cool PC\.p2\pool\plugins\org.eclipse.justj.openjdk.hotspot.jre.full.win32.x86_64_17.0.5.v20221102-0933\jre\bin\nio.dll
Event: 0.098 Loaded shared library C:\Users\Jeffreys cool PC\.p2\pool\plugins\org.eclipse.justj.openjdk.hotspot.jre.full.win32.x86_64_17.0.5.v20221102-0933\jre\bin\zip.dll
Event: 0.150 Loaded shared library C:\Users\Jeffreys cool PC\.p2\pool\plugins\org.eclipse.justj.openjdk.hotspot.jre.full.win32.x86_64_17.0.5.v20221102-0933\jre\bin\jimage.dll
Event: 0.170 Loaded shared library C:\Users\Jeffreys cool PC\AppData\Local\Temp\lwjglJeffreys cool PC\3.3.1-build-7\lwjgl.dll
Event: 0.335 Loaded shared library C:\Users\Jeffreys cool PC\AppData\Local\Temp\lwjglJeffreys cool PC\3.3.1-build-7\lwjgl_opengl.dll
Event: 0.449 Loaded shared library C:\Users\Jeffreys cool PC\.p2\pool\plugins\org.eclipse.justj.openjdk.hotspot.jre.full.win32.x86_64_17.0.5.v20221102-0933\jre\bin\awt.dll
Event: 17.028 Loaded shared library C:\Users\Jeffreys cool PC\Downloads\openjfx-20_windows-x64_bin-sdk\javafx-sdk-20\bin\glib-lite.dll
Event: 17.031 Loaded shared library C:\Users\Jeffreys cool PC\Downloads\openjfx-20_windows-x64_bin-sdk\javafx-sdk-20\bin\gstreamer-lite.dll
Event: 17.033 Loaded shared library C:\Users\Jeffreys cool PC\Downloads\openjfx-20_windows-x64_bin-sdk\javafx-sdk-20\bin\jfxmedia.dll

Deoptimization events (20 events):
Event: 48.778 Thread 0x0000022f0d556fd0 DEOPT PACKING pc=0x0000022f1167fc81 sp=0x000000efb7cfe6b0
Event: 48.778 Thread 0x0000022f0d556fd0 DEOPT UNPACKING pc=0x0000022f10c62b43 sp=0x000000efb7cfdb00 mode 0
Event: 48.779 Thread 0x0000022f0d556fd0 DEOPT PACKING pc=0x0000022f1167fbdf sp=0x000000efb7cfe640
Event: 48.779 Thread 0x0000022f0d556fd0 DEOPT UNPACKING pc=0x0000022f10c62b43 sp=0x000000efb7cfda90 mode 0
Event: 48.779 Thread 0x0000022f0d556fd0 DEOPT PACKING pc=0x0000022f1167fc81 sp=0x000000efb7cfe640
Event: 48.779 Thread 0x0000022f0d556fd0 DEOPT UNPACKING pc=0x0000022f10c62b43 sp=0x000000efb7cfda90 mode 0
Event: 48.779 Thread 0x0000022f0d556fd0 DEOPT PACKING pc=0x0000022f1167fbdf sp=0x000000efb7cfe6b0
Event: 48.779 Thread 0x0000022f0d556fd0 DEOPT UNPACKING pc=0x0000022f10c62b43 sp=0x000000efb7cfdb00 mode 0
Event: 48.780 Thread 0x0000022f0d556fd0 DEOPT PACKING pc=0x0000022f1167fbdf sp=0x000000efb7cfe6b0
Event: 48.780 Thread 0x0000022f0d556fd0 DEOPT UNPACKING pc=0x0000022f10c62b43 sp=0x000000efb7cfdb00 mode 0
Event: 48.780 Thread 0x0000022f0d556fd0 DEOPT PACKING pc=0x0000022f1167fc81 sp=0x000000efb7cfe640
Event: 48.780 Thread 0x0000022f0d556fd0 DEOPT UNPACKING pc=0x0000022f10c62b43 sp=0x000000efb7cfda90 mode 0
Event: 48.781 Thread 0x0000022f0d556fd0 DEOPT PACKING pc=0x0000022f1167fc81 sp=0x000000efb7cfe6b0
Event: 48.781 Thread 0x0000022f0d556fd0 DEOPT UNPACKING pc=0x0000022f10c62b43 sp=0x000000efb7cfdb00 mode 0
Event: 48.781 Thread 0x0000022f0d556fd0 DEOPT PACKING pc=0x0000022f1167fc81 sp=0x000000efb7cfe770
Event: 48.781 Thread 0x0000022f0d556fd0 DEOPT UNPACKING pc=0x0000022f10c62b43 sp=0x000000efb7cfdbc0 mode 0
Event: 48.782 Thread 0x0000022f0d556fd0 DEOPT PACKING pc=0x0000022f1167fc81 sp=0x000000efb7cfe640
Event: 48.782 Thread 0x0000022f0d556fd0 DEOPT UNPACKING pc=0x0000022f10c62b43 sp=0x000000efb7cfda90 mode 0
Event: 48.782 Thread 0x0000022f0d556fd0 DEOPT PACKING pc=0x0000022f1167fc81 sp=0x000000efb7cfe640
Event: 48.782 Thread 0x0000022f0d556fd0 DEOPT UNPACKING pc=0x0000022f10c62b43 sp=0x000000efb7cfda90 mode 0

Classes unloaded (0 events):
No events

Classes redefined (0 events):
No events

Internal exceptions (20 events):
Event: 57.017 Thread 0x0000022f0d556fd0 Implicit null exception at 0x0000022f115953df to 0x0000022f11595664
Event: 57.017 Thread 0x0000022f0d556fd0 Exception <a 'java/lang/NullPointerException'{0x000000071fe781a0}> (0x000000071fe781a0) 
thrown [s\src\hotspot\share\runtime\sharedRuntime.cpp, line 628]
Event: 57.017 Thread 0x0000022f0d556fd0 Implicit null exception at 0x0000022f115953df to 0x0000022f11595664
Event: 57.017 Thread 0x0000022f0d556fd0 Exception <a 'java/lang/NullPointerException'{0x000000071fe78850}> (0x000000071fe78850) 
thrown [s\src\hotspot\share\runtime\sharedRuntime.cpp, line 628]
Event: 57.766 Thread 0x0000022f0d556fd0 Implicit null exception at 0x0000022f115953df to 0x0000022f11595664
Event: 57.766 Thread 0x0000022f0d556fd0 Exception <a 'java/lang/NullPointerException'{0x000000071f879e28}> (0x000000071f879e28) 
thrown [s\src\hotspot\share\runtime\sharedRuntime.cpp, line 628]
Event: 58.899 Thread 0x0000022f0d556fd0 Implicit null exception at 0x0000022f115953df to 0x0000022f11595664
Event: 58.899 Thread 0x0000022f0d556fd0 Exception <a 'java/lang/NullPointerException'{0x000000071f9cc0e0}> (0x000000071f9cc0e0) 
thrown [s\src\hotspot\share\runtime\sharedRuntime.cpp, line 628]
Event: 59.852 Thread 0x0000022f0d556fd0 Implicit null exception at 0x0000022f115953df to 0x0000022f11595664
Event: 59.852 Thread 0x0000022f0d556fd0 Exception <a 'java/lang/NullPointerException'{0x000000071cef0a28}> (0x000000071cef0a28) 
thrown [s\src\hotspot\share\runtime\sharedRuntime.cpp, line 628]
Event: 60.953 Thread 0x0000022f0d556fd0 Implicit null exception at 0x0000022f115953df to 0x0000022f11595664
Event: 60.953 Thread 0x0000022f0d556fd0 Exception <a 'java/lang/NullPointerException'{0x000000071965bd88}> (0x000000071965bd88) 
thrown [s\src\hotspot\share\runtime\sharedRuntime.cpp, line 628]
Event: 61.793 Thread 0x0000022f0d556fd0 Implicit null exception at 0x0000022f115953df to 0x0000022f11595664
Event: 61.793 Thread 0x0000022f0d556fd0 Exception <a 'java/lang/NullPointerException'{0x000000071228d750}> (0x000000071228d750) 
thrown [s\src\hotspot\share\runtime\sharedRuntime.cpp, line 628]
Event: 62.829 Thread 0x0000022f0d556fd0 Implicit null exception at 0x0000022f115953df to 0x0000022f11595664
Event: 62.829 Thread 0x0000022f0d556fd0 Exception <a 'java/lang/NullPointerException'{0x000000070fa10368}> (0x000000070fa10368) 
thrown [s\src\hotspot\share\runtime\sharedRuntime.cpp, line 628]
Event: 63.732 Thread 0x0000022f0d556fd0 Implicit null exception at 0x0000022f115953df to 0x0000022f11595664
Event: 63.732 Thread 0x0000022f0d556fd0 Exception <a 'java/lang/NullPointerException'{0x000000070f888e28}> (0x000000070f888e28) 
thrown [s\src\hotspot\share\runtime\sharedRuntime.cpp, line 628]
Event: 63.732 Thread 0x0000022f0d556fd0 Implicit null exception at 0x0000022f115953df to 0x0000022f11595664
Event: 63.732 Thread 0x0000022f0d556fd0 Exception <a 'java/lang/NullPointerException'{0x000000070f8893b8}> (0x000000070f8893b8) 
thrown [s\src\hotspot\share\runtime\sharedRuntime.cpp, line 628]

VM Operations (20 events):
Event: 41.717 Executing VM operation: Cleanup
Event: 41.718 Executing VM operation: Cleanup done
Event: 48.742 Executing VM operation: Cleanup
Event: 48.742 Executing VM operation: Cleanup done
Event: 52.925 Executing VM operation: G1TryInitiateConcMark
Event: 52.927 Executing VM operation: G1TryInitiateConcMark done
Event: 54.937 Executing VM operation: Cleanup
Event: 54.937 Executing VM operation: Cleanup done
Event: 56.709 Executing VM operation: G1TryInitiateConcMark
Event: 56.710 Executing VM operation: G1TryInitiateConcMark done
Event: 56.771 Executing VM operation: G1TryInitiateConcMark
Event: 56.772 Executing VM operation: G1TryInitiateConcMark done
Event: 56.923 Executing VM operation: G1TryInitiateConcMark
Event: 56.924 Executing VM operation: G1TryInitiateConcMark done
Event: 57.925 Executing VM operation: Cleanup
Event: 57.925 Executing VM operation: Cleanup done
Event: 58.925 Executing VM operation: Cleanup
Event: 58.925 Executing VM operation: Cleanup done
Event: 63.770 Executing VM operation: G1CollectForAllocation
Event: 63.772 Executing VM operation: G1CollectForAllocation done

Events (20 events):
Event: 63.759 Thread 0x0000022f39436660 Thread added: 0x0000022f39436660
Event: 63.759 Thread 0x0000022f39436660 Thread exited: 0x0000022f39436660
Event: 63.759 Thread 0x0000022f39436b30 Thread added: 0x0000022f39436b30
Event: 63.759 Thread 0x0000022f39436b30 Thread exited: 0x0000022f39436b30
Event: 63.759 Thread 0x0000022f39435cc0 Thread added: 0x0000022f39435cc0
Event: 63.759 Thread 0x0000022f39435cc0 Thread exited: 0x0000022f39435cc0
Event: 63.759 Thread 0x0000022f39436b30 Thread added: 0x0000022f39436b30
Event: 63.759 Thread 0x0000022f39436b30 Thread exited: 0x0000022f39436b30
Event: 63.759 Thread 0x0000022f39436b30 Thread added: 0x0000022f39436b30
Event: 63.759 Thread 0x0000022f39436b30 Thread exited: 0x0000022f39436b30
Event: 63.759 Thread 0x0000022f39435cc0 Thread added: 0x0000022f39435cc0
Event: 63.759 Thread 0x0000022f39435cc0 Thread exited: 0x0000022f39435cc0
Event: 63.760 Thread 0x0000022f39435320 Thread added: 0x0000022f39435320
Event: 63.760 Thread 0x0000022f39435320 Thread exited: 0x0000022f39435320
Event: 63.770 Thread 0x0000022f39436660 Thread added: 0x0000022f39436660
Event: 63.770 Thread 0x0000022f39436b30 Thread added: 0x0000022f39436b30
Event: 63.770 Thread 0x0000022f39436660 Thread exited: 0x0000022f39436660
Event: 63.770 Thread 0x0000022f39436b30 Thread exited: 0x0000022f39436b30
Event: 63.770 Thread 0x0000022f39436660 Thread added: 0x0000022f39436660
Event: 63.772 Thread 0x0000022f39436660 Thread exited: 0x0000022f39436660


Dynamic libraries:
0x00007ff68f0c0000 - 0x00007ff68f0ce000 	C:\Users\Jeffreys cool PC\.p2\pool\plugins\org.eclipse.justj.openjdk.hotspot.jre.full.win32.x86_64_17.0.5.v20221102-0933\jre\bin\javaw.exe
0x00007ffbad610000 - 0x00007ffbad808000 	C:\Windows\SYSTEM32\ntdll.dll
0x00007ffbacf40000 - 0x00007ffbacfff000 	C:\Windows\System32\KERNEL32.DLL
0x00007ffbaafd0000 - 0x00007ffbab2a2000 	C:\Windows\System32\KERNELBASE.dll
0x00007ffbaad10000 - 0x00007ffbaae10000 	C:\Windows\System32\ucrtbase.dll
0x00007ffb8e2b0000 - 0x00007ffb8e2c7000 	C:\Users\Jeffreys cool PC\.p2\pool\plugins\org.eclipse.justj.openjdk.hotspot.jre.full.win32.x86_64_17.0.5.v20221102-0933\jre\bin\jli.dll
0x00007ffb8e130000 - 0x00007ffb8e149000 	C:\Users\Jeffreys cool PC\.p2\pool\plugins\org.eclipse.justj.openjdk.hotspot.jre.full.win32.x86_64_17.0.5.v20221102-0933\jre\bin\VCRUNTIME140.dll
0x00007ffbad000000 - 0x00007ffbad1a1000 	C:\Windows\System32\USER32.dll
0x00007ffb990f0000 - 0x00007ffb9938a000 	C:\Windows\WinSxS\amd64_microsoft.windows.common-controls_6595b64144ccf1df_6.0.19041.1110_none_60b5254171f9507e\COMCTL32.dll
0x00007ffbace00000 - 0x00007ffbace9e000 	C:\Windows\System32\msvcrt.dll
0x00007ffbab4a0000 - 0x00007ffbab4c2000 	C:\Windows\System32\win32u.dll
0x00007ffbac2f0000 - 0x00007ffbac31b000 	C:\Windows\System32\GDI32.dll
0x00007ffbaae10000 - 0x00007ffbaaf1f000 	C:\Windows\System32\gdi32full.dll
0x00007ffbab340000 - 0x00007ffbab3dd000 	C:\Windows\System32\msvcp_win.dll
0x00007ffbabb10000 - 0x00007ffbabb40000 	C:\Windows\System32\IMM32.DLL
0x00007ffb988e0000 - 0x00007ffb988ec000 	C:\Users\Jeffreys cool PC\.p2\pool\plugins\org.eclipse.justj.openjdk.hotspot.jre.full.win32.x86_64_17.0.5.v20221102-0933\jre\bin\vcruntime140_1.dll
0x00007ffb6e520000 - 0x00007ffb6e5b1000 	C:\Users\Jeffreys cool PC\.p2\pool\plugins\org.eclipse.justj.openjdk.hotspot.jre.full.win32.x86_64_17.0.5.v20221102-0933\jre\bin\msvcp140.dll
0x00007ffb06e60000 - 0x00007ffb07aa4000 	C:\Users\Jeffreys cool PC\.p2\pool\plugins\org.eclipse.justj.openjdk.hotspot.jre.full.win32.x86_64_17.0.5.v20221102-0933\jre\bin\server\jvm.dll
0x00007ffbaccc0000 - 0x00007ffbacd6e000 	C:\Windows\System32\ADVAPI32.dll
0x00007ffbacea0000 - 0x00007ffbacf3c000 	C:\Windows\System32\sechost.dll
0x00007ffbacb90000 - 0x00007ffbaccb4000 	C:\Windows\System32\RPCRT4.dll
0x00007ffb9ce00000 - 0x00007ffb9ce09000 	C:\Windows\SYSTEM32\WSOCK32.dll
0x00007ffbabc20000 - 0x00007ffbabc8b000 	C:\Windows\System32\WS2_32.dll
0x00007ffb9d9d0000 - 0x00007ffb9d9f7000 	C:\Windows\SYSTEM32\WINMM.dll
0x00007ffba3070000 - 0x00007ffba307a000 	C:\Windows\SYSTEM32\VERSION.dll
0x00007ffba9540000 - 0x00007ffba9552000 	C:\Windows\SYSTEM32\kernel.appcore.dll
0x00007ffba6f30000 - 0x00007ffba6f3a000 	C:\Users\Jeffreys cool PC\.p2\pool\plugins\org.eclipse.justj.openjdk.hotspot.jre.full.win32.x86_64_17.0.5.v20221102-0933\jre\bin\jimage.dll
0x00007ffba88e0000 - 0x00007ffba8ac4000 	C:\Windows\SYSTEM32\DBGHELP.DLL
0x00007ffba0740000 - 0x00007ffba0775000 	C:\Windows\SYSTEM32\dbgcore.DLL
0x00007ffbab2b0000 - 0x00007ffbab332000 	C:\Windows\System32\bcryptPrimitives.dll
0x00007ffb82c30000 - 0x00007ffb82c55000 	C:\Users\Jeffreys cool PC\.p2\pool\plugins\org.eclipse.justj.openjdk.hotspot.jre.full.win32.x86_64_17.0.5.v20221102-0933\jre\bin\java.dll
0x00007ffba53e0000 - 0x00007ffba53f8000 	C:\Users\Jeffreys cool PC\.p2\pool\plugins\org.eclipse.justj.openjdk.hotspot.jre.full.win32.x86_64_17.0.5.v20221102-0933\jre\bin\zip.dll
0x00007ffbac440000 - 0x00007ffbacb85000 	C:\Windows\System32\SHELL32.dll
0x00007ffba8d90000 - 0x00007ffba9522000 	C:\Windows\SYSTEM32\windows.storage.dll
0x00007ffbad1c0000 - 0x00007ffbad515000 	C:\Windows\System32\combase.dll
0x00007ffbaa770000 - 0x00007ffbaa7a0000 	C:\Windows\SYSTEM32\Wldp.dll
0x00007ffbabd60000 - 0x00007ffbabe0d000 	C:\Windows\System32\SHCORE.dll
0x00007ffbabb40000 - 0x00007ffbabb95000 	C:\Windows\System32\shlwapi.dll
0x00007ffbaac50000 - 0x00007ffbaac6f000 	C:\Windows\SYSTEM32\profapi.dll
0x00007ffba48e0000 - 0x00007ffba48f9000 	C:\Users\Jeffreys cool PC\.p2\pool\plugins\org.eclipse.justj.openjdk.hotspot.jre.full.win32.x86_64_17.0.5.v20221102-0933\jre\bin\net.dll
0x00007ffba5750000 - 0x00007ffba585a000 	C:\Windows\SYSTEM32\WINHTTP.dll
0x00007ffbaa4d0000 - 0x00007ffbaa53a000 	C:\Windows\system32\mswsock.dll
0x00007ffb82c10000 - 0x00007ffb82c25000 	C:\Users\Jeffreys cool PC\.p2\pool\plugins\org.eclipse.justj.openjdk.hotspot.jre.full.win32.x86_64_17.0.5.v20221102-0933\jre\bin\nio.dll
0x00007ffb7cc50000 - 0x00007ffb7ccc5000 	C:\Users\Jeffreys cool PC\AppData\Local\Temp\lwjglJeffreys cool PC\3.3.1-build-7\lwjgl.dll
0x00007ffb5de70000 - 0x00007ffb5e0c9000 	C:\Users\JEFFRE~1\AppData\Local\Temp\lwjglJeffreys cool PC\3.3.1-build-7\jemalloc.dll
0x00007ffb71e60000 - 0x00007ffb71ec1000 	C:\Users\JEFFRE~1\AppData\Local\Temp\lwjglJeffreys cool PC\3.3.1-build-7\glfw.dll
0x00007ffb7d8c0000 - 0x00007ffb7d905000 	C:\Windows\SYSTEM32\dinput8.dll
0x00007ffb49290000 - 0x00007ffb492a1000 	C:\Windows\SYSTEM32\xinput1_4.dll
0x00007ffbab3e0000 - 0x00007ffbab42e000 	C:\Windows\System32\cfgmgr32.dll
0x00007ffbaaac0000 - 0x00007ffbaaaec000 	C:\Windows\SYSTEM32\DEVOBJ.dll
0x00007ffba86a0000 - 0x00007ffba86cf000 	C:\Windows\SYSTEM32\dwmapi.dll
0x00007ffb927d0000 - 0x00007ffb92922000 	C:\Windows\SYSTEM32\inputhost.dll
0x00007ffbabc90000 - 0x00007ffbabd5d000 	C:\Windows\System32\OLEAUT32.dll
0x00007ffba6820000 - 0x00007ffba6b7e000 	C:\Windows\SYSTEM32\CoreUIComponents.dll
0x00007ffba6fe0000 - 0x00007ffba70d2000 	C:\Windows\SYSTEM32\CoreMessaging.dll
0x00007ffba7980000 - 0x00007ffba7a76000 	C:\Windows\SYSTEM32\PROPSYS.dll
0x00007ffba7100000 - 0x00007ffba7254000 	C:\Windows\SYSTEM32\wintypes.dll
0x00007ffba9e80000 - 0x00007ffba9eb3000 	C:\Windows\SYSTEM32\ntmarta.dll
0x00007ffba7ed0000 - 0x00007ffba7f6e000 	C:\Windows\system32\uxtheme.dll
0x00007ffbac320000 - 0x00007ffbac434000 	C:\Windows\System32\MSCTF.dll
0x00007ffb393b0000 - 0x00007ffb394d5000 	C:\Windows\SYSTEM32\opengl32.dll
0x00007ffb83ca0000 - 0x00007ffb83ccc000 	C:\Windows\SYSTEM32\GLU32.dll
0x00007ffbad520000 - 0x00007ffbad5c9000 	C:\Windows\System32\clbcatq.dll
0x00007ffb083d0000 - 0x00007ffb093db000 	C:\Windows\System32\DriverStore\FileRepository\iigd_dch.inf_amd64_e04d20469f199b2b\igxelpicd64.dll
0x00007ffbab660000 - 0x00007ffbab78a000 	C:\Windows\System32\ole32.dll
0x00007ffba95b0000 - 0x00007ffba96a3000 	C:\Windows\system32\dxgi.dll
0x00007ffb48d90000 - 0x00007ffb4907e000 	C:\Windows\System32\DriverStore\FileRepository\iigd_dch.inf_amd64_e04d20469f199b2b\igdml64.dll
0x00007ffb844c0000 - 0x00007ffb84888000 	C:\Windows\System32\DriverStore\FileRepository\iigd_dch.inf_amd64_e04d20469f199b2b\igdgmm64.dll
0x00007ffb7dfa0000 - 0x00007ffb815a5000 	C:\Windows\System32\DriverStore\FileRepository\iigd_dch.inf_amd64_e04d20469f199b2b\igc64.dll
0x00007ffbaa2e0000 - 0x00007ffbaa32b000 	C:\Windows\SYSTEM32\powrprof.dll
0x00007ffbaa150000 - 0x00007ffbaa162000 	C:\Windows\SYSTEM32\UMPDC.dll
0x00007ffb99a90000 - 0x00007ffb99b89000 	C:\Windows\SYSTEM32\textinputframework.dll
0x00007ffb71390000 - 0x00007ffb713ed000 	C:\Users\Jeffreys cool PC\AppData\Local\Temp\lwjglJeffreys cool PC\3.3.1-build-7\lwjgl_opengl.dll
0x00007ffb66ec0000 - 0x00007ffb6704e000 	C:\Users\Jeffreys cool PC\.p2\pool\plugins\org.eclipse.justj.openjdk.hotspot.jre.full.win32.x86_64_17.0.5.v20221102-0933\jre\bin\awt.dll
0x00007ffba7770000 - 0x00007ffba7800000 	C:\Windows\SYSTEM32\apphelp.dll
0x00007ffb70bf0000 - 0x00007ffb70c8f000 	C:\Users\Jeffreys cool PC\Downloads\openjfx-20_windows-x64_bin-sdk\javafx-sdk-20\bin\glib-lite.dll
0x00007ffb657c0000 - 0x00007ffb658ae000 	C:\Users\Jeffreys cool PC\Downloads\openjfx-20_windows-x64_bin-sdk\javafx-sdk-20\bin\gstreamer-lite.dll
0x00007ffb7c5d0000 - 0x00007ffb7c66c000 	C:\Windows\SYSTEM32\DSOUND.dll
0x00007ffb9db50000 - 0x00007ffb9db76000 	C:\Windows\SYSTEM32\winmmbase.dll
0x00007ffb7d9e0000 - 0x00007ffb7da04000 	C:\Users\Jeffreys cool PC\Downloads\openjfx-20_windows-x64_bin-sdk\javafx-sdk-20\bin\jfxmedia.dll
0x00007ffb7c830000 - 0x00007ffb7c854000 	C:\Users\Jeffreys cool PC\Downloads\openjfx-20_windows-x64_bin-sdk\javafx-sdk-20\bin\fxplugins.dll
0x00007ffba3f10000 - 0x00007ffba40cc000 	C:\Windows\SYSTEM32\MFPlat.DLL
0x00007ffba3de0000 - 0x00007ffba3e14000 	C:\Windows\SYSTEM32\RTWorkQ.DLL
0x00007ffba3340000 - 0x00007ffba33c5000 	C:\Windows\System32\MMDevApi.dll
0x00007ffba3480000 - 0x00007ffba3602000 	C:\Windows\SYSTEM32\AUDIOSES.DLL
0x00007ffba83c0000 - 0x00007ffba83d4000 	C:\Windows\SYSTEM32\resourcepolicyclient.dll
0x00007ffbaa6c0000 - 0x00007ffbaa6cc000 	C:\Windows\SYSTEM32\CRYPTBASE.DLL
0x00007ffba4d60000 - 0x00007ffba4d6a000 	C:\Windows\SYSTEM32\avrt.dll
0x00007ffb88b20000 - 0x00007ffb88c61000 	C:\Windows\System32\Windows.UI.dll
0x00007ffba3e60000 - 0x00007ffba3f01000 	C:\Windows\System32\WindowManagementAPI.dll
0x00007ffba3be0000 - 0x00007ffba3de0000 	C:\Windows\System32\twinapi.appcore.dll

dbghelp: loaded successfully - version: 4.0.5 - missing functions: none
symbol engine: initialized successfully - sym options: 0x614 - pdb path: .;C:\Users\Jeffreys cool PC\.p2\pool\plugins\org.eclipse.justj.openjdk.hotspot.jre.full.win32.x86_64_17.0.5.v20221102-0933\jre\bin;C:\Windows\SYSTEM32;C:\Windows\WinSxS\amd64_microsoft.windows.common-controls_6595b64144ccf1df_6.0.19041.1110_none_60b5254171f9507e;C:\Users\Jeffreys cool PC\.p2\pool\plugins\org.eclipse.justj.openjdk.hotspot.jre.full.win32.x86_64_17.0.5.v20221102-0933\jre\bin\server;C:\Users\Jeffreys cool PC\AppData\Local\Temp\lwjglJeffreys cool PC\3.3.1-build-7;C:\Users\JEFFRE~1\AppData\Local\Temp\lwjglJeffreys cool PC\3.3.1-build-7;C:\Windows\System32\DriverStore\FileRepository\iigd_dch.inf_amd64_e04d20469f199b2b;C:\Users\Jeffreys cool PC\Downloads\openjfx-20_windows-x64_bin-sdk\javafx-sdk-20\bin

VM Arguments:
jvm_args: -Dfile.encoding=UTF-8 -XX:+ShowCodeDetailsInExceptionMessages 
java_command: engine.GameLoop
java_class_path (initial): C:\Users\Jeffreys cool PC\eclipse-workspace\KingCoolean\bin;C:\Users\Jeffreys cool PC\Downloads\lwjgl-release-3.3.1-custom_1\lwjgl.jar;C:\Users\Jeffreys cool PC\Downloads\lwjgl-release-3.3.1-custom_1\lwjgl-assimp.jar;C:\Users\Jeffreys cool PC\Downloads\lwjgl-release-3.3.1-custom_1\lwjgl-assimp-javadoc.jar;C:\Users\Jeffreys cool PC\Downloads\lwjgl-release-3.3.1-custom_1\lwjgl-assimp-natives-windows.jar;C:\Users\Jeffreys cool PC\Downloads\lwjgl-release-3.3.1-custom_1\lwjgl-assimp-sources.jar;C:\Users\Jeffreys cool PC\Downloads\lwjgl-release-3.3.1-custom_1\lwjgl-glfw.jar;C:\Users\Jeffreys cool PC\Downloads\lwjgl-release-3.3.1-custom_1\lwjgl-glfw-javadoc.jar;C:\Users\Jeffreys cool PC\Downloads\lwjgl-release-3.3.1-custom_1\lwjgl-glfw-natives-windows.jar;C:\Users\Jeffreys cool PC\Downloads\lwjgl-release-3.3.1-custom_1\lwjgl-glfw-sources.jar;C:\Users\Jeffreys cool PC\Downloads\lwjgl-release-3.3.1-custom_1\lwjgl-javadoc.jar;C:\Users\Jeffreys cool PC\Downloads\lwjgl-release-3.3.1-custom_1\lwjgl-jawt.jar;C:\Users\Jeffreys cool PC\Downloads\lwjgl-release-3.3.1-custom_1\lwjgl-jawt-javadoc.jar;C:\Users\Jeffreys cool PC\Downloads\lwjgl-release-3.3.1-custom_1\lwjgl-jawt-sources.jar;C:\Users\Jeffreys cool PC\Downloads\lwjgl-release-3.3.1-custom_1\lwjgl-jemalloc.jar;C:\Users\Jeffreys cool PC\Downloads\lwjgl-release-3.3.1-custom_1\lwjgl-jemalloc-javadoc.jar;C:\Users\Jeffreys cool PC\Downloads\lwjgl-release-3.3.1-custom_1\lwjgl-jemalloc-natives-windows.jar;C:\Users\Jeffreys cool PC\Downloads\lwjgl-release-3.3.1-custom_1\lwjgl-jemalloc-sources.jar;C:\Users\Jeffreys cool PC\Downloads\lwjgl-release-3.3.1-custom_1\lwjgl-natives-windows.jar;C:\Users\Jeffreys cool PC\Downloads\lwjgl-release-3.3.1-custom_1\lwjgl-openal.jar;C:\Users\Jeffreys cool PC\Downloads\lwjgl-release-3.3.1-custom_1\lwjgl-openal-javadoc.jar;C:\Users\Jeffreys cool PC\Downloads\lwjgl-release-3.3.1-custom_1\lwjgl-openal-natives-windows.jar;C:\Users\Jeffreys cool PC\Downloads\lwjgl-release-3.3.1-
Launcher Type: SUN_STANDARD

[Global flags]
     intx CICompilerCount                          = 12                                        {product} {ergonomic}
     uint ConcGCThreads                            = 3                                         {product} {ergonomic}
     uint G1ConcRefinementThreads                  = 13                                        {product} {ergonomic}
   size_t G1HeapRegionSize                         = 2097152                                   {product} {ergonomic}
    uintx GCDrainStackTargetSize                   = 64                                        {product} {ergonomic}
   size_t InitialHeapSize                          = 264241152                                 {product} {ergonomic}
   size_t MarkStackSize                            = 4194304                                   {product} {ergonomic}
   size_t MaxHeapSize                              = 4196401152                                {product} {ergonomic}
   size_t MaxNewSize                               = 2516582400                                {product} {ergonomic}
   size_t MinHeapDeltaBytes                        = 2097152                                   {product} {ergonomic}
   size_t MinHeapSize                              = 8388608                                   {product} {ergonomic}
    uintx NonNMethodCodeHeapSize                   = 7602480                                {pd product} {ergonomic}
    uintx NonProfiledCodeHeapSize                  = 122027880                              {pd product} {ergonomic}
    uintx ProfiledCodeHeapSize                     = 122027880                              {pd product} {ergonomic}
    uintx ReservedCodeCacheSize                    = 251658240                              {pd product} {ergonomic}
     bool SegmentedCodeCache                       = true                                      {product} {ergonomic}
     bool ShowCodeDetailsInExceptionMessages       = true                                   {manageable} {command line}
   size_t SoftMaxHeapSize                          = 4196401152                             {manageable} {ergonomic}
     bool UseCompressedClassPointers               = true                           {product lp64_product} {ergonomic}
     bool UseCompressedOops                        = true                           {product lp64_product} {ergonomic}
     bool UseG1GC                                  = true                                      {product} {ergonomic}
     bool UseLargePagesIndividualAllocation        = false                                  {pd product} {ergonomic}

Logging:
Log output configuration:
 #0: stdout all=warning uptime,level,tags
 #1: stderr all=off uptime,level,tags

Environment Variables:
PATH=C:/Users/Jeffreys cool PC/.p2/pool/plugins/org.eclipse.justj.openjdk.hotspot.jre.full.win32.x86_64_17.0.5.v20221102-0933/jre/bin/server;C:/Users/Jeffreys cool PC/.p2/pool/plugins/org.eclipse.justj.openjdk.hotspot.jre.full.win32.x86_64_17.0.5.v20221102-0933/jre/bin;C:\Program Files\Common Files\Oracle\Java\javapath;C:\Windows\system32;C:\Windows;C:\Windows\System32\Wbem;C:\Windows\System32\WindowsPowerShell\v1.0\;C:\Windows\System32\OpenSSH\;C:\Program Files\NVIDIA Corporation\NVIDIA NvDLISR;C:\Program Files (x86)\NVIDIA Corporation\PhysX\Common;C:\Program Files\dotnet\;C:\Program Files\Git\cmd;C:\Users\Jeffreys cool PC\AppData\Local\Microsoft\WindowsApps;C:\Users\Jeffreys cool PC\.dotnet\tools;C:\Users\Jeffreys cool PC\AppData\Local\Programs\Microsoft VS Code\bin;C:\Users\Jeffreys cool PC\eclipse\java-2022-12\eclipse;
USERNAME=Jeffreys cool PC
OS=Windows_NT
PROCESSOR_IDENTIFIER=Intel64 Family 6 Model 154 Stepping 3, GenuineIntel
TMP=C:\Users\JEFFRE~1\AppData\Local\Temp
TEMP=C:\Users\JEFFRE~1\AppData\Local\Temp



---------------  S Y S T E M  ---------------

OS:
 Windows 10 , 64 bit Build 19041 (10.0.19041.2546)
OS uptime: 10 days 3:02 hours
Hyper-V role detected

CPU: total 16 (initial active 16) (8 cores per cpu, 2 threads per core) family 6 model 154 stepping 3 microcode 0x41c, cx8, cmov, fxsr, ht, mmx, 3dnowpref, sse, sse2, sse3, ssse3, sse4.1, sse4.2, popcnt, lzcnt, tsc, tscinvbit, avx, avx2, aes, erms, clmul, bmi1, bmi2, adx, sha, fma, vzeroupper, clflush, clflushopt, clwb, hv

Memory: 4k page, system-wide physical 16005M (4451M free)
TotalPageFile size 31986M (AvailPageFile size 5331M)
current process WorkingSet (physical memory assigned to process): 1044M, peak: 1062M
current process commit charge ("private bytes"): 1139M, peak: 1157M

vm_info: OpenJDK 64-Bit Server VM (17.0.5+8) for windows-amd64 JRE (17.0.5+8), built on Oct 19 2022 04:48:13 by "temurin" with MS VC++ 16.7 (VS2019)

END.
